[33mCMake Warning (dev) at CMakeLists.txt:15:
  Syntax Warning in cmake code at column 26

  Argument not separated from preceding token by whitespace.
This warning is for project developers.  Use -Wno-dev to suppress it.
[0m
[33mCMake Warning (dev) at CMakeLists.txt:16:
  Syntax Warning in cmake code at column 30

  Argument not separated from preceding token by whitespace.
This warning is for project developers.  Use -Wno-dev to suppress it.
[0m
[33mCMake Warning (dev) at CMakeLists.txt:17:
  Syntax Warning in cmake code at column 22

  Argument not separated from preceding token by whitespace.
This warning is for project developers.  Use -Wno-dev to suppress it.
[0m
[31mCMake Error at /opt/ros/humble/share/rosidl_cmake/cmake/rosidl_generate_interfaces.cmake:93 (message):
  rosidl_generate_interfaces() the passed file ',' doesn't exist relative to
  the CMAKE_CURRENT_SOURCE_DIR
  '/home/user/franka-docker/franka_ws/src/franky_msgs'
Call Stack (most recent call first):
  CMakeLists.txt:30 (rosidl_generate_interfaces)

[0m
