[0.008s] Invoking command in '/home/user/franka-docker/franka_ws/build/franky_msgs': CMAKE_PREFIX_PATH=${CMAKE_PREFIX_PATH}:/home/user/franka-docker/franka_ws/install/franky_ros:/opt/ros/humble /usr/bin/cmake /home/user/franka-docker/franka_ws/src/franky_msgs -DAMENT_CMAKE_SYMLINK_INSTALL=1 -DCMAKE_INSTALL_PREFIX=/home/user/franka-docker/franka_ws/install/franky_msgs
[0.011s] [33mCMake Warning (dev) at CMakeLists.txt:15:
[0.011s]   Syntax Warning in cmake code at column 26
[0.011s] 
[0.011s]   Argument not separated from preceding token by whitespace.
[0.011s] This warning is for project developers.  Use -Wno-dev to suppress it.
[0.011s] [0m
[0.011s] [33mCMake Warning (dev) at CMakeLists.txt:16:
[0.011s]   Syntax Warning in cmake code at column 30
[0.011s] 
[0.011s]   Argument not separated from preceding token by whitespace.
[0.011s] This warning is for project developers.  Use -Wno-dev to suppress it.
[0.011s] [0m
[0.011s] [33mCMake Warning (dev) at CMakeLists.txt:17:
[0.011s]   Syntax Warning in cmake code at column 22
[0.011s] 
[0.011s]   Argument not separated from preceding token by whitespace.
[0.011s] This warning is for project developers.  Use -Wno-dev to suppress it.
[0.011s] [0m
[0.013s] -- Found ament_cmake: 1.3.12 (/opt/ros/humble/share/ament_cmake/cmake)
[0.068s] -- Override CMake install command with custom implementation using symlinks instead of copying resources
[0.071s] -- Found rosidl_default_generators: 1.2.0 (/opt/ros/humble/share/rosidl_default_generators/cmake)
[0.071s] -- Using all available rosidl_typesupport_c: rosidl_typesupport_fastrtps_c;rosidl_typesupport_introspection_c
[0.072s] -- Found rosidl_adapter: 3.1.7 (/opt/ros/humble/share/rosidl_adapter/cmake)
[0.084s] -- Using all available rosidl_typesupport_cpp: rosidl_typesupport_fastrtps_cpp;rosidl_typesupport_introspection_cpp
[0.093s] -- Found action_msgs: 1.2.2 (/opt/ros/humble/share/action_msgs/cmake)
[0.105s] -- Found geometry_msgs: 4.9.0 (/opt/ros/humble/share/geometry_msgs/cmake)
[0.115s] [31mCMake Error at /opt/ros/humble/share/rosidl_cmake/cmake/rosidl_generate_interfaces.cmake:93 (message):
[0.115s]   rosidl_generate_interfaces() the passed file ',' doesn't exist relative to
[0.115s]   the CMAKE_CURRENT_SOURCE_DIR
[0.115s]   '/home/user/franka-docker/franka_ws/src/franky_msgs'
[0.115s] Call Stack (most recent call first):
[0.115s]   CMakeLists.txt:30 (rosidl_generate_interfaces)
[0.115s] 
[0.115s] [0m
[0.115s] -- Configuring incomplete, errors occurred!
[0.115s] See also "/home/user/franka-docker/franka_ws/build/franky_msgs/CMakeFiles/CMakeOutput.log".
[0.118s] Invoked command in '/home/user/franka-docker/franka_ws/build/franky_msgs' returned '1': CMAKE_PREFIX_PATH=${CMAKE_PREFIX_PATH}:/home/user/franka-docker/franka_ws/install/franky_ros:/opt/ros/humble /usr/bin/cmake /home/user/franka-docker/franka_ws/src/franky_msgs -DAMENT_CMAKE_SYMLINK_INSTALL=1 -DCMAKE_INSTALL_PREFIX=/home/user/franka-docker/franka_ws/install/franky_msgs
