[0.009s] Invoking command in '/home/user/franka-docker/franka_ws/build/franky_msgs': CMAKE_PREFIX_PATH=${CMAKE_PREFIX_PATH}:/home/user/franka-docker/franka_ws/install/franky_ros:/opt/ros/humble /usr/bin/cmake --build /home/user/franka-docker/franka_ws/build/franky_msgs -- -j24 -l24
[0.022s] -- Found ament_cmake: 1.3.12 (/opt/ros/humble/share/ament_cmake/cmake)
[0.086s] -- Override CMake install command with custom implementation using symlinks instead of copying resources
[0.089s] -- Found rosidl_default_generators: 1.2.0 (/opt/ros/humble/share/rosidl_default_generators/cmake)
[0.090s] -- Using all available rosidl_typesupport_c: rosidl_typesupport_fastrtps_c;rosidl_typesupport_introspection_c
[0.091s] -- Found rosidl_adapter: 3.1.7 (/opt/ros/humble/share/rosidl_adapter/cmake)
[0.102s] -- Using all available rosidl_typesupport_cpp: rosidl_typesupport_fastrtps_cpp;rosidl_typesupport_introspection_cpp
[0.112s] -- Found action_msgs: 1.2.2 (/opt/ros/humble/share/action_msgs/cmake)
[0.123s] -- Found geometry_msgs: 4.9.0 (/opt/ros/humble/share/geometry_msgs/cmake)
[0.266s] -- Found ament_cmake_ros: 0.10.0 (/opt/ros/humble/share/ament_cmake_ros/cmake)
[0.381s] -- Using all available rosidl_typesupport_c: rosidl_typesupport_fastrtps_c;rosidl_typesupport_introspection_c
[0.525s] -- Using all available rosidl_typesupport_cpp: rosidl_typesupport_fastrtps_cpp;rosidl_typesupport_introspection_cpp
[0.535s] -- Found python_cmake_module: 0.10.0 (/opt/ros/humble/share/python_cmake_module/cmake)
[0.545s] -- Using PYTHON_EXECUTABLE: /usr/bin/python3
[0.545s] -- Using PYTHON_INCLUDE_DIRS: /usr/include/python3.10
[0.546s] -- Using PYTHON_LIBRARIES: /usr/lib/x86_64-linux-gnu/libpython3.10.so
[0.612s] -- Using numpy include directory: /usr/local/lib/python3.10/dist-packages/numpy/core/include
[0.620s] -- Configuring done
[0.636s] -- Generating done
[0.642s] -- Build files have been written to: /home/user/franka-docker/franka_ws/build/franky_msgs
[0.655s] [  1%] [34m[1mGenerating C code for ROS interfaces[0m
[0.659s] [  3%] [34m[1mGenerating C++ code for ROS interfaces[0m
[0.662s] [  3%] Built target ament_cmake_python_symlink_franky_msgs
[0.749s] running egg_info
[0.749s] writing franky_msgs.egg-info/PKG-INFO
[0.749s] writing dependency_links to franky_msgs.egg-info/dependency_links.txt
[0.750s] writing top-level names to franky_msgs.egg-info/top_level.txt
[0.750s] reading manifest file 'franky_msgs.egg-info/SOURCES.txt'
[0.751s] writing manifest file 'franky_msgs.egg-info/SOURCES.txt'
[0.763s] [  3%] Built target ament_cmake_python_build_franky_msgs_egg
[0.845s] [  3%] Built target franky_msgs__cpp
[0.847s] [35m[1mConsolidate compiler generated dependencies of target franky_msgs__rosidl_generator_c[0m
[0.848s] [  4%] [34m[1mGenerating C++ type support dispatch for ROS interfaces[0m
[0.849s] [  7%] [34m[1mGenerating C++ introspection for ROS interfaces[0m
[0.849s] [  7%] [34m[1mGenerating C++ type support for eProsima Fast-RTPS[0m
[0.852s] [  9%] [32mBuilding C object CMakeFiles/franky_msgs__rosidl_generator_c.dir/rosidl_generator_c/franky_msgs/msg/detail/cartesian_move__functions.c.o[0m
[0.852s] [ 11%] [32mBuilding C object CMakeFiles/franky_msgs__rosidl_generator_c.dir/rosidl_generator_c/franky_msgs/msg/detail/cartesian_velocity__functions.c.o[0m
[0.853s] [ 12%] [32mBuilding C object CMakeFiles/franky_msgs__rosidl_generator_c.dir/rosidl_generator_c/franky_msgs/msg/detail/joint_move__functions.c.o[0m
[0.853s] [ 14%] [32mBuilding C object CMakeFiles/franky_msgs__rosidl_generator_c.dir/rosidl_generator_c/franky_msgs/msg/detail/gripper_state__functions.c.o[0m
[0.853s] [ 15%] [32mBuilding C object CMakeFiles/franky_msgs__rosidl_generator_c.dir/rosidl_generator_c/franky_msgs/msg/detail/joint_velocity__functions.c.o[0m
[0.877s] [ 17%] [32m[1mLinking C shared library libfranky_msgs__rosidl_generator_c.so[0m
[0.892s] [ 17%] Built target franky_msgs__rosidl_generator_c
[0.896s] [ 22%] [34m[1mGenerating C type support dispatch for ROS interfaces[0m
[0.896s] [ 22%] [34m[1mGenerating C introspection for ROS interfaces[0m
[0.896s] [ 22%] [34m[1mGenerating C type support for eProsima Fast-RTPS[0m
[0.989s] [35m[1mConsolidate compiler generated dependencies of target franky_msgs__rosidl_typesupport_cpp[0m
[0.996s] [ 23%] [32mBuilding CXX object CMakeFiles/franky_msgs__rosidl_typesupport_cpp.dir/rosidl_typesupport_cpp/franky_msgs/msg/joint_move__type_support.cpp.o[0m
[0.996s] [ 30%] [32mBuilding CXX object CMakeFiles/franky_msgs__rosidl_typesupport_cpp.dir/rosidl_typesupport_cpp/franky_msgs/msg/gripper_state__type_support.cpp.o[0m
[0.996s] [ 30%] [32mBuilding CXX object CMakeFiles/franky_msgs__rosidl_typesupport_cpp.dir/rosidl_typesupport_cpp/franky_msgs/msg/joint_velocity__type_support.cpp.o[0m
[0.996s] [ 30%] [32mBuilding CXX object CMakeFiles/franky_msgs__rosidl_typesupport_cpp.dir/rosidl_typesupport_cpp/franky_msgs/msg/cartesian_velocity__type_support.cpp.o[0m
[0.996s] [ 30%] [32mBuilding CXX object CMakeFiles/franky_msgs__rosidl_typesupport_cpp.dir/rosidl_typesupport_cpp/franky_msgs/msg/cartesian_move__type_support.cpp.o[0m
[1.010s] [35m[1mConsolidate compiler generated dependencies of target franky_msgs__rosidl_typesupport_introspection_cpp[0m
[1.016s] [35m[1mConsolidate compiler generated dependencies of target franky_msgs__rosidl_typesupport_fastrtps_cpp[0m
[1.018s] [ 31%] [32mBuilding CXX object CMakeFiles/franky_msgs__rosidl_typesupport_introspection_cpp.dir/rosidl_typesupport_introspection_cpp/franky_msgs/msg/detail/cartesian_velocity__type_support.cpp.o[0m
[1.018s] [ 33%] [32mBuilding CXX object CMakeFiles/franky_msgs__rosidl_typesupport_introspection_cpp.dir/rosidl_typesupport_introspection_cpp/franky_msgs/msg/detail/cartesian_move__type_support.cpp.o[0m
[1.019s] [ 34%] [32mBuilding CXX object CMakeFiles/franky_msgs__rosidl_typesupport_introspection_cpp.dir/rosidl_typesupport_introspection_cpp/franky_msgs/msg/detail/joint_move__type_support.cpp.o[0m
[1.019s] [ 38%] [32mBuilding CXX object CMakeFiles/franky_msgs__rosidl_typesupport_introspection_cpp.dir/rosidl_typesupport_introspection_cpp/franky_msgs/msg/detail/joint_velocity__type_support.cpp.o[0m
[1.019s] [ 38%] [32mBuilding CXX object CMakeFiles/franky_msgs__rosidl_typesupport_introspection_cpp.dir/rosidl_typesupport_introspection_cpp/franky_msgs/msg/detail/gripper_state__type_support.cpp.o[0m
[1.026s] [ 44%] [32mBuilding CXX object CMakeFiles/franky_msgs__rosidl_typesupport_fastrtps_cpp.dir/rosidl_typesupport_fastrtps_cpp/franky_msgs/msg/detail/dds_fastrtps/joint_move__type_support.cpp.o[0m
[1.026s] [ 44%] [32mBuilding CXX object CMakeFiles/franky_msgs__rosidl_typesupport_fastrtps_cpp.dir/rosidl_typesupport_fastrtps_cpp/franky_msgs/msg/detail/dds_fastrtps/joint_velocity__type_support.cpp.o[0m
[1.026s] [ 44%] [32mBuilding CXX object CMakeFiles/franky_msgs__rosidl_typesupport_fastrtps_cpp.dir/rosidl_typesupport_fastrtps_cpp/franky_msgs/msg/detail/dds_fastrtps/gripper_state__type_support.cpp.o[0m
[1.026s] [ 44%] [32mBuilding CXX object CMakeFiles/franky_msgs__rosidl_typesupport_fastrtps_cpp.dir/rosidl_typesupport_fastrtps_cpp/franky_msgs/msg/detail/dds_fastrtps/cartesian_velocity__type_support.cpp.o[0m
[1.026s] [ 46%] [32mBuilding CXX object CMakeFiles/franky_msgs__rosidl_typesupport_fastrtps_cpp.dir/rosidl_typesupport_fastrtps_cpp/franky_msgs/msg/detail/dds_fastrtps/cartesian_move__type_support.cpp.o[0m
[1.049s] [35m[1mConsolidate compiler generated dependencies of target franky_msgs__rosidl_typesupport_c[0m
[1.058s] [ 50%] [32mBuilding CXX object CMakeFiles/franky_msgs__rosidl_typesupport_c.dir/rosidl_typesupport_c/franky_msgs/msg/joint_move__type_support.cpp.o[0m
[1.058s] [ 50%] [32mBuilding CXX object CMakeFiles/franky_msgs__rosidl_typesupport_c.dir/rosidl_typesupport_c/franky_msgs/msg/cartesian_move__type_support.cpp.o[0m
[1.059s] [ 50%] [32mBuilding CXX object CMakeFiles/franky_msgs__rosidl_typesupport_c.dir/rosidl_typesupport_c/franky_msgs/msg/gripper_state__type_support.cpp.o[0m
[1.059s] [ 53%] [32mBuilding CXX object CMakeFiles/franky_msgs__rosidl_typesupport_c.dir/rosidl_typesupport_c/franky_msgs/msg/joint_velocity__type_support.cpp.o[0m
[1.059s] [ 53%] [32mBuilding CXX object CMakeFiles/franky_msgs__rosidl_typesupport_c.dir/rosidl_typesupport_c/franky_msgs/msg/cartesian_velocity__type_support.cpp.o[0m
[1.081s] [ 55%] [32m[1mLinking CXX shared library libfranky_msgs__rosidl_typesupport_c.so[0m
[1.112s] [35m[1mConsolidate compiler generated dependencies of target franky_msgs__rosidl_typesupport_introspection_c[0m
[1.112s] [ 55%] Built target franky_msgs__rosidl_typesupport_c
[1.119s] [35m[1mConsolidate compiler generated dependencies of target franky_msgs__rosidl_typesupport_fastrtps_c[0m
[1.121s] [ 58%] [32mBuilding C object CMakeFiles/franky_msgs__rosidl_typesupport_introspection_c.dir/rosidl_typesupport_introspection_c/franky_msgs/msg/detail/joint_move__type_support.c.o[0m
[1.121s] [ 58%] [32mBuilding C object CMakeFiles/franky_msgs__rosidl_typesupport_introspection_c.dir/rosidl_typesupport_introspection_c/franky_msgs/msg/detail/joint_velocity__type_support.c.o[0m
[1.121s] [ 61%] [32mBuilding C object CMakeFiles/franky_msgs__rosidl_typesupport_introspection_c.dir/rosidl_typesupport_introspection_c/franky_msgs/msg/detail/gripper_state__type_support.c.o[0m
[1.121s] [ 61%] [32mBuilding C object CMakeFiles/franky_msgs__rosidl_typesupport_introspection_c.dir/rosidl_typesupport_introspection_c/franky_msgs/msg/detail/cartesian_move__type_support.c.o[0m
[1.122s] [ 63%] [32mBuilding C object CMakeFiles/franky_msgs__rosidl_typesupport_introspection_c.dir/rosidl_typesupport_introspection_c/franky_msgs/msg/detail/cartesian_velocity__type_support.c.o[0m
[1.131s] [ 66%] [32mBuilding CXX object CMakeFiles/franky_msgs__rosidl_typesupport_fastrtps_c.dir/rosidl_typesupport_fastrtps_c/franky_msgs/msg/detail/joint_velocity__type_support_c.cpp.o[0m
[1.131s] [ 66%] [32mBuilding CXX object CMakeFiles/franky_msgs__rosidl_typesupport_fastrtps_c.dir/rosidl_typesupport_fastrtps_c/franky_msgs/msg/detail/cartesian_velocity__type_support_c.cpp.o[0m
[1.131s] [ 68%] [32mBuilding CXX object CMakeFiles/franky_msgs__rosidl_typesupport_fastrtps_c.dir/rosidl_typesupport_fastrtps_c/franky_msgs/msg/detail/joint_move__type_support_c.cpp.o[0m
[1.131s] [ 69%] [32mBuilding CXX object CMakeFiles/franky_msgs__rosidl_typesupport_fastrtps_c.dir/rosidl_typesupport_fastrtps_c/franky_msgs/msg/detail/cartesian_move__type_support_c.cpp.o[0m
[1.132s] [ 71%] [32mBuilding CXX object CMakeFiles/franky_msgs__rosidl_typesupport_fastrtps_c.dir/rosidl_typesupport_fastrtps_c/franky_msgs/msg/detail/gripper_state__type_support_c.cpp.o[0m
[1.150s] [ 73%] [32m[1mLinking C shared library libfranky_msgs__rosidl_typesupport_introspection_c.so[0m
[1.151s] [ 74%] [32m[1mLinking CXX shared library libfranky_msgs__rosidl_typesupport_cpp.so[0m
[1.174s] [ 74%] Built target franky_msgs__rosidl_typesupport_introspection_c
[1.179s] [ 74%] Built target franky_msgs__rosidl_typesupport_cpp
[1.236s] [ 76%] [32m[1mLinking CXX shared library libfranky_msgs__rosidl_typesupport_introspection_cpp.so[0m
[1.270s] [ 77%] [32m[1mLinking CXX shared library libfranky_msgs__rosidl_typesupport_fastrtps_cpp.so[0m
[1.271s] [ 77%] Built target franky_msgs__rosidl_typesupport_introspection_cpp
[1.300s] [ 79%] [32m[1mLinking CXX shared library libfranky_msgs__rosidl_typesupport_fastrtps_c.so[0m
[1.304s] [ 79%] Built target franky_msgs__rosidl_typesupport_fastrtps_cpp
[1.335s] [ 79%] Built target franky_msgs__rosidl_typesupport_fastrtps_c
[1.344s] [ 79%] Built target franky_msgs
[1.353s] [ 80%] [34m[1mGenerating Python code for ROS interfaces[0m
[1.647s] [ 80%] Built target franky_msgs__py
[1.651s] [35m[1mConsolidate compiler generated dependencies of target franky_msgs__rosidl_generator_py[0m
[1.656s] [ 82%] [32mBuilding C object CMakeFiles/franky_msgs__rosidl_generator_py.dir/rosidl_generator_py/franky_msgs/msg/_cartesian_move_s.c.o[0m
[1.657s] [ 84%] [32mBuilding C object CMakeFiles/franky_msgs__rosidl_generator_py.dir/rosidl_generator_py/franky_msgs/msg/_gripper_state_s.c.o[0m
[1.657s] [ 88%] [32mBuilding C object CMakeFiles/franky_msgs__rosidl_generator_py.dir/rosidl_generator_py/franky_msgs/msg/_cartesian_velocity_s.c.o[0m
[1.657s] [ 88%] [32mBuilding C object CMakeFiles/franky_msgs__rosidl_generator_py.dir/rosidl_generator_py/franky_msgs/msg/_joint_move_s.c.o[0m
[1.657s] [ 88%] [32mBuilding C object CMakeFiles/franky_msgs__rosidl_generator_py.dir/rosidl_generator_py/franky_msgs/msg/_joint_velocity_s.c.o[0m
[1.708s] [ 90%] [32m[1mLinking C shared library rosidl_generator_py/franky_msgs/libfranky_msgs__rosidl_generator_py.so[0m
[1.726s] [ 90%] Built target franky_msgs__rosidl_generator_py
[1.730s] [35m[1mConsolidate compiler generated dependencies of target franky_msgs__rosidl_typesupport_fastrtps_c__pyext[0m
[1.730s] [35m[1mConsolidate compiler generated dependencies of target franky_msgs__rosidl_typesupport_c__pyext[0m
[1.731s] [35m[1mConsolidate compiler generated dependencies of target franky_msgs__rosidl_typesupport_introspection_c__pyext[0m
[1.736s] [ 92%] [32mBuilding C object CMakeFiles/franky_msgs__rosidl_typesupport_introspection_c__pyext.dir/rosidl_generator_py/franky_msgs/_franky_msgs_s.ep.rosidl_typesupport_introspection_c.c.o[0m
[1.736s] [ 93%] [32mBuilding C object CMakeFiles/franky_msgs__rosidl_typesupport_c__pyext.dir/rosidl_generator_py/franky_msgs/_franky_msgs_s.ep.rosidl_typesupport_c.c.o[0m
[1.736s] [ 95%] [32mBuilding C object CMakeFiles/franky_msgs__rosidl_typesupport_fastrtps_c__pyext.dir/rosidl_generator_py/franky_msgs/_franky_msgs_s.ep.rosidl_typesupport_fastrtps_c.c.o[0m
[1.780s] [ 96%] [32m[1mLinking C shared library rosidl_generator_py/franky_msgs/franky_msgs_s__rosidl_typesupport_introspection_c.cpython-310-x86_64-linux-gnu.so[0m
[1.781s] [ 98%] [32m[1mLinking C shared library rosidl_generator_py/franky_msgs/franky_msgs_s__rosidl_typesupport_c.cpython-310-x86_64-linux-gnu.so[0m
[1.781s] [100%] [32m[1mLinking C shared library rosidl_generator_py/franky_msgs/franky_msgs_s__rosidl_typesupport_fastrtps_c.cpython-310-x86_64-linux-gnu.so[0m
[1.797s] [100%] Built target franky_msgs__rosidl_typesupport_introspection_c__pyext
[1.797s] [100%] Built target franky_msgs__rosidl_typesupport_c__pyext
[1.799s] [100%] Built target franky_msgs__rosidl_typesupport_fastrtps_c__pyext
[1.804s] Invoked command in '/home/user/franka-docker/franka_ws/build/franky_msgs' returned '0': CMAKE_PREFIX_PATH=${CMAKE_PREFIX_PATH}:/home/user/franka-docker/franka_ws/install/franky_ros:/opt/ros/humble /usr/bin/cmake --build /home/user/franka-docker/franka_ws/build/franky_msgs -- -j24 -l24
[1.808s] Invoking command in '/home/user/franka-docker/franka_ws/build/franky_msgs': CMAKE_PREFIX_PATH=${CMAKE_PREFIX_PATH}:/home/user/franka-docker/franka_ws/install/franky_ros:/opt/ros/humble /usr/bin/cmake --install /home/user/franka-docker/franka_ws/build/franky_msgs
[1.811s] -- Install configuration: ""
[1.811s] -- Execute custom install script
[1.811s] -- Up-to-date symlink: /home/user/franka-docker/franka_ws/install/franky_msgs/share/ament_index/resource_index/rosidl_interfaces/franky_msgs
[1.812s] -- Up-to-date symlink: /home/user/franka-docker/franka_ws/install/franky_msgs/include/franky_msgs/franky_msgs/msg/cartesian_move.h
[1.812s] -- Up-to-date symlink: /home/user/franka-docker/franka_ws/install/franky_msgs/include/franky_msgs/franky_msgs/msg/cartesian_velocity.h
[1.812s] -- Up-to-date symlink: /home/user/franka-docker/franka_ws/install/franky_msgs/include/franky_msgs/franky_msgs/msg/detail/cartesian_move__functions.h
[1.812s] -- Up-to-date symlink: /home/user/franka-docker/franka_ws/install/franky_msgs/include/franky_msgs/franky_msgs/msg/detail/cartesian_move__struct.h
[1.812s] -- Up-to-date symlink: /home/user/franka-docker/franka_ws/install/franky_msgs/include/franky_msgs/franky_msgs/msg/detail/cartesian_move__type_support.h
[1.812s] -- Up-to-date symlink: /home/user/franka-docker/franka_ws/install/franky_msgs/include/franky_msgs/franky_msgs/msg/detail/cartesian_velocity__functions.h
[1.812s] -- Up-to-date symlink: /home/user/franka-docker/franka_ws/install/franky_msgs/include/franky_msgs/franky_msgs/msg/detail/cartesian_velocity__struct.h
[1.812s] -- Up-to-date symlink: /home/user/franka-docker/franka_ws/install/franky_msgs/include/franky_msgs/franky_msgs/msg/detail/cartesian_velocity__type_support.h
[1.812s] -- Symlinking: /home/user/franka-docker/franka_ws/install/franky_msgs/include/franky_msgs/franky_msgs/msg/detail/gripper_state__functions.h
[1.815s] -- Symlinking: /home/user/franka-docker/franka_ws/install/franky_msgs/include/franky_msgs/franky_msgs/msg/detail/gripper_state__struct.h
[1.818s] -- Symlinking: /home/user/franka-docker/franka_ws/install/franky_msgs/include/franky_msgs/franky_msgs/msg/detail/gripper_state__type_support.h
[1.821s] -- Up-to-date symlink: /home/user/franka-docker/franka_ws/install/franky_msgs/include/franky_msgs/franky_msgs/msg/detail/joint_move__functions.h
[1.821s] -- Up-to-date symlink: /home/user/franka-docker/franka_ws/install/franky_msgs/include/franky_msgs/franky_msgs/msg/detail/joint_move__struct.h
[1.822s] -- Up-to-date symlink: /home/user/franka-docker/franka_ws/install/franky_msgs/include/franky_msgs/franky_msgs/msg/detail/joint_move__type_support.h
[1.822s] -- Up-to-date symlink: /home/user/franka-docker/franka_ws/install/franky_msgs/include/franky_msgs/franky_msgs/msg/detail/joint_velocity__functions.h
[1.822s] -- Up-to-date symlink: /home/user/franka-docker/franka_ws/install/franky_msgs/include/franky_msgs/franky_msgs/msg/detail/joint_velocity__struct.h
[1.822s] -- Up-to-date symlink: /home/user/franka-docker/franka_ws/install/franky_msgs/include/franky_msgs/franky_msgs/msg/detail/joint_velocity__type_support.h
[1.822s] -- Symlinking: /home/user/franka-docker/franka_ws/install/franky_msgs/include/franky_msgs/franky_msgs/msg/gripper_state.h
[1.825s] -- Up-to-date symlink: /home/user/franka-docker/franka_ws/install/franky_msgs/include/franky_msgs/franky_msgs/msg/joint_move.h
[1.825s] -- Up-to-date symlink: /home/user/franka-docker/franka_ws/install/franky_msgs/include/franky_msgs/franky_msgs/msg/joint_velocity.h
[1.825s] -- Up-to-date symlink: /home/user/franka-docker/franka_ws/install/franky_msgs/include/franky_msgs/franky_msgs/msg/rosidl_generator_c__visibility_control.h
[1.825s] -- Up-to-date symlink: /home/user/franka-docker/franka_ws/install/franky_msgs/share/franky_msgs/environment/library_path.sh
[1.825s] -- Up-to-date symlink: /home/user/franka-docker/franka_ws/install/franky_msgs/share/franky_msgs/environment/library_path.dsv
[1.825s] -- Up-to-date symlink: /home/user/franka-docker/franka_ws/install/franky_msgs/include/franky_msgs/franky_msgs/msg/detail/cartesian_move__rosidl_typesupport_fastrtps_c.h
[1.825s] -- Up-to-date symlink: /home/user/franka-docker/franka_ws/install/franky_msgs/include/franky_msgs/franky_msgs/msg/detail/cartesian_velocity__rosidl_typesupport_fastrtps_c.h
[1.825s] -- Symlinking: /home/user/franka-docker/franka_ws/install/franky_msgs/include/franky_msgs/franky_msgs/msg/detail/gripper_state__rosidl_typesupport_fastrtps_c.h
[1.829s] -- Up-to-date symlink: /home/user/franka-docker/franka_ws/install/franky_msgs/include/franky_msgs/franky_msgs/msg/detail/joint_move__rosidl_typesupport_fastrtps_c.h
[1.829s] -- Up-to-date symlink: /home/user/franka-docker/franka_ws/install/franky_msgs/include/franky_msgs/franky_msgs/msg/detail/joint_velocity__rosidl_typesupport_fastrtps_c.h
[1.829s] -- Up-to-date symlink: /home/user/franka-docker/franka_ws/install/franky_msgs/include/franky_msgs/franky_msgs/msg/rosidl_typesupport_fastrtps_c__visibility_control.h
[1.829s] -- Up-to-date symlink: /home/user/franka-docker/franka_ws/install/franky_msgs/include/franky_msgs/franky_msgs/msg/detail/cartesian_move__rosidl_typesupport_introspection_c.h
[1.829s] -- Up-to-date symlink: /home/user/franka-docker/franka_ws/install/franky_msgs/include/franky_msgs/franky_msgs/msg/detail/cartesian_velocity__rosidl_typesupport_introspection_c.h
[1.829s] -- Symlinking: /home/user/franka-docker/franka_ws/install/franky_msgs/include/franky_msgs/franky_msgs/msg/detail/gripper_state__rosidl_typesupport_introspection_c.h
[1.832s] -- Up-to-date symlink: /home/user/franka-docker/franka_ws/install/franky_msgs/include/franky_msgs/franky_msgs/msg/detail/joint_move__rosidl_typesupport_introspection_c.h
[1.832s] -- Up-to-date symlink: /home/user/franka-docker/franka_ws/install/franky_msgs/include/franky_msgs/franky_msgs/msg/detail/joint_velocity__rosidl_typesupport_introspection_c.h
[1.833s] -- Up-to-date symlink: /home/user/franka-docker/franka_ws/install/franky_msgs/include/franky_msgs/franky_msgs/msg/rosidl_typesupport_introspection_c__visibility_control.h
[1.833s] -- Up-to-date symlink: /home/user/franka-docker/franka_ws/install/franky_msgs/include/franky_msgs/franky_msgs/msg/cartesian_move.hpp
[1.833s] -- Up-to-date symlink: /home/user/franka-docker/franka_ws/install/franky_msgs/include/franky_msgs/franky_msgs/msg/cartesian_velocity.hpp
[1.833s] -- Up-to-date symlink: /home/user/franka-docker/franka_ws/install/franky_msgs/include/franky_msgs/franky_msgs/msg/detail/cartesian_move__builder.hpp
[1.833s] -- Up-to-date symlink: /home/user/franka-docker/franka_ws/install/franky_msgs/include/franky_msgs/franky_msgs/msg/detail/cartesian_move__struct.hpp
[1.833s] -- Up-to-date symlink: /home/user/franka-docker/franka_ws/install/franky_msgs/include/franky_msgs/franky_msgs/msg/detail/cartesian_move__traits.hpp
[1.833s] -- Up-to-date symlink: /home/user/franka-docker/franka_ws/install/franky_msgs/include/franky_msgs/franky_msgs/msg/detail/cartesian_move__type_support.hpp
[1.833s] -- Up-to-date symlink: /home/user/franka-docker/franka_ws/install/franky_msgs/include/franky_msgs/franky_msgs/msg/detail/cartesian_velocity__builder.hpp
[1.833s] -- Up-to-date symlink: /home/user/franka-docker/franka_ws/install/franky_msgs/include/franky_msgs/franky_msgs/msg/detail/cartesian_velocity__struct.hpp
[1.833s] -- Up-to-date symlink: /home/user/franka-docker/franka_ws/install/franky_msgs/include/franky_msgs/franky_msgs/msg/detail/cartesian_velocity__traits.hpp
[1.833s] -- Up-to-date symlink: /home/user/franka-docker/franka_ws/install/franky_msgs/include/franky_msgs/franky_msgs/msg/detail/cartesian_velocity__type_support.hpp
[1.833s] -- Symlinking: /home/user/franka-docker/franka_ws/install/franky_msgs/include/franky_msgs/franky_msgs/msg/detail/gripper_state__builder.hpp
[1.836s] -- Symlinking: /home/user/franka-docker/franka_ws/install/franky_msgs/include/franky_msgs/franky_msgs/msg/detail/gripper_state__struct.hpp
[1.839s] -- Symlinking: /home/user/franka-docker/franka_ws/install/franky_msgs/include/franky_msgs/franky_msgs/msg/detail/gripper_state__traits.hpp
[1.843s] -- Symlinking: /home/user/franka-docker/franka_ws/install/franky_msgs/include/franky_msgs/franky_msgs/msg/detail/gripper_state__type_support.hpp
[1.846s] -- Up-to-date symlink: /home/user/franka-docker/franka_ws/install/franky_msgs/include/franky_msgs/franky_msgs/msg/detail/joint_move__builder.hpp
[1.846s] -- Up-to-date symlink: /home/user/franka-docker/franka_ws/install/franky_msgs/include/franky_msgs/franky_msgs/msg/detail/joint_move__struct.hpp
[1.846s] -- Up-to-date symlink: /home/user/franka-docker/franka_ws/install/franky_msgs/include/franky_msgs/franky_msgs/msg/detail/joint_move__traits.hpp
[1.846s] -- Up-to-date symlink: /home/user/franka-docker/franka_ws/install/franky_msgs/include/franky_msgs/franky_msgs/msg/detail/joint_move__type_support.hpp
[1.846s] -- Up-to-date symlink: /home/user/franka-docker/franka_ws/install/franky_msgs/include/franky_msgs/franky_msgs/msg/detail/joint_velocity__builder.hpp
[1.846s] -- Up-to-date symlink: /home/user/franka-docker/franka_ws/install/franky_msgs/include/franky_msgs/franky_msgs/msg/detail/joint_velocity__struct.hpp
[1.846s] -- Up-to-date symlink: /home/user/franka-docker/franka_ws/install/franky_msgs/include/franky_msgs/franky_msgs/msg/detail/joint_velocity__traits.hpp
[1.846s] -- Up-to-date symlink: /home/user/franka-docker/franka_ws/install/franky_msgs/include/franky_msgs/franky_msgs/msg/detail/joint_velocity__type_support.hpp
[1.846s] -- Symlinking: /home/user/franka-docker/franka_ws/install/franky_msgs/include/franky_msgs/franky_msgs/msg/gripper_state.hpp
[1.849s] -- Up-to-date symlink: /home/user/franka-docker/franka_ws/install/franky_msgs/include/franky_msgs/franky_msgs/msg/joint_move.hpp
[1.849s] -- Up-to-date symlink: /home/user/franka-docker/franka_ws/install/franky_msgs/include/franky_msgs/franky_msgs/msg/joint_velocity.hpp
[1.849s] -- Up-to-date symlink: /home/user/franka-docker/franka_ws/install/franky_msgs/include/franky_msgs/franky_msgs/msg/rosidl_generator_cpp__visibility_control.hpp
[1.850s] -- Up-to-date symlink: /home/user/franka-docker/franka_ws/install/franky_msgs/include/franky_msgs/franky_msgs/msg/detail/cartesian_move__rosidl_typesupport_fastrtps_cpp.hpp
[1.850s] -- Up-to-date symlink: /home/user/franka-docker/franka_ws/install/franky_msgs/include/franky_msgs/franky_msgs/msg/detail/cartesian_velocity__rosidl_typesupport_fastrtps_cpp.hpp
[1.850s] -- Symlinking: /home/user/franka-docker/franka_ws/install/franky_msgs/include/franky_msgs/franky_msgs/msg/detail/gripper_state__rosidl_typesupport_fastrtps_cpp.hpp
[1.853s] -- Up-to-date symlink: /home/user/franka-docker/franka_ws/install/franky_msgs/include/franky_msgs/franky_msgs/msg/detail/joint_move__rosidl_typesupport_fastrtps_cpp.hpp
[1.853s] -- Up-to-date symlink: /home/user/franka-docker/franka_ws/install/franky_msgs/include/franky_msgs/franky_msgs/msg/detail/joint_velocity__rosidl_typesupport_fastrtps_cpp.hpp
[1.853s] -- Up-to-date symlink: /home/user/franka-docker/franka_ws/install/franky_msgs/include/franky_msgs/franky_msgs/msg/rosidl_typesupport_fastrtps_cpp__visibility_control.h
[1.853s] -- Up-to-date symlink: /home/user/franka-docker/franka_ws/install/franky_msgs/include/franky_msgs/franky_msgs/msg/detail/cartesian_move__rosidl_typesupport_introspection_cpp.hpp
[1.853s] -- Up-to-date symlink: /home/user/franka-docker/franka_ws/install/franky_msgs/include/franky_msgs/franky_msgs/msg/detail/cartesian_velocity__rosidl_typesupport_introspection_cpp.hpp
[1.853s] -- Symlinking: /home/user/franka-docker/franka_ws/install/franky_msgs/include/franky_msgs/franky_msgs/msg/detail/gripper_state__rosidl_typesupport_introspection_cpp.hpp
[1.856s] -- Up-to-date symlink: /home/user/franka-docker/franka_ws/install/franky_msgs/include/franky_msgs/franky_msgs/msg/detail/joint_move__rosidl_typesupport_introspection_cpp.hpp
[1.856s] -- Up-to-date symlink: /home/user/franka-docker/franka_ws/install/franky_msgs/include/franky_msgs/franky_msgs/msg/detail/joint_velocity__rosidl_typesupport_introspection_cpp.hpp
[1.856s] -- Up-to-date symlink: /home/user/franka-docker/franka_ws/install/franky_msgs/share/franky_msgs/environment/pythonpath.sh
[1.856s] -- Up-to-date symlink: /home/user/franka-docker/franka_ws/install/franky_msgs/share/franky_msgs/environment/pythonpath.dsv
[1.856s] -- Up-to-date symlink: /home/user/franka-docker/franka_ws/install/franky_msgs/local/lib/python3.10/dist-packages/franky_msgs-0.1.0-py3.10.egg-info/PKG-INFO
[1.856s] -- Up-to-date symlink: /home/user/franka-docker/franka_ws/install/franky_msgs/local/lib/python3.10/dist-packages/franky_msgs-0.1.0-py3.10.egg-info/SOURCES.txt
[1.856s] -- Up-to-date symlink: /home/user/franka-docker/franka_ws/install/franky_msgs/local/lib/python3.10/dist-packages/franky_msgs-0.1.0-py3.10.egg-info/dependency_links.txt
[1.856s] -- Up-to-date symlink: /home/user/franka-docker/franka_ws/install/franky_msgs/local/lib/python3.10/dist-packages/franky_msgs-0.1.0-py3.10.egg-info/top_level.txt
[1.856s] -- Up-to-date symlink: /home/user/franka-docker/franka_ws/install/franky_msgs/local/lib/python3.10/dist-packages/franky_msgs/__init__.py
[1.857s] -- Up-to-date symlink: /home/user/franka-docker/franka_ws/install/franky_msgs/local/lib/python3.10/dist-packages/franky_msgs/_franky_msgs_s.ep.rosidl_typesupport_c.c
[1.857s] -- Up-to-date symlink: /home/user/franka-docker/franka_ws/install/franky_msgs/local/lib/python3.10/dist-packages/franky_msgs/_franky_msgs_s.ep.rosidl_typesupport_fastrtps_c.c
[1.857s] -- Up-to-date symlink: /home/user/franka-docker/franka_ws/install/franky_msgs/local/lib/python3.10/dist-packages/franky_msgs/_franky_msgs_s.ep.rosidl_typesupport_introspection_c.c
[1.857s] -- Up-to-date symlink: /home/user/franka-docker/franka_ws/install/franky_msgs/local/lib/python3.10/dist-packages/franky_msgs/franky_msgs_s__rosidl_typesupport_c.cpython-310-x86_64-linux-gnu.so
[1.857s] -- Up-to-date symlink: /home/user/franka-docker/franka_ws/install/franky_msgs/local/lib/python3.10/dist-packages/franky_msgs/franky_msgs_s__rosidl_typesupport_fastrtps_c.cpython-310-x86_64-linux-gnu.so
[1.857s] -- Up-to-date symlink: /home/user/franka-docker/franka_ws/install/franky_msgs/local/lib/python3.10/dist-packages/franky_msgs/franky_msgs_s__rosidl_typesupport_introspection_c.cpython-310-x86_64-linux-gnu.so
[1.857s] -- Up-to-date symlink: /home/user/franka-docker/franka_ws/install/franky_msgs/local/lib/python3.10/dist-packages/franky_msgs/libfranky_msgs__rosidl_generator_py.so
[1.857s] -- Up-to-date symlink: /home/user/franka-docker/franka_ws/install/franky_msgs/local/lib/python3.10/dist-packages/franky_msgs/msg/__init__.py
[1.857s] -- Up-to-date symlink: /home/user/franka-docker/franka_ws/install/franky_msgs/local/lib/python3.10/dist-packages/franky_msgs/msg/_cartesian_move.py
[1.857s] -- Up-to-date symlink: /home/user/franka-docker/franka_ws/install/franky_msgs/local/lib/python3.10/dist-packages/franky_msgs/msg/_cartesian_move_s.c
[1.857s] -- Up-to-date symlink: /home/user/franka-docker/franka_ws/install/franky_msgs/local/lib/python3.10/dist-packages/franky_msgs/msg/_cartesian_velocity.py
[1.857s] -- Up-to-date symlink: /home/user/franka-docker/franka_ws/install/franky_msgs/local/lib/python3.10/dist-packages/franky_msgs/msg/_cartesian_velocity_s.c
[1.857s] -- Symlinking: /home/user/franka-docker/franka_ws/install/franky_msgs/local/lib/python3.10/dist-packages/franky_msgs/msg/_gripper_state.py
[1.860s] -- Symlinking: /home/user/franka-docker/franka_ws/install/franky_msgs/local/lib/python3.10/dist-packages/franky_msgs/msg/_gripper_state_s.c
[1.863s] -- Up-to-date symlink: /home/user/franka-docker/franka_ws/install/franky_msgs/local/lib/python3.10/dist-packages/franky_msgs/msg/_joint_move.py
[1.863s] -- Up-to-date symlink: /home/user/franka-docker/franka_ws/install/franky_msgs/local/lib/python3.10/dist-packages/franky_msgs/msg/_joint_move_s.c
[1.863s] -- Up-to-date symlink: /home/user/franka-docker/franka_ws/install/franky_msgs/local/lib/python3.10/dist-packages/franky_msgs/msg/_joint_velocity.py
[1.863s] -- Up-to-date symlink: /home/user/franka-docker/franka_ws/install/franky_msgs/local/lib/python3.10/dist-packages/franky_msgs/msg/_joint_velocity_s.c
[1.863s] -- Up-to-date symlink: /home/user/franka-docker/franka_ws/install/franky_msgs/local/lib/python3.10/dist-packages/franky_msgs/franky_msgs_s__rosidl_typesupport_fastrtps_c.cpython-310-x86_64-linux-gnu.so
[1.863s] -- Up-to-date symlink: /home/user/franka-docker/franka_ws/install/franky_msgs/local/lib/python3.10/dist-packages/franky_msgs/franky_msgs_s__rosidl_typesupport_introspection_c.cpython-310-x86_64-linux-gnu.so
[1.863s] -- Up-to-date symlink: /home/user/franka-docker/franka_ws/install/franky_msgs/local/lib/python3.10/dist-packages/franky_msgs/franky_msgs_s__rosidl_typesupport_c.cpython-310-x86_64-linux-gnu.so
[1.863s] -- Up-to-date symlink: /home/user/franka-docker/franka_ws/install/franky_msgs/share/franky_msgs/msg/CartesianMove.idl
[1.863s] -- Up-to-date symlink: /home/user/franka-docker/franka_ws/install/franky_msgs/share/franky_msgs/msg/CartesianVelocity.idl
[1.864s] -- Up-to-date symlink: /home/user/franka-docker/franka_ws/install/franky_msgs/share/franky_msgs/msg/JointMove.idl
[1.864s] -- Up-to-date symlink: /home/user/franka-docker/franka_ws/install/franky_msgs/share/franky_msgs/msg/JointVelocity.idl
[1.864s] -- Symlinking: /home/user/franka-docker/franka_ws/install/franky_msgs/share/franky_msgs/msg/GripperState.idl
[1.867s] -- Up-to-date symlink: /home/user/franka-docker/franka_ws/install/franky_msgs/share/franky_msgs/msg/CartesianMove.msg
[1.867s] -- Up-to-date symlink: /home/user/franka-docker/franka_ws/install/franky_msgs/share/franky_msgs/msg/CartesianVelocity.msg
[1.867s] -- Up-to-date symlink: /home/user/franka-docker/franka_ws/install/franky_msgs/share/franky_msgs/msg/JointMove.msg
[1.867s] -- Up-to-date symlink: /home/user/franka-docker/franka_ws/install/franky_msgs/share/franky_msgs/msg/JointVelocity.msg
[1.867s] -- Symlinking: /home/user/franka-docker/franka_ws/install/franky_msgs/share/franky_msgs/msg/GripperState.msg
[1.870s] -- Up-to-date symlink: /home/user/franka-docker/franka_ws/install/franky_msgs/share/ament_index/resource_index/package_run_dependencies/franky_msgs
[1.870s] -- Up-to-date symlink: /home/user/franka-docker/franka_ws/install/franky_msgs/share/ament_index/resource_index/parent_prefix_path/franky_msgs
[1.870s] -- Up-to-date symlink: /home/user/franka-docker/franka_ws/install/franky_msgs/share/franky_msgs/environment/ament_prefix_path.sh
[1.870s] -- Up-to-date symlink: /home/user/franka-docker/franka_ws/install/franky_msgs/share/franky_msgs/environment/ament_prefix_path.dsv
[1.871s] -- Up-to-date symlink: /home/user/franka-docker/franka_ws/install/franky_msgs/share/franky_msgs/environment/path.sh
[1.871s] -- Up-to-date symlink: /home/user/franka-docker/franka_ws/install/franky_msgs/share/franky_msgs/environment/path.dsv
[1.871s] -- Up-to-date symlink: /home/user/franka-docker/franka_ws/install/franky_msgs/share/franky_msgs/local_setup.bash
[1.871s] -- Up-to-date symlink: /home/user/franka-docker/franka_ws/install/franky_msgs/share/franky_msgs/local_setup.sh
[1.871s] -- Up-to-date symlink: /home/user/franka-docker/franka_ws/install/franky_msgs/share/franky_msgs/local_setup.zsh
[1.871s] -- Up-to-date symlink: /home/user/franka-docker/franka_ws/install/franky_msgs/share/franky_msgs/local_setup.dsv
[1.871s] -- Symlinking: /home/user/franka-docker/franka_ws/install/franky_msgs/share/franky_msgs/package.dsv
[1.874s] -- Up-to-date symlink: /home/user/franka-docker/franka_ws/install/franky_msgs/share/ament_index/resource_index/packages/franky_msgs
[1.874s] -- Up-to-date symlink: /home/user/franka-docker/franka_ws/install/franky_msgs/share/franky_msgs/cmake/rosidl_cmake-extras.cmake
[1.874s] -- Up-to-date symlink: /home/user/franka-docker/franka_ws/install/franky_msgs/share/franky_msgs/cmake/ament_cmake_export_dependencies-extras.cmake
[1.874s] -- Up-to-date symlink: /home/user/franka-docker/franka_ws/install/franky_msgs/share/franky_msgs/cmake/ament_cmake_export_include_directories-extras.cmake
[1.874s] -- Up-to-date symlink: /home/user/franka-docker/franka_ws/install/franky_msgs/share/franky_msgs/cmake/ament_cmake_export_libraries-extras.cmake
[1.874s] -- Up-to-date symlink: /home/user/franka-docker/franka_ws/install/franky_msgs/share/franky_msgs/cmake/ament_cmake_export_targets-extras.cmake
[1.874s] -- Up-to-date symlink: /home/user/franka-docker/franka_ws/install/franky_msgs/share/franky_msgs/cmake/rosidl_cmake_export_typesupport_targets-extras.cmake
[1.875s] -- Up-to-date symlink: /home/user/franka-docker/franka_ws/install/franky_msgs/share/franky_msgs/cmake/rosidl_cmake_export_typesupport_libraries-extras.cmake
[1.875s] -- Up-to-date symlink: /home/user/franka-docker/franka_ws/install/franky_msgs/share/franky_msgs/cmake/franky_msgsConfig.cmake
[1.875s] -- Up-to-date symlink: /home/user/franka-docker/franka_ws/install/franky_msgs/share/franky_msgs/cmake/franky_msgsConfig-version.cmake
[1.875s] -- Up-to-date symlink: /home/user/franka-docker/franka_ws/install/franky_msgs/share/franky_msgs/package.xml
[1.875s] -- Installing: /home/user/franka-docker/franka_ws/install/franky_msgs/lib/libfranky_msgs__rosidl_generator_c.so
[1.875s] -- Set runtime path of "/home/user/franka-docker/franka_ws/install/franky_msgs/lib/libfranky_msgs__rosidl_generator_c.so" to ""
[1.875s] -- Installing: /home/user/franka-docker/franka_ws/install/franky_msgs/lib/libfranky_msgs__rosidl_typesupport_fastrtps_c.so
[1.875s] -- Set runtime path of "/home/user/franka-docker/franka_ws/install/franky_msgs/lib/libfranky_msgs__rosidl_typesupport_fastrtps_c.so" to ""
[1.875s] -- Installing: /home/user/franka-docker/franka_ws/install/franky_msgs/lib/libfranky_msgs__rosidl_typesupport_introspection_c.so
[1.875s] -- Set runtime path of "/home/user/franka-docker/franka_ws/install/franky_msgs/lib/libfranky_msgs__rosidl_typesupport_introspection_c.so" to ""
[1.875s] -- Installing: /home/user/franka-docker/franka_ws/install/franky_msgs/lib/libfranky_msgs__rosidl_typesupport_c.so
[1.875s] -- Set runtime path of "/home/user/franka-docker/franka_ws/install/franky_msgs/lib/libfranky_msgs__rosidl_typesupport_c.so" to ""
[1.875s] -- Installing: /home/user/franka-docker/franka_ws/install/franky_msgs/lib/libfranky_msgs__rosidl_typesupport_fastrtps_cpp.so
[1.875s] -- Set runtime path of "/home/user/franka-docker/franka_ws/install/franky_msgs/lib/libfranky_msgs__rosidl_typesupport_fastrtps_cpp.so" to ""
[1.876s] -- Installing: /home/user/franka-docker/franka_ws/install/franky_msgs/lib/libfranky_msgs__rosidl_typesupport_introspection_cpp.so
[1.876s] -- Set runtime path of "/home/user/franka-docker/franka_ws/install/franky_msgs/lib/libfranky_msgs__rosidl_typesupport_introspection_cpp.so" to ""
[1.876s] -- Installing: /home/user/franka-docker/franka_ws/install/franky_msgs/lib/libfranky_msgs__rosidl_typesupport_cpp.so
[1.876s] -- Set runtime path of "/home/user/franka-docker/franka_ws/install/franky_msgs/lib/libfranky_msgs__rosidl_typesupport_cpp.so" to ""
[1.894s] Listing '/home/user/franka-docker/franka_ws/install/franky_msgs/local/lib/python3.10/dist-packages/franky_msgs'...
[1.894s] Compiling '/home/user/franka-docker/franka_ws/install/franky_msgs/local/lib/python3.10/dist-packages/franky_msgs/__init__.py'...
[1.894s] Listing '/home/user/franka-docker/franka_ws/install/franky_msgs/local/lib/python3.10/dist-packages/franky_msgs/msg'...
[1.894s] Compiling '/home/user/franka-docker/franka_ws/install/franky_msgs/local/lib/python3.10/dist-packages/franky_msgs/msg/__init__.py'...
[1.894s] Compiling '/home/user/franka-docker/franka_ws/install/franky_msgs/local/lib/python3.10/dist-packages/franky_msgs/msg/_cartesian_move.py'...
[1.894s] Compiling '/home/user/franka-docker/franka_ws/install/franky_msgs/local/lib/python3.10/dist-packages/franky_msgs/msg/_cartesian_velocity.py'...
[1.894s] Compiling '/home/user/franka-docker/franka_ws/install/franky_msgs/local/lib/python3.10/dist-packages/franky_msgs/msg/_gripper_state.py'...
[1.894s] Compiling '/home/user/franka-docker/franka_ws/install/franky_msgs/local/lib/python3.10/dist-packages/franky_msgs/msg/_joint_move.py'...
[1.894s] Compiling '/home/user/franka-docker/franka_ws/install/franky_msgs/local/lib/python3.10/dist-packages/franky_msgs/msg/_joint_velocity.py'...
[1.896s] -- Installing: /home/user/franka-docker/franka_ws/install/franky_msgs/lib/libfranky_msgs__rosidl_generator_py.so
[1.896s] -- Set runtime path of "/home/user/franka-docker/franka_ws/install/franky_msgs/lib/libfranky_msgs__rosidl_generator_py.so" to ""
[1.896s] -- Up-to-date: /home/user/franka-docker/franka_ws/install/franky_msgs/share/franky_msgs/cmake/export_franky_msgs__rosidl_generator_cExport.cmake
[1.896s] -- Up-to-date: /home/user/franka-docker/franka_ws/install/franky_msgs/share/franky_msgs/cmake/export_franky_msgs__rosidl_generator_cExport-noconfig.cmake
[1.896s] -- Up-to-date: /home/user/franka-docker/franka_ws/install/franky_msgs/share/franky_msgs/cmake/export_franky_msgs__rosidl_typesupport_fastrtps_cExport.cmake
[1.896s] -- Up-to-date: /home/user/franka-docker/franka_ws/install/franky_msgs/share/franky_msgs/cmake/export_franky_msgs__rosidl_typesupport_fastrtps_cExport-noconfig.cmake
[1.897s] -- Up-to-date: /home/user/franka-docker/franka_ws/install/franky_msgs/share/franky_msgs/cmake/franky_msgs__rosidl_typesupport_introspection_cExport.cmake
[1.897s] -- Up-to-date: /home/user/franka-docker/franka_ws/install/franky_msgs/share/franky_msgs/cmake/franky_msgs__rosidl_typesupport_introspection_cExport-noconfig.cmake
[1.897s] -- Up-to-date: /home/user/franka-docker/franka_ws/install/franky_msgs/share/franky_msgs/cmake/franky_msgs__rosidl_typesupport_cExport.cmake
[1.897s] -- Up-to-date: /home/user/franka-docker/franka_ws/install/franky_msgs/share/franky_msgs/cmake/franky_msgs__rosidl_typesupport_cExport-noconfig.cmake
[1.897s] -- Up-to-date: /home/user/franka-docker/franka_ws/install/franky_msgs/share/franky_msgs/cmake/export_franky_msgs__rosidl_generator_cppExport.cmake
[1.897s] -- Up-to-date: /home/user/franka-docker/franka_ws/install/franky_msgs/share/franky_msgs/cmake/export_franky_msgs__rosidl_typesupport_fastrtps_cppExport.cmake
[1.897s] -- Up-to-date: /home/user/franka-docker/franka_ws/install/franky_msgs/share/franky_msgs/cmake/export_franky_msgs__rosidl_typesupport_fastrtps_cppExport-noconfig.cmake
[1.897s] -- Up-to-date: /home/user/franka-docker/franka_ws/install/franky_msgs/share/franky_msgs/cmake/franky_msgs__rosidl_typesupport_introspection_cppExport.cmake
[1.897s] -- Up-to-date: /home/user/franka-docker/franka_ws/install/franky_msgs/share/franky_msgs/cmake/franky_msgs__rosidl_typesupport_introspection_cppExport-noconfig.cmake
[1.897s] -- Up-to-date: /home/user/franka-docker/franka_ws/install/franky_msgs/share/franky_msgs/cmake/franky_msgs__rosidl_typesupport_cppExport.cmake
[1.897s] -- Up-to-date: /home/user/franka-docker/franka_ws/install/franky_msgs/share/franky_msgs/cmake/franky_msgs__rosidl_typesupport_cppExport-noconfig.cmake
[1.897s] -- Up-to-date: /home/user/franka-docker/franka_ws/install/franky_msgs/share/franky_msgs/cmake/export_franky_msgs__rosidl_generator_pyExport.cmake
[1.897s] -- Up-to-date: /home/user/franka-docker/franka_ws/install/franky_msgs/share/franky_msgs/cmake/export_franky_msgs__rosidl_generator_pyExport-noconfig.cmake
[1.898s] Invoked command in '/home/user/franka-docker/franka_ws/build/franky_msgs' returned '0': CMAKE_PREFIX_PATH=${CMAKE_PREFIX_PATH}:/home/user/franka-docker/franka_ws/install/franky_ros:/opt/ros/humble /usr/bin/cmake --install /home/user/franka-docker/franka_ws/build/franky_msgs
