[0.008s] Invoking command in '/home/user/franka-docker/franka_ws/build/franky_msgs': CMAKE_PREFIX_PATH=${CMAKE_PREFIX_PATH}:/home/user/franka-docker/franka_ws/install/franky_ros:/opt/ros/humble /usr/bin/cmake --build /home/user/franka-docker/franka_ws/build/franky_msgs -- -j24 -l24
[0.023s] -- Found ament_cmake: 1.3.12 (/opt/ros/humble/share/ament_cmake/cmake)
[0.085s] -- Override CMake install command with custom implementation using symlinks instead of copying resources
[0.088s] -- Found rosidl_default_generators: 1.2.0 (/opt/ros/humble/share/rosidl_default_generators/cmake)
[0.088s] -- Using all available rosidl_typesupport_c: rosidl_typesupport_fastrtps_c;rosidl_typesupport_introspection_c
[0.089s] -- Found rosidl_adapter: 3.1.7 (/opt/ros/humble/share/rosidl_adapter/cmake)
[0.101s] -- Using all available rosidl_typesupport_cpp: rosidl_typesupport_fastrtps_cpp;rosidl_typesupport_introspection_cpp
[0.111s] -- Found action_msgs: 1.2.2 (/opt/ros/humble/share/action_msgs/cmake)
[0.123s] -- Found geometry_msgs: 4.9.0 (/opt/ros/humble/share/geometry_msgs/cmake)
[0.276s] -- Found ament_cmake_ros: 0.10.0 (/opt/ros/humble/share/ament_cmake_ros/cmake)
[0.385s] -- Using all available rosidl_typesupport_c: rosidl_typesupport_fastrtps_c;rosidl_typesupport_introspection_c
[0.534s] -- Using all available rosidl_typesupport_cpp: rosidl_typesupport_fastrtps_cpp;rosidl_typesupport_introspection_cpp
[0.544s] -- Found python_cmake_module: 0.10.0 (/opt/ros/humble/share/python_cmake_module/cmake)
[0.555s] -- Using PYTHON_EXECUTABLE: /usr/bin/python3
[0.555s] -- Using PYTHON_INCLUDE_DIRS: /usr/include/python3.10
[0.555s] -- Using PYTHON_LIBRARIES: /usr/lib/x86_64-linux-gnu/libpython3.10.so
[0.623s] -- Using numpy include directory: /usr/local/lib/python3.10/dist-packages/numpy/core/include
[0.631s] -- Configuring done
[0.652s] -- Generating done
[0.657s] -- Build files have been written to: /home/user/franka-docker/franka_ws/build/franky_msgs
[0.670s] [  1%] [34m[1mGenerating C code for ROS interfaces[0m
[0.674s] [  2%] [34m[1mGenerating C++ code for ROS interfaces[0m
[0.677s] [  2%] Built target ament_cmake_python_symlink_franky_msgs
[0.766s] running egg_info
[0.766s] writing franky_msgs.egg-info/PKG-INFO
[0.766s] writing dependency_links to franky_msgs.egg-info/dependency_links.txt
[0.766s] writing top-level names to franky_msgs.egg-info/top_level.txt
[0.767s] reading manifest file 'franky_msgs.egg-info/SOURCES.txt'
[0.767s] writing manifest file 'franky_msgs.egg-info/SOURCES.txt'
[0.780s] [  2%] Built target ament_cmake_python_build_franky_msgs_egg
[0.942s] [  2%] Built target franky_msgs__cpp
[0.944s] [35m[1mConsolidate compiler generated dependencies of target franky_msgs__rosidl_generator_c[0m
[0.946s] [  3%] [34m[1mGenerating C++ introspection for ROS interfaces[0m
[0.946s] [  4%] [34m[1mGenerating C++ type support dispatch for ROS interfaces[0m
[0.946s] [  5%] [34m[1mGenerating C++ type support for eProsima Fast-RTPS[0m
[0.951s] [  6%] [32mBuilding C object CMakeFiles/franky_msgs__rosidl_generator_c.dir/rosidl_generator_c/franky_msgs/msg/detail/cartesian_move__functions.c.o[0m
[0.951s] [  9%] [32mBuilding C object CMakeFiles/franky_msgs__rosidl_generator_c.dir/rosidl_generator_c/franky_msgs/msg/detail/joint_move__functions.c.o[0m
[0.951s] [ 10%] [32mBuilding C object CMakeFiles/franky_msgs__rosidl_generator_c.dir/rosidl_generator_c/franky_msgs/msg/detail/cartesian_velocity__functions.c.o[0m
[0.951s] [ 10%] [32mBuilding C object CMakeFiles/franky_msgs__rosidl_generator_c.dir/rosidl_generator_c/franky_msgs/msg/detail/joint_velocity__functions.c.o[0m
[0.951s] [ 13%] [32mBuilding C object CMakeFiles/franky_msgs__rosidl_generator_c.dir/rosidl_generator_c/franky_msgs/msg/detail/gripper_state__functions.c.o[0m
[0.951s] [ 13%] [32mBuilding C object CMakeFiles/franky_msgs__rosidl_generator_c.dir/rosidl_generator_c/franky_msgs/srv/detail/blocking_cartesian_move__functions.c.o[0m
[0.951s] [ 13%] [32mBuilding C object CMakeFiles/franky_msgs__rosidl_generator_c.dir/rosidl_generator_c/franky_msgs/srv/detail/set_dynamics_factor__functions.c.o[0m
[0.951s] [ 14%] [32mBuilding C object CMakeFiles/franky_msgs__rosidl_generator_c.dir/rosidl_generator_c/franky_msgs/srv/detail/blocking_joint_move__functions.c.o[0m
[0.977s] [ 16%] [32m[1mLinking C shared library libfranky_msgs__rosidl_generator_c.so[0m
[0.995s] [ 16%] Built target franky_msgs__rosidl_generator_c
[1.000s] [ 18%] [34m[1mGenerating C introspection for ROS interfaces[0m
[1.000s] [ 18%] [34m[1mGenerating C type support for eProsima Fast-RTPS[0m
[1.000s] [ 19%] [34m[1mGenerating C type support dispatch for ROS interfaces[0m
[1.126s] [35m[1mConsolidate compiler generated dependencies of target franky_msgs__rosidl_typesupport_cpp[0m
[1.133s] [ 20%] [32mBuilding CXX object CMakeFiles/franky_msgs__rosidl_typesupport_cpp.dir/rosidl_typesupport_cpp/franky_msgs/msg/joint_velocity__type_support.cpp.o[0m
[1.133s] [ 21%] [32mBuilding CXX object CMakeFiles/franky_msgs__rosidl_typesupport_cpp.dir/rosidl_typesupport_cpp/franky_msgs/msg/cartesian_velocity__type_support.cpp.o[0m
[1.133s] [ 22%] [32mBuilding CXX object CMakeFiles/franky_msgs__rosidl_typesupport_cpp.dir/rosidl_typesupport_cpp/franky_msgs/msg/cartesian_move__type_support.cpp.o[0m
[1.134s] [ 25%] [32mBuilding CXX object CMakeFiles/franky_msgs__rosidl_typesupport_cpp.dir/rosidl_typesupport_cpp/franky_msgs/srv/blocking_cartesian_move__type_support.cpp.o[0m
[1.134s] [ 25%] [32mBuilding CXX object CMakeFiles/franky_msgs__rosidl_typesupport_cpp.dir/rosidl_typesupport_cpp/franky_msgs/srv/set_dynamics_factor__type_support.cpp.o[0m
[1.134s] [ 26%] [32mBuilding CXX object CMakeFiles/franky_msgs__rosidl_typesupport_cpp.dir/rosidl_typesupport_cpp/franky_msgs/msg/joint_move__type_support.cpp.o[0m
[1.134s] [ 27%] [32mBuilding CXX object CMakeFiles/franky_msgs__rosidl_typesupport_cpp.dir/rosidl_typesupport_cpp/franky_msgs/msg/gripper_state__type_support.cpp.o[0m
[1.134s] [ 28%] [32mBuilding CXX object CMakeFiles/franky_msgs__rosidl_typesupport_cpp.dir/rosidl_typesupport_cpp/franky_msgs/srv/blocking_joint_move__type_support.cpp.o[0m
[1.165s] [35m[1mConsolidate compiler generated dependencies of target franky_msgs__rosidl_typesupport_introspection_cpp[0m
[1.174s] [ 29%] [32mBuilding CXX object CMakeFiles/franky_msgs__rosidl_typesupport_introspection_cpp.dir/rosidl_typesupport_introspection_cpp/franky_msgs/msg/detail/cartesian_move__type_support.cpp.o[0m
[1.174s] [ 32%] [32mBuilding CXX object CMakeFiles/franky_msgs__rosidl_typesupport_introspection_cpp.dir/rosidl_typesupport_introspection_cpp/franky_msgs/msg/detail/gripper_state__type_support.cpp.o[0m
[1.174s] [ 32%] [32mBuilding CXX object CMakeFiles/franky_msgs__rosidl_typesupport_introspection_cpp.dir/rosidl_typesupport_introspection_cpp/franky_msgs/msg/detail/joint_move__type_support.cpp.o[0m
[1.174s] [ 34%] [32mBuilding CXX object CMakeFiles/franky_msgs__rosidl_typesupport_introspection_cpp.dir/rosidl_typesupport_introspection_cpp/franky_msgs/srv/detail/blocking_joint_move__type_support.cpp.o[0m
[1.174s] [ 34%] [32mBuilding CXX object CMakeFiles/franky_msgs__rosidl_typesupport_introspection_cpp.dir/rosidl_typesupport_introspection_cpp/franky_msgs/srv/detail/set_dynamics_factor__type_support.cpp.o[0m
[1.175s] [ 36%] [32mBuilding CXX object CMakeFiles/franky_msgs__rosidl_typesupport_introspection_cpp.dir/rosidl_typesupport_introspection_cpp/franky_msgs/msg/detail/joint_velocity__type_support.cpp.o[0m
[1.175s] [ 36%] [32mBuilding CXX object CMakeFiles/franky_msgs__rosidl_typesupport_introspection_cpp.dir/rosidl_typesupport_introspection_cpp/franky_msgs/srv/detail/blocking_cartesian_move__type_support.cpp.o[0m
[1.175s] [ 37%] [32mBuilding CXX object CMakeFiles/franky_msgs__rosidl_typesupport_introspection_cpp.dir/rosidl_typesupport_introspection_cpp/franky_msgs/msg/detail/cartesian_velocity__type_support.cpp.o[0m
[1.187s] [35m[1mConsolidate compiler generated dependencies of target franky_msgs__rosidl_typesupport_c[0m
[1.195s] [ 39%] [32mBuilding CXX object CMakeFiles/franky_msgs__rosidl_typesupport_c.dir/rosidl_typesupport_c/franky_msgs/msg/cartesian_move__type_support.cpp.o[0m
[1.199s] [ 40%] [32mBuilding CXX object CMakeFiles/franky_msgs__rosidl_typesupport_c.dir/rosidl_typesupport_c/franky_msgs/msg/cartesian_velocity__type_support.cpp.o[0m
[1.201s] [ 41%] [32mBuilding CXX object CMakeFiles/franky_msgs__rosidl_typesupport_c.dir/rosidl_typesupport_c/franky_msgs/msg/joint_move__type_support.cpp.o[0m
[1.209s] [ 42%] [32mBuilding CXX object CMakeFiles/franky_msgs__rosidl_typesupport_c.dir/rosidl_typesupport_c/franky_msgs/msg/joint_velocity__type_support.cpp.o[0m
[1.212s] [ 43%] [32mBuilding CXX object CMakeFiles/franky_msgs__rosidl_typesupport_c.dir/rosidl_typesupport_c/franky_msgs/msg/gripper_state__type_support.cpp.o[0m
[1.222s] [ 44%] [32mBuilding CXX object CMakeFiles/franky_msgs__rosidl_typesupport_c.dir/rosidl_typesupport_c/franky_msgs/srv/set_dynamics_factor__type_support.cpp.o[0m
[1.226s] [ 45%] [32mBuilding CXX object CMakeFiles/franky_msgs__rosidl_typesupport_c.dir/rosidl_typesupport_c/franky_msgs/srv/blocking_cartesian_move__type_support.cpp.o[0m
[1.228s] [ 47%] [32mBuilding CXX object CMakeFiles/franky_msgs__rosidl_typesupport_c.dir/rosidl_typesupport_c/franky_msgs/srv/blocking_joint_move__type_support.cpp.o[0m
[1.250s] [35m[1mConsolidate compiler generated dependencies of target franky_msgs__rosidl_typesupport_fastrtps_cpp[0m
[1.253s] [ 48%] [32m[1mLinking CXX shared library libfranky_msgs__rosidl_typesupport_c.so[0m
[1.265s] [ 49%] [32mBuilding CXX object CMakeFiles/franky_msgs__rosidl_typesupport_fastrtps_cpp.dir/rosidl_typesupport_fastrtps_cpp/franky_msgs/msg/detail/dds_fastrtps/cartesian_velocity__type_support.cpp.o[0m
[1.271s] [ 50%] [32mBuilding CXX object CMakeFiles/franky_msgs__rosidl_typesupport_fastrtps_cpp.dir/rosidl_typesupport_fastrtps_cpp/franky_msgs/msg/detail/dds_fastrtps/joint_velocity__type_support.cpp.o[0m
[1.273s] [ 51%] [32mBuilding CXX object CMakeFiles/franky_msgs__rosidl_typesupport_fastrtps_cpp.dir/rosidl_typesupport_fastrtps_cpp/franky_msgs/msg/detail/dds_fastrtps/cartesian_move__type_support.cpp.o[0m
[1.275s] [ 52%] [32mBuilding CXX object CMakeFiles/franky_msgs__rosidl_typesupport_fastrtps_cpp.dir/rosidl_typesupport_fastrtps_cpp/franky_msgs/msg/detail/dds_fastrtps/joint_move__type_support.cpp.o[0m
[1.283s] [ 54%] [32mBuilding CXX object CMakeFiles/franky_msgs__rosidl_typesupport_fastrtps_cpp.dir/rosidl_typesupport_fastrtps_cpp/franky_msgs/msg/detail/dds_fastrtps/gripper_state__type_support.cpp.o[0m
[1.286s] [ 54%] Built target franky_msgs__rosidl_typesupport_c
[1.290s] [ 55%] [32mBuilding CXX object CMakeFiles/franky_msgs__rosidl_typesupport_fastrtps_cpp.dir/rosidl_typesupport_fastrtps_cpp/franky_msgs/srv/detail/dds_fastrtps/set_dynamics_factor__type_support.cpp.o[0m
[1.293s] [ 56%] [32mBuilding CXX object CMakeFiles/franky_msgs__rosidl_typesupport_fastrtps_cpp.dir/rosidl_typesupport_fastrtps_cpp/franky_msgs/srv/detail/dds_fastrtps/blocking_joint_move__type_support.cpp.o[0m
[1.293s] [ 57%] [32mBuilding CXX object CMakeFiles/franky_msgs__rosidl_typesupport_fastrtps_cpp.dir/rosidl_typesupport_fastrtps_cpp/franky_msgs/srv/detail/dds_fastrtps/blocking_cartesian_move__type_support.cpp.o[0m
[1.298s] [ 58%] [32m[1mLinking CXX shared library libfranky_msgs__rosidl_typesupport_cpp.so[0m
[1.299s] [35m[1mConsolidate compiler generated dependencies of target franky_msgs__rosidl_typesupport_introspection_c[0m
[1.313s] [ 59%] [32mBuilding C object CMakeFiles/franky_msgs__rosidl_typesupport_introspection_c.dir/rosidl_typesupport_introspection_c/franky_msgs/msg/detail/cartesian_move__type_support.c.o[0m
[1.313s] [ 60%] [32mBuilding C object CMakeFiles/franky_msgs__rosidl_typesupport_introspection_c.dir/rosidl_typesupport_introspection_c/franky_msgs/msg/detail/cartesian_velocity__type_support.c.o[0m
[1.314s] [ 62%] [32mBuilding C object CMakeFiles/franky_msgs__rosidl_typesupport_introspection_c.dir/rosidl_typesupport_introspection_c/franky_msgs/msg/detail/joint_move__type_support.c.o[0m
[1.319s] [ 63%] [32mBuilding C object CMakeFiles/franky_msgs__rosidl_typesupport_introspection_c.dir/rosidl_typesupport_introspection_c/franky_msgs/msg/detail/joint_velocity__type_support.c.o[0m
[1.325s] [ 64%] [32mBuilding C object CMakeFiles/franky_msgs__rosidl_typesupport_introspection_c.dir/rosidl_typesupport_introspection_c/franky_msgs/msg/detail/gripper_state__type_support.c.o[0m
[1.333s] [ 65%] [32mBuilding C object CMakeFiles/franky_msgs__rosidl_typesupport_introspection_c.dir/rosidl_typesupport_introspection_c/franky_msgs/srv/detail/set_dynamics_factor__type_support.c.o[0m
[1.343s] [ 65%] Built target franky_msgs__rosidl_typesupport_cpp
[1.353s] [ 66%] [32mBuilding C object CMakeFiles/franky_msgs__rosidl_typesupport_introspection_c.dir/rosidl_typesupport_introspection_c/franky_msgs/srv/detail/blocking_cartesian_move__type_support.c.o[0m
[1.355s] [ 67%] [32mBuilding C object CMakeFiles/franky_msgs__rosidl_typesupport_introspection_c.dir/rosidl_typesupport_introspection_c/franky_msgs/srv/detail/blocking_joint_move__type_support.c.o[0m
[1.357s] [35m[1mConsolidate compiler generated dependencies of target franky_msgs__rosidl_typesupport_fastrtps_c[0m
[1.369s] [ 72%] [32mBuilding CXX object CMakeFiles/franky_msgs__rosidl_typesupport_fastrtps_c.dir/rosidl_typesupport_fastrtps_c/franky_msgs/msg/detail/joint_move__type_support_c.cpp.o[0m
[1.369s] [ 72%] [32mBuilding CXX object CMakeFiles/franky_msgs__rosidl_typesupport_fastrtps_c.dir/rosidl_typesupport_fastrtps_c/franky_msgs/msg/detail/cartesian_velocity__type_support_c.cpp.o[0m
[1.376s] [ 72%] [32mBuilding CXX object CMakeFiles/franky_msgs__rosidl_typesupport_fastrtps_c.dir/rosidl_typesupport_fastrtps_c/franky_msgs/msg/detail/cartesian_move__type_support_c.cpp.o[0m
[1.376s] [ 72%] [32mBuilding CXX object CMakeFiles/franky_msgs__rosidl_typesupport_fastrtps_c.dir/rosidl_typesupport_fastrtps_c/franky_msgs/msg/detail/joint_velocity__type_support_c.cpp.o[0m
[1.378s] [ 73%] [32mBuilding CXX object CMakeFiles/franky_msgs__rosidl_typesupport_fastrtps_c.dir/rosidl_typesupport_fastrtps_c/franky_msgs/msg/detail/gripper_state__type_support_c.cpp.o[0m
[1.378s] [ 74%] [32mBuilding CXX object CMakeFiles/franky_msgs__rosidl_typesupport_fastrtps_c.dir/rosidl_typesupport_fastrtps_c/franky_msgs/srv/detail/set_dynamics_factor__type_support_c.cpp.o[0m
[1.390s] [ 75%] [32mBuilding CXX object CMakeFiles/franky_msgs__rosidl_typesupport_fastrtps_c.dir/rosidl_typesupport_fastrtps_c/franky_msgs/srv/detail/blocking_cartesian_move__type_support_c.cpp.o[0m
[1.394s] [ 77%] [32m[1mLinking C shared library libfranky_msgs__rosidl_typesupport_introspection_c.so[0m
[1.411s] [ 78%] [32mBuilding CXX object CMakeFiles/franky_msgs__rosidl_typesupport_fastrtps_c.dir/rosidl_typesupport_fastrtps_c/franky_msgs/srv/detail/blocking_joint_move__type_support_c.cpp.o[0m
[1.426s] [ 78%] Built target franky_msgs__rosidl_typesupport_introspection_c
[1.465s] [ 79%] [32m[1mLinking CXX shared library libfranky_msgs__rosidl_typesupport_introspection_cpp.so[0m
[1.525s] [ 79%] Built target franky_msgs__rosidl_typesupport_introspection_cpp
[1.564s] [ 80%] [32m[1mLinking CXX shared library libfranky_msgs__rosidl_typesupport_fastrtps_cpp.so[0m
[1.598s] [ 80%] Built target franky_msgs__rosidl_typesupport_fastrtps_cpp
[1.600s] [ 81%] [32m[1mLinking CXX shared library libfranky_msgs__rosidl_typesupport_fastrtps_c.so[0m
[1.634s] [ 81%] Built target franky_msgs__rosidl_typesupport_fastrtps_c
[1.642s] [ 81%] Built target franky_msgs
[1.651s] [ 82%] [34m[1mGenerating Python code for ROS interfaces[0m
[2.076s] [ 82%] Built target franky_msgs__py
[2.081s] [35m[1mConsolidate compiler generated dependencies of target franky_msgs__rosidl_generator_py[0m
[2.087s] [ 83%] [32mBuilding C object CMakeFiles/franky_msgs__rosidl_generator_py.dir/rosidl_generator_py/franky_msgs/msg/_cartesian_move_s.c.o[0m
[2.087s] [ 85%] [32mBuilding C object CMakeFiles/franky_msgs__rosidl_generator_py.dir/rosidl_generator_py/franky_msgs/msg/_cartesian_velocity_s.c.o[0m
[2.088s] [ 87%] [32mBuilding C object CMakeFiles/franky_msgs__rosidl_generator_py.dir/rosidl_generator_py/franky_msgs/msg/_joint_move_s.c.o[0m
[2.088s] [ 87%] [32mBuilding C object CMakeFiles/franky_msgs__rosidl_generator_py.dir/rosidl_generator_py/franky_msgs/msg/_joint_velocity_s.c.o[0m
[2.088s] [ 88%] [32mBuilding C object CMakeFiles/franky_msgs__rosidl_generator_py.dir/rosidl_generator_py/franky_msgs/msg/_gripper_state_s.c.o[0m
[2.088s] [ 89%] [32mBuilding C object CMakeFiles/franky_msgs__rosidl_generator_py.dir/rosidl_generator_py/franky_msgs/srv/_set_dynamics_factor_s.c.o[0m
[2.088s] [ 91%] [32mBuilding C object CMakeFiles/franky_msgs__rosidl_generator_py.dir/rosidl_generator_py/franky_msgs/srv/_blocking_joint_move_s.c.o[0m
[2.088s] [ 91%] [32mBuilding C object CMakeFiles/franky_msgs__rosidl_generator_py.dir/rosidl_generator_py/franky_msgs/srv/_blocking_cartesian_move_s.c.o[0m
[2.132s] [ 93%] [32m[1mLinking C shared library rosidl_generator_py/franky_msgs/libfranky_msgs__rosidl_generator_py.so[0m
[2.150s] [ 93%] Built target franky_msgs__rosidl_generator_py
[2.154s] [35m[1mConsolidate compiler generated dependencies of target franky_msgs__rosidl_typesupport_c__pyext[0m
[2.154s] [35m[1mConsolidate compiler generated dependencies of target franky_msgs__rosidl_typesupport_fastrtps_c__pyext[0m
[2.154s] [35m[1mConsolidate compiler generated dependencies of target franky_msgs__rosidl_typesupport_introspection_c__pyext[0m
[2.160s] [ 94%] [32mBuilding C object CMakeFiles/franky_msgs__rosidl_typesupport_c__pyext.dir/rosidl_generator_py/franky_msgs/_franky_msgs_s.ep.rosidl_typesupport_c.c.o[0m
[2.160s] [ 96%] [32mBuilding C object CMakeFiles/franky_msgs__rosidl_typesupport_fastrtps_c__pyext.dir/rosidl_generator_py/franky_msgs/_franky_msgs_s.ep.rosidl_typesupport_fastrtps_c.c.o[0m
[2.160s] [ 96%] [32mBuilding C object CMakeFiles/franky_msgs__rosidl_typesupport_introspection_c__pyext.dir/rosidl_generator_py/franky_msgs/_franky_msgs_s.ep.rosidl_typesupport_introspection_c.c.o[0m
[2.211s] [ 97%] [32m[1mLinking C shared library rosidl_generator_py/franky_msgs/franky_msgs_s__rosidl_typesupport_introspection_c.cpython-310-x86_64-linux-gnu.so[0m
[2.212s] [100%] [32m[1mLinking C shared library rosidl_generator_py/franky_msgs/franky_msgs_s__rosidl_typesupport_fastrtps_c.cpython-310-x86_64-linux-gnu.so[0m
[2.212s] [100%] [32m[1mLinking C shared library rosidl_generator_py/franky_msgs/franky_msgs_s__rosidl_typesupport_c.cpython-310-x86_64-linux-gnu.so[0m
[2.228s] [100%] Built target franky_msgs__rosidl_typesupport_c__pyext
[2.228s] [100%] Built target franky_msgs__rosidl_typesupport_introspection_c__pyext
[2.229s] [100%] Built target franky_msgs__rosidl_typesupport_fastrtps_c__pyext
[2.234s] Invoked command in '/home/user/franka-docker/franka_ws/build/franky_msgs' returned '0': CMAKE_PREFIX_PATH=${CMAKE_PREFIX_PATH}:/home/user/franka-docker/franka_ws/install/franky_ros:/opt/ros/humble /usr/bin/cmake --build /home/user/franka-docker/franka_ws/build/franky_msgs -- -j24 -l24
[2.238s] Invoking command in '/home/user/franka-docker/franka_ws/build/franky_msgs': CMAKE_PREFIX_PATH=${CMAKE_PREFIX_PATH}:/home/user/franka-docker/franka_ws/install/franky_ros:/opt/ros/humble /usr/bin/cmake --install /home/user/franka-docker/franka_ws/build/franky_msgs
[2.241s] -- Install configuration: ""
[2.241s] -- Execute custom install script
[2.242s] -- Up-to-date symlink: /home/user/franka-docker/franka_ws/install/franky_msgs/share/ament_index/resource_index/rosidl_interfaces/franky_msgs
[2.242s] -- Up-to-date symlink: /home/user/franka-docker/franka_ws/install/franky_msgs/include/franky_msgs/franky_msgs/msg/cartesian_move.h
[2.242s] -- Up-to-date symlink: /home/user/franka-docker/franka_ws/install/franky_msgs/include/franky_msgs/franky_msgs/msg/cartesian_velocity.h
[2.242s] -- Up-to-date symlink: /home/user/franka-docker/franka_ws/install/franky_msgs/include/franky_msgs/franky_msgs/msg/detail/cartesian_move__functions.h
[2.242s] -- Up-to-date symlink: /home/user/franka-docker/franka_ws/install/franky_msgs/include/franky_msgs/franky_msgs/msg/detail/cartesian_move__struct.h
[2.242s] -- Up-to-date symlink: /home/user/franka-docker/franka_ws/install/franky_msgs/include/franky_msgs/franky_msgs/msg/detail/cartesian_move__type_support.h
[2.242s] -- Up-to-date symlink: /home/user/franka-docker/franka_ws/install/franky_msgs/include/franky_msgs/franky_msgs/msg/detail/cartesian_velocity__functions.h
[2.242s] -- Up-to-date symlink: /home/user/franka-docker/franka_ws/install/franky_msgs/include/franky_msgs/franky_msgs/msg/detail/cartesian_velocity__struct.h
[2.242s] -- Up-to-date symlink: /home/user/franka-docker/franka_ws/install/franky_msgs/include/franky_msgs/franky_msgs/msg/detail/cartesian_velocity__type_support.h
[2.242s] -- Up-to-date symlink: /home/user/franka-docker/franka_ws/install/franky_msgs/include/franky_msgs/franky_msgs/msg/detail/gripper_state__functions.h
[2.242s] -- Up-to-date symlink: /home/user/franka-docker/franka_ws/install/franky_msgs/include/franky_msgs/franky_msgs/msg/detail/gripper_state__struct.h
[2.242s] -- Up-to-date symlink: /home/user/franka-docker/franka_ws/install/franky_msgs/include/franky_msgs/franky_msgs/msg/detail/gripper_state__type_support.h
[2.242s] -- Up-to-date symlink: /home/user/franka-docker/franka_ws/install/franky_msgs/include/franky_msgs/franky_msgs/msg/detail/joint_move__functions.h
[2.242s] -- Up-to-date symlink: /home/user/franka-docker/franka_ws/install/franky_msgs/include/franky_msgs/franky_msgs/msg/detail/joint_move__struct.h
[2.242s] -- Up-to-date symlink: /home/user/franka-docker/franka_ws/install/franky_msgs/include/franky_msgs/franky_msgs/msg/detail/joint_move__type_support.h
[2.242s] -- Up-to-date symlink: /home/user/franka-docker/franka_ws/install/franky_msgs/include/franky_msgs/franky_msgs/msg/detail/joint_velocity__functions.h
[2.242s] -- Up-to-date symlink: /home/user/franka-docker/franka_ws/install/franky_msgs/include/franky_msgs/franky_msgs/msg/detail/joint_velocity__struct.h
[2.242s] -- Up-to-date symlink: /home/user/franka-docker/franka_ws/install/franky_msgs/include/franky_msgs/franky_msgs/msg/detail/joint_velocity__type_support.h
[2.242s] -- Up-to-date symlink: /home/user/franka-docker/franka_ws/install/franky_msgs/include/franky_msgs/franky_msgs/msg/gripper_state.h
[2.242s] -- Up-to-date symlink: /home/user/franka-docker/franka_ws/install/franky_msgs/include/franky_msgs/franky_msgs/msg/joint_move.h
[2.242s] -- Up-to-date symlink: /home/user/franka-docker/franka_ws/install/franky_msgs/include/franky_msgs/franky_msgs/msg/joint_velocity.h
[2.243s] -- Up-to-date symlink: /home/user/franka-docker/franka_ws/install/franky_msgs/include/franky_msgs/franky_msgs/msg/rosidl_generator_c__visibility_control.h
[2.243s] -- Symlinking: /home/user/franka-docker/franka_ws/install/franky_msgs/include/franky_msgs/franky_msgs/srv/blocking_cartesian_move.h
[2.246s] -- Symlinking: /home/user/franka-docker/franka_ws/install/franky_msgs/include/franky_msgs/franky_msgs/srv/blocking_joint_move.h
[2.249s] -- Symlinking: /home/user/franka-docker/franka_ws/install/franky_msgs/include/franky_msgs/franky_msgs/srv/detail/blocking_cartesian_move__functions.h
[2.252s] -- Symlinking: /home/user/franka-docker/franka_ws/install/franky_msgs/include/franky_msgs/franky_msgs/srv/detail/blocking_cartesian_move__struct.h
[2.255s] -- Symlinking: /home/user/franka-docker/franka_ws/install/franky_msgs/include/franky_msgs/franky_msgs/srv/detail/blocking_cartesian_move__type_support.h
[2.258s] -- Symlinking: /home/user/franka-docker/franka_ws/install/franky_msgs/include/franky_msgs/franky_msgs/srv/detail/blocking_joint_move__functions.h
[2.261s] -- Symlinking: /home/user/franka-docker/franka_ws/install/franky_msgs/include/franky_msgs/franky_msgs/srv/detail/blocking_joint_move__struct.h
[2.264s] -- Symlinking: /home/user/franka-docker/franka_ws/install/franky_msgs/include/franky_msgs/franky_msgs/srv/detail/blocking_joint_move__type_support.h
[2.268s] -- Up-to-date symlink: /home/user/franka-docker/franka_ws/install/franky_msgs/include/franky_msgs/franky_msgs/srv/detail/set_dynamics_factor__functions.h
[2.268s] -- Up-to-date symlink: /home/user/franka-docker/franka_ws/install/franky_msgs/include/franky_msgs/franky_msgs/srv/detail/set_dynamics_factor__struct.h
[2.268s] -- Up-to-date symlink: /home/user/franka-docker/franka_ws/install/franky_msgs/include/franky_msgs/franky_msgs/srv/detail/set_dynamics_factor__type_support.h
[2.268s] -- Up-to-date symlink: /home/user/franka-docker/franka_ws/install/franky_msgs/include/franky_msgs/franky_msgs/srv/set_dynamics_factor.h
[2.268s] -- Up-to-date symlink: /home/user/franka-docker/franka_ws/install/franky_msgs/share/franky_msgs/environment/library_path.sh
[2.268s] -- Up-to-date symlink: /home/user/franka-docker/franka_ws/install/franky_msgs/share/franky_msgs/environment/library_path.dsv
[2.268s] -- Up-to-date symlink: /home/user/franka-docker/franka_ws/install/franky_msgs/include/franky_msgs/franky_msgs/msg/detail/cartesian_move__rosidl_typesupport_fastrtps_c.h
[2.268s] -- Up-to-date symlink: /home/user/franka-docker/franka_ws/install/franky_msgs/include/franky_msgs/franky_msgs/msg/detail/cartesian_velocity__rosidl_typesupport_fastrtps_c.h
[2.268s] -- Up-to-date symlink: /home/user/franka-docker/franka_ws/install/franky_msgs/include/franky_msgs/franky_msgs/msg/detail/gripper_state__rosidl_typesupport_fastrtps_c.h
[2.268s] -- Up-to-date symlink: /home/user/franka-docker/franka_ws/install/franky_msgs/include/franky_msgs/franky_msgs/msg/detail/joint_move__rosidl_typesupport_fastrtps_c.h
[2.269s] -- Up-to-date symlink: /home/user/franka-docker/franka_ws/install/franky_msgs/include/franky_msgs/franky_msgs/msg/detail/joint_velocity__rosidl_typesupport_fastrtps_c.h
[2.269s] -- Up-to-date symlink: /home/user/franka-docker/franka_ws/install/franky_msgs/include/franky_msgs/franky_msgs/msg/rosidl_typesupport_fastrtps_c__visibility_control.h
[2.269s] -- Symlinking: /home/user/franka-docker/franka_ws/install/franky_msgs/include/franky_msgs/franky_msgs/srv/detail/blocking_cartesian_move__rosidl_typesupport_fastrtps_c.h
[2.272s] -- Symlinking: /home/user/franka-docker/franka_ws/install/franky_msgs/include/franky_msgs/franky_msgs/srv/detail/blocking_joint_move__rosidl_typesupport_fastrtps_c.h
[2.275s] -- Up-to-date symlink: /home/user/franka-docker/franka_ws/install/franky_msgs/include/franky_msgs/franky_msgs/srv/detail/set_dynamics_factor__rosidl_typesupport_fastrtps_c.h
[2.275s] -- Up-to-date symlink: /home/user/franka-docker/franka_ws/install/franky_msgs/include/franky_msgs/franky_msgs/msg/detail/cartesian_move__rosidl_typesupport_introspection_c.h
[2.275s] -- Up-to-date symlink: /home/user/franka-docker/franka_ws/install/franky_msgs/include/franky_msgs/franky_msgs/msg/detail/cartesian_velocity__rosidl_typesupport_introspection_c.h
[2.275s] -- Up-to-date symlink: /home/user/franka-docker/franka_ws/install/franky_msgs/include/franky_msgs/franky_msgs/msg/detail/gripper_state__rosidl_typesupport_introspection_c.h
[2.275s] -- Up-to-date symlink: /home/user/franka-docker/franka_ws/install/franky_msgs/include/franky_msgs/franky_msgs/msg/detail/joint_move__rosidl_typesupport_introspection_c.h
[2.275s] -- Up-to-date symlink: /home/user/franka-docker/franka_ws/install/franky_msgs/include/franky_msgs/franky_msgs/msg/detail/joint_velocity__rosidl_typesupport_introspection_c.h
[2.275s] -- Up-to-date symlink: /home/user/franka-docker/franka_ws/install/franky_msgs/include/franky_msgs/franky_msgs/msg/rosidl_typesupport_introspection_c__visibility_control.h
[2.275s] -- Symlinking: /home/user/franka-docker/franka_ws/install/franky_msgs/include/franky_msgs/franky_msgs/srv/detail/blocking_cartesian_move__rosidl_typesupport_introspection_c.h
[2.279s] -- Symlinking: /home/user/franka-docker/franka_ws/install/franky_msgs/include/franky_msgs/franky_msgs/srv/detail/blocking_joint_move__rosidl_typesupport_introspection_c.h
[2.282s] -- Up-to-date symlink: /home/user/franka-docker/franka_ws/install/franky_msgs/include/franky_msgs/franky_msgs/srv/detail/set_dynamics_factor__rosidl_typesupport_introspection_c.h
[2.282s] -- Up-to-date symlink: /home/user/franka-docker/franka_ws/install/franky_msgs/include/franky_msgs/franky_msgs/msg/cartesian_move.hpp
[2.282s] -- Up-to-date symlink: /home/user/franka-docker/franka_ws/install/franky_msgs/include/franky_msgs/franky_msgs/msg/cartesian_velocity.hpp
[2.283s] -- Up-to-date symlink: /home/user/franka-docker/franka_ws/install/franky_msgs/include/franky_msgs/franky_msgs/msg/detail/cartesian_move__builder.hpp
[2.283s] -- Up-to-date symlink: /home/user/franka-docker/franka_ws/install/franky_msgs/include/franky_msgs/franky_msgs/msg/detail/cartesian_move__struct.hpp
[2.283s] -- Up-to-date symlink: /home/user/franka-docker/franka_ws/install/franky_msgs/include/franky_msgs/franky_msgs/msg/detail/cartesian_move__traits.hpp
[2.283s] -- Up-to-date symlink: /home/user/franka-docker/franka_ws/install/franky_msgs/include/franky_msgs/franky_msgs/msg/detail/cartesian_move__type_support.hpp
[2.283s] -- Up-to-date symlink: /home/user/franka-docker/franka_ws/install/franky_msgs/include/franky_msgs/franky_msgs/msg/detail/cartesian_velocity__builder.hpp
[2.283s] -- Up-to-date symlink: /home/user/franka-docker/franka_ws/install/franky_msgs/include/franky_msgs/franky_msgs/msg/detail/cartesian_velocity__struct.hpp
[2.283s] -- Up-to-date symlink: /home/user/franka-docker/franka_ws/install/franky_msgs/include/franky_msgs/franky_msgs/msg/detail/cartesian_velocity__traits.hpp
[2.283s] -- Up-to-date symlink: /home/user/franka-docker/franka_ws/install/franky_msgs/include/franky_msgs/franky_msgs/msg/detail/cartesian_velocity__type_support.hpp
[2.283s] -- Up-to-date symlink: /home/user/franka-docker/franka_ws/install/franky_msgs/include/franky_msgs/franky_msgs/msg/detail/gripper_state__builder.hpp
[2.283s] -- Up-to-date symlink: /home/user/franka-docker/franka_ws/install/franky_msgs/include/franky_msgs/franky_msgs/msg/detail/gripper_state__struct.hpp
[2.283s] -- Up-to-date symlink: /home/user/franka-docker/franka_ws/install/franky_msgs/include/franky_msgs/franky_msgs/msg/detail/gripper_state__traits.hpp
[2.283s] -- Up-to-date symlink: /home/user/franka-docker/franka_ws/install/franky_msgs/include/franky_msgs/franky_msgs/msg/detail/gripper_state__type_support.hpp
[2.283s] -- Up-to-date symlink: /home/user/franka-docker/franka_ws/install/franky_msgs/include/franky_msgs/franky_msgs/msg/detail/joint_move__builder.hpp
[2.283s] -- Up-to-date symlink: /home/user/franka-docker/franka_ws/install/franky_msgs/include/franky_msgs/franky_msgs/msg/detail/joint_move__struct.hpp
[2.283s] -- Up-to-date symlink: /home/user/franka-docker/franka_ws/install/franky_msgs/include/franky_msgs/franky_msgs/msg/detail/joint_move__traits.hpp
[2.283s] -- Up-to-date symlink: /home/user/franka-docker/franka_ws/install/franky_msgs/include/franky_msgs/franky_msgs/msg/detail/joint_move__type_support.hpp
[2.283s] -- Up-to-date symlink: /home/user/franka-docker/franka_ws/install/franky_msgs/include/franky_msgs/franky_msgs/msg/detail/joint_velocity__builder.hpp
[2.283s] -- Up-to-date symlink: /home/user/franka-docker/franka_ws/install/franky_msgs/include/franky_msgs/franky_msgs/msg/detail/joint_velocity__struct.hpp
[2.284s] -- Up-to-date symlink: /home/user/franka-docker/franka_ws/install/franky_msgs/include/franky_msgs/franky_msgs/msg/detail/joint_velocity__traits.hpp
[2.284s] -- Up-to-date symlink: /home/user/franka-docker/franka_ws/install/franky_msgs/include/franky_msgs/franky_msgs/msg/detail/joint_velocity__type_support.hpp
[2.284s] -- Up-to-date symlink: /home/user/franka-docker/franka_ws/install/franky_msgs/include/franky_msgs/franky_msgs/msg/gripper_state.hpp
[2.284s] -- Up-to-date symlink: /home/user/franka-docker/franka_ws/install/franky_msgs/include/franky_msgs/franky_msgs/msg/joint_move.hpp
[2.284s] -- Up-to-date symlink: /home/user/franka-docker/franka_ws/install/franky_msgs/include/franky_msgs/franky_msgs/msg/joint_velocity.hpp
[2.284s] -- Up-to-date symlink: /home/user/franka-docker/franka_ws/install/franky_msgs/include/franky_msgs/franky_msgs/msg/rosidl_generator_cpp__visibility_control.hpp
[2.284s] -- Symlinking: /home/user/franka-docker/franka_ws/install/franky_msgs/include/franky_msgs/franky_msgs/srv/blocking_cartesian_move.hpp
[2.287s] -- Symlinking: /home/user/franka-docker/franka_ws/install/franky_msgs/include/franky_msgs/franky_msgs/srv/blocking_joint_move.hpp
[2.290s] -- Symlinking: /home/user/franka-docker/franka_ws/install/franky_msgs/include/franky_msgs/franky_msgs/srv/detail/blocking_cartesian_move__builder.hpp
[2.294s] -- Symlinking: /home/user/franka-docker/franka_ws/install/franky_msgs/include/franky_msgs/franky_msgs/srv/detail/blocking_cartesian_move__struct.hpp
[2.297s] -- Symlinking: /home/user/franka-docker/franka_ws/install/franky_msgs/include/franky_msgs/franky_msgs/srv/detail/blocking_cartesian_move__traits.hpp
[2.300s] -- Symlinking: /home/user/franka-docker/franka_ws/install/franky_msgs/include/franky_msgs/franky_msgs/srv/detail/blocking_cartesian_move__type_support.hpp
[2.303s] -- Symlinking: /home/user/franka-docker/franka_ws/install/franky_msgs/include/franky_msgs/franky_msgs/srv/detail/blocking_joint_move__builder.hpp
[2.306s] -- Symlinking: /home/user/franka-docker/franka_ws/install/franky_msgs/include/franky_msgs/franky_msgs/srv/detail/blocking_joint_move__struct.hpp
[2.309s] -- Symlinking: /home/user/franka-docker/franka_ws/install/franky_msgs/include/franky_msgs/franky_msgs/srv/detail/blocking_joint_move__traits.hpp
[2.312s] -- Symlinking: /home/user/franka-docker/franka_ws/install/franky_msgs/include/franky_msgs/franky_msgs/srv/detail/blocking_joint_move__type_support.hpp
[2.315s] -- Up-to-date symlink: /home/user/franka-docker/franka_ws/install/franky_msgs/include/franky_msgs/franky_msgs/srv/detail/set_dynamics_factor__builder.hpp
[2.315s] -- Up-to-date symlink: /home/user/franka-docker/franka_ws/install/franky_msgs/include/franky_msgs/franky_msgs/srv/detail/set_dynamics_factor__struct.hpp
[2.315s] -- Up-to-date symlink: /home/user/franka-docker/franka_ws/install/franky_msgs/include/franky_msgs/franky_msgs/srv/detail/set_dynamics_factor__traits.hpp
[2.315s] -- Up-to-date symlink: /home/user/franka-docker/franka_ws/install/franky_msgs/include/franky_msgs/franky_msgs/srv/detail/set_dynamics_factor__type_support.hpp
[2.316s] -- Up-to-date symlink: /home/user/franka-docker/franka_ws/install/franky_msgs/include/franky_msgs/franky_msgs/srv/set_dynamics_factor.hpp
[2.316s] -- Up-to-date symlink: /home/user/franka-docker/franka_ws/install/franky_msgs/include/franky_msgs/franky_msgs/msg/detail/cartesian_move__rosidl_typesupport_fastrtps_cpp.hpp
[2.316s] -- Up-to-date symlink: /home/user/franka-docker/franka_ws/install/franky_msgs/include/franky_msgs/franky_msgs/msg/detail/cartesian_velocity__rosidl_typesupport_fastrtps_cpp.hpp
[2.316s] -- Up-to-date symlink: /home/user/franka-docker/franka_ws/install/franky_msgs/include/franky_msgs/franky_msgs/msg/detail/gripper_state__rosidl_typesupport_fastrtps_cpp.hpp
[2.316s] -- Up-to-date symlink: /home/user/franka-docker/franka_ws/install/franky_msgs/include/franky_msgs/franky_msgs/msg/detail/joint_move__rosidl_typesupport_fastrtps_cpp.hpp
[2.316s] -- Up-to-date symlink: /home/user/franka-docker/franka_ws/install/franky_msgs/include/franky_msgs/franky_msgs/msg/detail/joint_velocity__rosidl_typesupport_fastrtps_cpp.hpp
[2.316s] -- Up-to-date symlink: /home/user/franka-docker/franka_ws/install/franky_msgs/include/franky_msgs/franky_msgs/msg/rosidl_typesupport_fastrtps_cpp__visibility_control.h
[2.316s] -- Symlinking: /home/user/franka-docker/franka_ws/install/franky_msgs/include/franky_msgs/franky_msgs/srv/detail/blocking_cartesian_move__rosidl_typesupport_fastrtps_cpp.hpp
[2.319s] -- Symlinking: /home/user/franka-docker/franka_ws/install/franky_msgs/include/franky_msgs/franky_msgs/srv/detail/blocking_joint_move__rosidl_typesupport_fastrtps_cpp.hpp
[2.323s] -- Up-to-date symlink: /home/user/franka-docker/franka_ws/install/franky_msgs/include/franky_msgs/franky_msgs/srv/detail/set_dynamics_factor__rosidl_typesupport_fastrtps_cpp.hpp
[2.323s] -- Up-to-date symlink: /home/user/franka-docker/franka_ws/install/franky_msgs/include/franky_msgs/franky_msgs/msg/detail/cartesian_move__rosidl_typesupport_introspection_cpp.hpp
[2.323s] -- Up-to-date symlink: /home/user/franka-docker/franka_ws/install/franky_msgs/include/franky_msgs/franky_msgs/msg/detail/cartesian_velocity__rosidl_typesupport_introspection_cpp.hpp
[2.323s] -- Up-to-date symlink: /home/user/franka-docker/franka_ws/install/franky_msgs/include/franky_msgs/franky_msgs/msg/detail/gripper_state__rosidl_typesupport_introspection_cpp.hpp
[2.323s] -- Up-to-date symlink: /home/user/franka-docker/franka_ws/install/franky_msgs/include/franky_msgs/franky_msgs/msg/detail/joint_move__rosidl_typesupport_introspection_cpp.hpp
[2.323s] -- Up-to-date symlink: /home/user/franka-docker/franka_ws/install/franky_msgs/include/franky_msgs/franky_msgs/msg/detail/joint_velocity__rosidl_typesupport_introspection_cpp.hpp
[2.323s] -- Symlinking: /home/user/franka-docker/franka_ws/install/franky_msgs/include/franky_msgs/franky_msgs/srv/detail/blocking_cartesian_move__rosidl_typesupport_introspection_cpp.hpp
[2.326s] -- Symlinking: /home/user/franka-docker/franka_ws/install/franky_msgs/include/franky_msgs/franky_msgs/srv/detail/blocking_joint_move__rosidl_typesupport_introspection_cpp.hpp
[2.329s] -- Up-to-date symlink: /home/user/franka-docker/franka_ws/install/franky_msgs/include/franky_msgs/franky_msgs/srv/detail/set_dynamics_factor__rosidl_typesupport_introspection_cpp.hpp
[2.329s] -- Up-to-date symlink: /home/user/franka-docker/franka_ws/install/franky_msgs/share/franky_msgs/environment/pythonpath.sh
[2.329s] -- Up-to-date symlink: /home/user/franka-docker/franka_ws/install/franky_msgs/share/franky_msgs/environment/pythonpath.dsv
[2.329s] -- Up-to-date symlink: /home/user/franka-docker/franka_ws/install/franky_msgs/local/lib/python3.10/dist-packages/franky_msgs-0.1.0-py3.10.egg-info/PKG-INFO
[2.329s] -- Up-to-date symlink: /home/user/franka-docker/franka_ws/install/franky_msgs/local/lib/python3.10/dist-packages/franky_msgs-0.1.0-py3.10.egg-info/SOURCES.txt
[2.329s] -- Up-to-date symlink: /home/user/franka-docker/franka_ws/install/franky_msgs/local/lib/python3.10/dist-packages/franky_msgs-0.1.0-py3.10.egg-info/dependency_links.txt
[2.329s] -- Up-to-date symlink: /home/user/franka-docker/franka_ws/install/franky_msgs/local/lib/python3.10/dist-packages/franky_msgs-0.1.0-py3.10.egg-info/top_level.txt
[2.329s] -- Up-to-date symlink: /home/user/franka-docker/franka_ws/install/franky_msgs/local/lib/python3.10/dist-packages/franky_msgs/__init__.py
[2.329s] -- Up-to-date symlink: /home/user/franka-docker/franka_ws/install/franky_msgs/local/lib/python3.10/dist-packages/franky_msgs/_franky_msgs_s.ep.rosidl_typesupport_c.c
[2.330s] -- Up-to-date symlink: /home/user/franka-docker/franka_ws/install/franky_msgs/local/lib/python3.10/dist-packages/franky_msgs/_franky_msgs_s.ep.rosidl_typesupport_fastrtps_c.c
[2.330s] -- Up-to-date symlink: /home/user/franka-docker/franka_ws/install/franky_msgs/local/lib/python3.10/dist-packages/franky_msgs/_franky_msgs_s.ep.rosidl_typesupport_introspection_c.c
[2.330s] -- Up-to-date symlink: /home/user/franka-docker/franka_ws/install/franky_msgs/local/lib/python3.10/dist-packages/franky_msgs/franky_msgs_s__rosidl_typesupport_c.cpython-310-x86_64-linux-gnu.so
[2.330s] -- Up-to-date symlink: /home/user/franka-docker/franka_ws/install/franky_msgs/local/lib/python3.10/dist-packages/franky_msgs/franky_msgs_s__rosidl_typesupport_fastrtps_c.cpython-310-x86_64-linux-gnu.so
[2.330s] -- Up-to-date symlink: /home/user/franka-docker/franka_ws/install/franky_msgs/local/lib/python3.10/dist-packages/franky_msgs/franky_msgs_s__rosidl_typesupport_introspection_c.cpython-310-x86_64-linux-gnu.so
[2.330s] -- Up-to-date symlink: /home/user/franka-docker/franka_ws/install/franky_msgs/local/lib/python3.10/dist-packages/franky_msgs/libfranky_msgs__rosidl_generator_py.so
[2.330s] -- Up-to-date symlink: /home/user/franka-docker/franka_ws/install/franky_msgs/local/lib/python3.10/dist-packages/franky_msgs/msg/__init__.py
[2.330s] -- Up-to-date symlink: /home/user/franka-docker/franka_ws/install/franky_msgs/local/lib/python3.10/dist-packages/franky_msgs/msg/_cartesian_move.py
[2.330s] -- Up-to-date symlink: /home/user/franka-docker/franka_ws/install/franky_msgs/local/lib/python3.10/dist-packages/franky_msgs/msg/_cartesian_move_s.c
[2.330s] -- Up-to-date symlink: /home/user/franka-docker/franka_ws/install/franky_msgs/local/lib/python3.10/dist-packages/franky_msgs/msg/_cartesian_velocity.py
[2.330s] -- Up-to-date symlink: /home/user/franka-docker/franka_ws/install/franky_msgs/local/lib/python3.10/dist-packages/franky_msgs/msg/_cartesian_velocity_s.c
[2.330s] -- Up-to-date symlink: /home/user/franka-docker/franka_ws/install/franky_msgs/local/lib/python3.10/dist-packages/franky_msgs/msg/_gripper_state.py
[2.330s] -- Up-to-date symlink: /home/user/franka-docker/franka_ws/install/franky_msgs/local/lib/python3.10/dist-packages/franky_msgs/msg/_gripper_state_s.c
[2.330s] -- Up-to-date symlink: /home/user/franka-docker/franka_ws/install/franky_msgs/local/lib/python3.10/dist-packages/franky_msgs/msg/_joint_move.py
[2.330s] -- Up-to-date symlink: /home/user/franka-docker/franka_ws/install/franky_msgs/local/lib/python3.10/dist-packages/franky_msgs/msg/_joint_move_s.c
[2.330s] -- Up-to-date symlink: /home/user/franka-docker/franka_ws/install/franky_msgs/local/lib/python3.10/dist-packages/franky_msgs/msg/_joint_velocity.py
[2.330s] -- Up-to-date symlink: /home/user/franka-docker/franka_ws/install/franky_msgs/local/lib/python3.10/dist-packages/franky_msgs/msg/_joint_velocity_s.c
[2.330s] -- Up-to-date symlink: /home/user/franka-docker/franka_ws/install/franky_msgs/local/lib/python3.10/dist-packages/franky_msgs/srv/__init__.py
[2.330s] -- Symlinking: /home/user/franka-docker/franka_ws/install/franky_msgs/local/lib/python3.10/dist-packages/franky_msgs/srv/_blocking_cartesian_move.py
[2.333s] -- Symlinking: /home/user/franka-docker/franka_ws/install/franky_msgs/local/lib/python3.10/dist-packages/franky_msgs/srv/_blocking_cartesian_move_s.c
[2.336s] -- Symlinking: /home/user/franka-docker/franka_ws/install/franky_msgs/local/lib/python3.10/dist-packages/franky_msgs/srv/_blocking_joint_move.py
[2.339s] -- Symlinking: /home/user/franka-docker/franka_ws/install/franky_msgs/local/lib/python3.10/dist-packages/franky_msgs/srv/_blocking_joint_move_s.c
[2.343s] -- Up-to-date symlink: /home/user/franka-docker/franka_ws/install/franky_msgs/local/lib/python3.10/dist-packages/franky_msgs/srv/_set_dynamics_factor.py
[2.343s] -- Up-to-date symlink: /home/user/franka-docker/franka_ws/install/franky_msgs/local/lib/python3.10/dist-packages/franky_msgs/srv/_set_dynamics_factor_s.c
[2.343s] -- Up-to-date symlink: /home/user/franka-docker/franka_ws/install/franky_msgs/local/lib/python3.10/dist-packages/franky_msgs/franky_msgs_s__rosidl_typesupport_fastrtps_c.cpython-310-x86_64-linux-gnu.so
[2.343s] -- Up-to-date symlink: /home/user/franka-docker/franka_ws/install/franky_msgs/local/lib/python3.10/dist-packages/franky_msgs/franky_msgs_s__rosidl_typesupport_introspection_c.cpython-310-x86_64-linux-gnu.so
[2.344s] -- Up-to-date symlink: /home/user/franka-docker/franka_ws/install/franky_msgs/local/lib/python3.10/dist-packages/franky_msgs/franky_msgs_s__rosidl_typesupport_c.cpython-310-x86_64-linux-gnu.so
[2.344s] -- Up-to-date symlink: /home/user/franka-docker/franka_ws/install/franky_msgs/share/franky_msgs/msg/CartesianMove.idl
[2.344s] -- Up-to-date symlink: /home/user/franka-docker/franka_ws/install/franky_msgs/share/franky_msgs/msg/CartesianVelocity.idl
[2.344s] -- Up-to-date symlink: /home/user/franka-docker/franka_ws/install/franky_msgs/share/franky_msgs/msg/JointMove.idl
[2.344s] -- Up-to-date symlink: /home/user/franka-docker/franka_ws/install/franky_msgs/share/franky_msgs/msg/JointVelocity.idl
[2.344s] -- Up-to-date symlink: /home/user/franka-docker/franka_ws/install/franky_msgs/share/franky_msgs/msg/GripperState.idl
[2.344s] -- Up-to-date symlink: /home/user/franka-docker/franka_ws/install/franky_msgs/share/franky_msgs/srv/SetDynamicsFactor.idl
[2.344s] -- Symlinking: /home/user/franka-docker/franka_ws/install/franky_msgs/share/franky_msgs/srv/BlockingCartesianMove.idl
[2.346s] -- Symlinking: /home/user/franka-docker/franka_ws/install/franky_msgs/share/franky_msgs/srv/BlockingJointMove.idl
[2.349s] -- Up-to-date symlink: /home/user/franka-docker/franka_ws/install/franky_msgs/share/franky_msgs/msg/CartesianMove.msg
[2.349s] -- Up-to-date symlink: /home/user/franka-docker/franka_ws/install/franky_msgs/share/franky_msgs/msg/CartesianVelocity.msg
[2.350s] -- Up-to-date symlink: /home/user/franka-docker/franka_ws/install/franky_msgs/share/franky_msgs/msg/JointMove.msg
[2.350s] -- Up-to-date symlink: /home/user/franka-docker/franka_ws/install/franky_msgs/share/franky_msgs/msg/JointVelocity.msg
[2.350s] -- Up-to-date symlink: /home/user/franka-docker/franka_ws/install/franky_msgs/share/franky_msgs/msg/GripperState.msg
[2.350s] -- Up-to-date symlink: /home/user/franka-docker/franka_ws/install/franky_msgs/share/franky_msgs/srv/SetDynamicsFactor.srv
[2.350s] -- Up-to-date symlink: /home/user/franka-docker/franka_ws/install/franky_msgs/share/franky_msgs/srv/SetDynamicsFactor_Request.msg
[2.350s] -- Up-to-date symlink: /home/user/franka-docker/franka_ws/install/franky_msgs/share/franky_msgs/srv/SetDynamicsFactor_Response.msg
[2.350s] -- Symlinking: /home/user/franka-docker/franka_ws/install/franky_msgs/share/franky_msgs/srv/BlockingCartesianMove.srv
[2.353s] -- Symlinking: /home/user/franka-docker/franka_ws/install/franky_msgs/share/franky_msgs/srv/BlockingCartesianMove_Request.msg
[2.357s] -- Symlinking: /home/user/franka-docker/franka_ws/install/franky_msgs/share/franky_msgs/srv/BlockingCartesianMove_Response.msg
[2.360s] -- Symlinking: /home/user/franka-docker/franka_ws/install/franky_msgs/share/franky_msgs/srv/BlockingJointMove.srv
[2.364s] -- Symlinking: /home/user/franka-docker/franka_ws/install/franky_msgs/share/franky_msgs/srv/BlockingJointMove_Request.msg
[2.367s] -- Symlinking: /home/user/franka-docker/franka_ws/install/franky_msgs/share/franky_msgs/srv/BlockingJointMove_Response.msg
[2.371s] -- Up-to-date symlink: /home/user/franka-docker/franka_ws/install/franky_msgs/share/ament_index/resource_index/package_run_dependencies/franky_msgs
[2.371s] -- Up-to-date symlink: /home/user/franka-docker/franka_ws/install/franky_msgs/share/ament_index/resource_index/parent_prefix_path/franky_msgs
[2.371s] -- Up-to-date symlink: /home/user/franka-docker/franka_ws/install/franky_msgs/share/franky_msgs/environment/ament_prefix_path.sh
[2.371s] -- Up-to-date symlink: /home/user/franka-docker/franka_ws/install/franky_msgs/share/franky_msgs/environment/ament_prefix_path.dsv
[2.371s] -- Up-to-date symlink: /home/user/franka-docker/franka_ws/install/franky_msgs/share/franky_msgs/environment/path.sh
[2.371s] -- Up-to-date symlink: /home/user/franka-docker/franka_ws/install/franky_msgs/share/franky_msgs/environment/path.dsv
[2.371s] -- Up-to-date symlink: /home/user/franka-docker/franka_ws/install/franky_msgs/share/franky_msgs/local_setup.bash
[2.371s] -- Up-to-date symlink: /home/user/franka-docker/franka_ws/install/franky_msgs/share/franky_msgs/local_setup.sh
[2.371s] -- Up-to-date symlink: /home/user/franka-docker/franka_ws/install/franky_msgs/share/franky_msgs/local_setup.zsh
[2.371s] -- Up-to-date symlink: /home/user/franka-docker/franka_ws/install/franky_msgs/share/franky_msgs/local_setup.dsv
[2.371s] -- Symlinking: /home/user/franka-docker/franka_ws/install/franky_msgs/share/franky_msgs/package.dsv
[2.375s] -- Up-to-date symlink: /home/user/franka-docker/franka_ws/install/franky_msgs/share/ament_index/resource_index/packages/franky_msgs
[2.375s] -- Up-to-date symlink: /home/user/franka-docker/franka_ws/install/franky_msgs/share/franky_msgs/cmake/rosidl_cmake-extras.cmake
[2.375s] -- Up-to-date symlink: /home/user/franka-docker/franka_ws/install/franky_msgs/share/franky_msgs/cmake/ament_cmake_export_dependencies-extras.cmake
[2.375s] -- Up-to-date symlink: /home/user/franka-docker/franka_ws/install/franky_msgs/share/franky_msgs/cmake/ament_cmake_export_include_directories-extras.cmake
[2.375s] -- Up-to-date symlink: /home/user/franka-docker/franka_ws/install/franky_msgs/share/franky_msgs/cmake/ament_cmake_export_libraries-extras.cmake
[2.375s] -- Up-to-date symlink: /home/user/franka-docker/franka_ws/install/franky_msgs/share/franky_msgs/cmake/ament_cmake_export_targets-extras.cmake
[2.375s] -- Up-to-date symlink: /home/user/franka-docker/franka_ws/install/franky_msgs/share/franky_msgs/cmake/rosidl_cmake_export_typesupport_targets-extras.cmake
[2.375s] -- Up-to-date symlink: /home/user/franka-docker/franka_ws/install/franky_msgs/share/franky_msgs/cmake/rosidl_cmake_export_typesupport_libraries-extras.cmake
[2.375s] -- Up-to-date symlink: /home/user/franka-docker/franka_ws/install/franky_msgs/share/franky_msgs/cmake/franky_msgsConfig.cmake
[2.375s] -- Up-to-date symlink: /home/user/franka-docker/franka_ws/install/franky_msgs/share/franky_msgs/cmake/franky_msgsConfig-version.cmake
[2.375s] -- Up-to-date symlink: /home/user/franka-docker/franka_ws/install/franky_msgs/share/franky_msgs/package.xml
[2.375s] -- Installing: /home/user/franka-docker/franka_ws/install/franky_msgs/lib/libfranky_msgs__rosidl_generator_c.so
[2.376s] -- Set runtime path of "/home/user/franka-docker/franka_ws/install/franky_msgs/lib/libfranky_msgs__rosidl_generator_c.so" to ""
[2.376s] -- Installing: /home/user/franka-docker/franka_ws/install/franky_msgs/lib/libfranky_msgs__rosidl_typesupport_fastrtps_c.so
[2.376s] -- Set runtime path of "/home/user/franka-docker/franka_ws/install/franky_msgs/lib/libfranky_msgs__rosidl_typesupport_fastrtps_c.so" to ""
[2.376s] -- Installing: /home/user/franka-docker/franka_ws/install/franky_msgs/lib/libfranky_msgs__rosidl_typesupport_introspection_c.so
[2.376s] -- Set runtime path of "/home/user/franka-docker/franka_ws/install/franky_msgs/lib/libfranky_msgs__rosidl_typesupport_introspection_c.so" to ""
[2.376s] -- Installing: /home/user/franka-docker/franka_ws/install/franky_msgs/lib/libfranky_msgs__rosidl_typesupport_c.so
[2.376s] -- Set runtime path of "/home/user/franka-docker/franka_ws/install/franky_msgs/lib/libfranky_msgs__rosidl_typesupport_c.so" to ""
[2.376s] -- Installing: /home/user/franka-docker/franka_ws/install/franky_msgs/lib/libfranky_msgs__rosidl_typesupport_fastrtps_cpp.so
[2.376s] -- Set runtime path of "/home/user/franka-docker/franka_ws/install/franky_msgs/lib/libfranky_msgs__rosidl_typesupport_fastrtps_cpp.so" to ""
[2.377s] -- Installing: /home/user/franka-docker/franka_ws/install/franky_msgs/lib/libfranky_msgs__rosidl_typesupport_introspection_cpp.so
[2.377s] -- Set runtime path of "/home/user/franka-docker/franka_ws/install/franky_msgs/lib/libfranky_msgs__rosidl_typesupport_introspection_cpp.so" to ""
[2.377s] -- Installing: /home/user/franka-docker/franka_ws/install/franky_msgs/lib/libfranky_msgs__rosidl_typesupport_cpp.so
[2.377s] -- Set runtime path of "/home/user/franka-docker/franka_ws/install/franky_msgs/lib/libfranky_msgs__rosidl_typesupport_cpp.so" to ""
[2.397s] Listing '/home/user/franka-docker/franka_ws/install/franky_msgs/local/lib/python3.10/dist-packages/franky_msgs'...
[2.397s] Compiling '/home/user/franka-docker/franka_ws/install/franky_msgs/local/lib/python3.10/dist-packages/franky_msgs/__init__.py'...
[2.397s] Listing '/home/user/franka-docker/franka_ws/install/franky_msgs/local/lib/python3.10/dist-packages/franky_msgs/msg'...
[2.397s] Compiling '/home/user/franka-docker/franka_ws/install/franky_msgs/local/lib/python3.10/dist-packages/franky_msgs/msg/__init__.py'...
[2.397s] Compiling '/home/user/franka-docker/franka_ws/install/franky_msgs/local/lib/python3.10/dist-packages/franky_msgs/msg/_cartesian_move.py'...
[2.397s] Compiling '/home/user/franka-docker/franka_ws/install/franky_msgs/local/lib/python3.10/dist-packages/franky_msgs/msg/_cartesian_velocity.py'...
[2.397s] Compiling '/home/user/franka-docker/franka_ws/install/franky_msgs/local/lib/python3.10/dist-packages/franky_msgs/msg/_gripper_state.py'...
[2.397s] Compiling '/home/user/franka-docker/franka_ws/install/franky_msgs/local/lib/python3.10/dist-packages/franky_msgs/msg/_joint_move.py'...
[2.397s] Compiling '/home/user/franka-docker/franka_ws/install/franky_msgs/local/lib/python3.10/dist-packages/franky_msgs/msg/_joint_velocity.py'...
[2.397s] Listing '/home/user/franka-docker/franka_ws/install/franky_msgs/local/lib/python3.10/dist-packages/franky_msgs/srv'...
[2.397s] Compiling '/home/user/franka-docker/franka_ws/install/franky_msgs/local/lib/python3.10/dist-packages/franky_msgs/srv/__init__.py'...
[2.397s] Compiling '/home/user/franka-docker/franka_ws/install/franky_msgs/local/lib/python3.10/dist-packages/franky_msgs/srv/_blocking_cartesian_move.py'...
[2.397s] Compiling '/home/user/franka-docker/franka_ws/install/franky_msgs/local/lib/python3.10/dist-packages/franky_msgs/srv/_blocking_joint_move.py'...
[2.397s] Compiling '/home/user/franka-docker/franka_ws/install/franky_msgs/local/lib/python3.10/dist-packages/franky_msgs/srv/_set_dynamics_factor.py'...
[2.399s] -- Installing: /home/user/franka-docker/franka_ws/install/franky_msgs/lib/libfranky_msgs__rosidl_generator_py.so
[2.400s] -- Set runtime path of "/home/user/franka-docker/franka_ws/install/franky_msgs/lib/libfranky_msgs__rosidl_generator_py.so" to ""
[2.400s] -- Up-to-date: /home/user/franka-docker/franka_ws/install/franky_msgs/share/franky_msgs/cmake/export_franky_msgs__rosidl_generator_cExport.cmake
[2.400s] -- Up-to-date: /home/user/franka-docker/franka_ws/install/franky_msgs/share/franky_msgs/cmake/export_franky_msgs__rosidl_generator_cExport-noconfig.cmake
[2.400s] -- Up-to-date: /home/user/franka-docker/franka_ws/install/franky_msgs/share/franky_msgs/cmake/export_franky_msgs__rosidl_typesupport_fastrtps_cExport.cmake
[2.400s] -- Up-to-date: /home/user/franka-docker/franka_ws/install/franky_msgs/share/franky_msgs/cmake/export_franky_msgs__rosidl_typesupport_fastrtps_cExport-noconfig.cmake
[2.400s] -- Up-to-date: /home/user/franka-docker/franka_ws/install/franky_msgs/share/franky_msgs/cmake/franky_msgs__rosidl_typesupport_introspection_cExport.cmake
[2.400s] -- Up-to-date: /home/user/franka-docker/franka_ws/install/franky_msgs/share/franky_msgs/cmake/franky_msgs__rosidl_typesupport_introspection_cExport-noconfig.cmake
[2.400s] -- Up-to-date: /home/user/franka-docker/franka_ws/install/franky_msgs/share/franky_msgs/cmake/franky_msgs__rosidl_typesupport_cExport.cmake
[2.400s] -- Up-to-date: /home/user/franka-docker/franka_ws/install/franky_msgs/share/franky_msgs/cmake/franky_msgs__rosidl_typesupport_cExport-noconfig.cmake
[2.400s] -- Up-to-date: /home/user/franka-docker/franka_ws/install/franky_msgs/share/franky_msgs/cmake/export_franky_msgs__rosidl_generator_cppExport.cmake
[2.400s] -- Up-to-date: /home/user/franka-docker/franka_ws/install/franky_msgs/share/franky_msgs/cmake/export_franky_msgs__rosidl_typesupport_fastrtps_cppExport.cmake
[2.400s] -- Up-to-date: /home/user/franka-docker/franka_ws/install/franky_msgs/share/franky_msgs/cmake/export_franky_msgs__rosidl_typesupport_fastrtps_cppExport-noconfig.cmake
[2.400s] -- Up-to-date: /home/user/franka-docker/franka_ws/install/franky_msgs/share/franky_msgs/cmake/franky_msgs__rosidl_typesupport_introspection_cppExport.cmake
[2.400s] -- Up-to-date: /home/user/franka-docker/franka_ws/install/franky_msgs/share/franky_msgs/cmake/franky_msgs__rosidl_typesupport_introspection_cppExport-noconfig.cmake
[2.400s] -- Up-to-date: /home/user/franka-docker/franka_ws/install/franky_msgs/share/franky_msgs/cmake/franky_msgs__rosidl_typesupport_cppExport.cmake
[2.400s] -- Up-to-date: /home/user/franka-docker/franka_ws/install/franky_msgs/share/franky_msgs/cmake/franky_msgs__rosidl_typesupport_cppExport-noconfig.cmake
[2.400s] -- Up-to-date: /home/user/franka-docker/franka_ws/install/franky_msgs/share/franky_msgs/cmake/export_franky_msgs__rosidl_generator_pyExport.cmake
[2.400s] -- Up-to-date: /home/user/franka-docker/franka_ws/install/franky_msgs/share/franky_msgs/cmake/export_franky_msgs__rosidl_generator_pyExport-noconfig.cmake
[2.402s] Invoked command in '/home/user/franka-docker/franka_ws/build/franky_msgs' returned '0': CMAKE_PREFIX_PATH=${CMAKE_PREFIX_PATH}:/home/user/franka-docker/franka_ws/install/franky_ros:/opt/ros/humble /usr/bin/cmake --install /home/user/franka-docker/franka_ws/build/franky_msgs
