[0.209s] Invoking command in '/home/user/franka-docker/franka_ws/build/franky_ros': PYTHONPATH=/home/user/franka-docker/franka_ws/build/franky_ros/prefix_override:/usr/lib/python3/dist-packages/colcon_core/task/python/colcon_distutils_commands:/home/user/franka-docker/franka_ws/install/franky_ros/lib/python3.10/site-packages:${PYTHONPATH} /usr/bin/python3 -W ignore:setup.py install is deprecated -W ignore:easy_install command is deprecated setup.py develop --editable --build-directory /home/user/franka-docker/franka_ws/build/franky_ros/build --no-deps symlink_data
[0.299s] running develop
[0.339s] running egg_info
[0.339s] creating franky_ros.egg-info
[0.339s] writing franky_ros.egg-info/PKG-INFO
[0.340s] writing dependency_links to franky_ros.egg-info/dependency_links.txt
[0.340s] writing entry points to franky_ros.egg-info/entry_points.txt
[0.340s] writing requirements to franky_ros.egg-info/requires.txt
[0.340s] writing top-level names to franky_ros.egg-info/top_level.txt
[0.340s] writing manifest file 'franky_ros.egg-info/SOURCES.txt'
[0.340s] reading manifest file 'franky_ros.egg-info/SOURCES.txt'
[0.341s] writing manifest file 'franky_ros.egg-info/SOURCES.txt'
[0.341s] running build_ext
[0.341s] Creating /home/user/franka-docker/franka_ws/install/franky_ros/lib/python3.10/site-packages/franky-ros.egg-link (link to .)
[0.342s] Installing franky_bridge script to /home/user/franka-docker/franka_ws/install/franky_ros/lib/franky_ros
[0.342s] Installing franky_test script to /home/user/franka-docker/franka_ws/install/franky_ros/lib/franky_ros
[0.342s] 
[0.342s] Installed /home/user/franka-docker/franka_ws/build/franky_ros
[0.342s] running symlink_data
[0.342s] creating /home/user/franka-docker/franka_ws/install/franky_ros/share/ament_index
[0.342s] creating /home/user/franka-docker/franka_ws/install/franky_ros/share/ament_index/resource_index
[0.342s] creating /home/user/franka-docker/franka_ws/install/franky_ros/share/ament_index/resource_index/packages
[0.342s] error: can't copy '/home/user/franka-docker/franka_ws/build/franky_ros/resource/franky_ros': doesn't exist or not a regular file
[0.354s] Invoked command in '/home/user/franka-docker/franka_ws/build/franky_ros' returned '1': PYTHONPATH=/home/user/franka-docker/franka_ws/build/franky_ros/prefix_override:/usr/lib/python3/dist-packages/colcon_core/task/python/colcon_distutils_commands:/home/user/franka-docker/franka_ws/install/franky_ros/lib/python3.10/site-packages:${PYTHONPATH} /usr/bin/python3 -W ignore:setup.py install is deprecated -W ignore:easy_install command is deprecated setup.py develop --editable --build-directory /home/user/franka-docker/franka_ws/build/franky_ros/build --no-deps symlink_data
