[0.007s] Invoking command in '/home/user/franka-docker/franka_ws/build/franky_msgs': CMAKE_PREFIX_PATH=${CMAKE_PREFIX_PATH}:/home/user/franka-docker/franka_ws/install/franky_ros:/opt/ros/humble /usr/bin/cmake /home/user/franka-docker/franka_ws/src/franky_msgs -DAMENT_CMAKE_SYMLINK_INSTALL=1 -DCMAKE_INSTALL_PREFIX=/home/user/franka-docker/franka_ws/install/franky_msgs
[0.015s] -- Found ament_cmake: 1.3.12 (/opt/ros/humble/share/ament_cmake/cmake)
[0.076s] -- Override CMake install command with custom implementation using symlinks instead of copying resources
[0.079s] -- Found rosidl_default_generators: 1.2.0 (/opt/ros/humble/share/rosidl_default_generators/cmake)
[0.079s] -- Using all available rosidl_typesupport_c: rosidl_typesupport_fastrtps_c;rosidl_typesupport_introspection_c
[0.080s] -- Found rosidl_adapter: 3.1.7 (/opt/ros/humble/share/rosidl_adapter/cmake)
[0.091s] -- Using all available rosidl_typesupport_cpp: rosidl_typesupport_fastrtps_cpp;rosidl_typesupport_introspection_cpp
[0.100s] -- Found action_msgs: 1.2.2 (/opt/ros/humble/share/action_msgs/cmake)
[0.112s] -- Found geometry_msgs: 4.9.0 (/opt/ros/humble/share/geometry_msgs/cmake)
[0.171s] [31mCMake Error at /opt/ros/humble/share/rosidl_adapter/cmake/rosidl_adapt_interfaces.cmake:59 (message):
[0.171s]   execute_process(/usr/bin/python3 -m rosidl_adapter --package-name
[0.171s]   franky_msgs --arguments-file
[0.171s]   /home/user/franka-docker/franka_ws/build/franky_msgs/rosidl_adapter__arguments__franky_msgs.json
[0.171s]   --output-dir
[0.171s]   /home/user/franka-docker/franka_ws/build/franky_msgs/rosidl_adapter/franky_msgs
[0.171s]   --output-file
[0.171s]   /home/user/franka-docker/franka_ws/build/franky_msgs/rosidl_adapter/franky_msgs.idls)
[0.171s]   returned error code 1:
[0.171s] 
[0.172s]   Error processing 'int duration_millis' of 'franky_msgs/CartesianVelocity':
[0.172s]   ''int' is an invalid message name.  It should have the pattern
[0.172s]   '^[A-Z][A-Za-z0-9]*$''
[0.172s] 
[0.172s]   Traceback (most recent call last):
[0.172s] 
[0.172s]     File "/usr/lib/python3.10/runpy.py", line 196, in _run_module_as_main
[0.172s]       return _run_code(code, main_globals, None,
[0.172s]     File "/usr/lib/python3.10/runpy.py", line 86, in _run_code
[0.172s]       exec(code, run_globals)
[0.172s]     File "/opt/ros/humble/local/lib/python3.10/dist-packages/rosidl_adapter/__main__.py", line 19, in <module>
[0.172s]       sys.exit(main())
[0.172s]     File "/opt/ros/humble/local/lib/python3.10/dist-packages/rosidl_adapter/main.py", line 53, in main
[0.172s]       abs_idl_file = convert_to_idl(
[0.172s]     File "/opt/ros/humble/local/lib/python3.10/dist-packages/rosidl_adapter/__init__.py", line 19, in convert_to_idl
[0.172s]       return convert_msg_to_idl(
[0.172s]     File "/opt/ros/humble/local/lib/python3.10/dist-packages/rosidl_adapter/msg/__init__.py", line 28, in convert_msg_to_idl
[0.172s]       msg = parse_message_string(package_name, input_file.stem, content)
[0.172s]     File "/opt/ros/humble/local/lib/python3.10/dist-packages/rosidl_adapter/parser.py", line 520, in parse_message_string
[0.172s]       Type(type_string, context_package_name=pkg_name),
[0.172s]     File "/opt/ros/humble/local/lib/python3.10/dist-packages/rosidl_adapter/parser.py", line 277, in __init__
[0.172s]       super(Type, self).__init__(
[0.172s]     File "/opt/ros/humble/local/lib/python3.10/dist-packages/rosidl_adapter/parser.py", line 205, in __init__
[0.172s]       raise InvalidResourceName(
[0.172s] 
[0.172s]   rosidl_adapter.parser.InvalidResourceName: 'int' is an invalid message
[0.172s]   name.  It should have the pattern '^[A-Z][A-Za-z0-9]*$'
[0.172s] 
[0.172s] Call Stack (most recent call first):
[0.172s]   /opt/ros/humble/share/rosidl_cmake/cmake/rosidl_generate_interfaces.cmake:130 (rosidl_adapt_interfaces)
[0.172s]   CMakeLists.txt:30 (rosidl_generate_interfaces)
[0.172s] 
[0.172s] [0m
[0.172s] -- Configuring incomplete, errors occurred!
[0.172s] See also "/home/user/franka-docker/franka_ws/build/franky_msgs/CMakeFiles/CMakeOutput.log".
[0.175s] Invoked command in '/home/user/franka-docker/franka_ws/build/franky_msgs' returned '1': CMAKE_PREFIX_PATH=${CMAKE_PREFIX_PATH}:/home/user/franka-docker/franka_ws/install/franky_ros:/opt/ros/humble /usr/bin/cmake /home/user/franka-docker/franka_ws/src/franky_msgs -DAMENT_CMAKE_SYMLINK_INSTALL=1 -DCMAKE_INSTALL_PREFIX=/home/user/franka-docker/franka_ws/install/franky_msgs
