[0.007s] Invoking command in '/home/user/franka-docker/franka_ws/build/franky_msgs': CMAKE_PREFIX_PATH=${CMAKE_PREFIX_PATH}:/home/user/franka-docker/franka_ws/install/franky_ros:/opt/ros/humble /usr/bin/cmake /home/user/franka-docker/franka_ws/src/franky_msgs -DAMENT_CMAKE_SYMLINK_INSTALL=1 -DCMAKE_INSTALL_PREFIX=/home/user/franka-docker/franka_ws/install/franky_msgs
[0.044s] -- The C compiler identification is GNU 11.4.0
[0.071s] -- The CXX compiler identification is GNU 11.4.0
[0.076s] -- Detecting C compiler ABI info
[0.106s] -- Detecting C compiler ABI info - done
[0.109s] -- Check for working C compiler: /usr/bin/cc - skipped
[0.109s] -- Detecting C compile features
[0.110s] -- Detecting C compile features - done
[0.112s] -- Detecting CXX compiler ABI info
[0.145s] -- Detecting CXX compiler ABI info - done
[0.148s] -- Check for working CXX compiler: /usr/bin/c++ - skipped
[0.148s] -- Detecting CXX compile features
[0.148s] -- Detecting CXX compile features - done
[0.151s] -- Found ament_cmake: 1.3.12 (/opt/ros/humble/share/ament_cmake/cmake)
[0.223s] -- Found Python3: /usr/bin/python3 (found version "3.10.12") found components: Interpreter 
[0.256s] -- Override CMake install command with custom implementation using symlinks instead of copying resources
[0.279s] -- Found rosidl_default_generators: 1.2.0 (/opt/ros/humble/share/rosidl_default_generators/cmake)
[0.282s] -- Using all available rosidl_typesupport_c: rosidl_typesupport_fastrtps_c;rosidl_typesupport_introspection_c
[0.286s] -- Found rosidl_adapter: 3.1.7 (/opt/ros/humble/share/rosidl_adapter/cmake)
[0.313s] -- Using all available rosidl_typesupport_cpp: rosidl_typesupport_fastrtps_cpp;rosidl_typesupport_introspection_cpp
[0.334s] -- Found action_msgs: 1.2.2 (/opt/ros/humble/share/action_msgs/cmake)
[0.358s] -- Found geometry_msgs: 4.9.0 (/opt/ros/humble/share/geometry_msgs/cmake)
[0.374s] [31mCMake Error at /opt/ros/humble/share/rosidl_cmake/cmake/rosidl_generate_interfaces.cmake:93 (message):
[0.374s]   rosidl_generate_interfaces() the passed file 'msg/FrankyRobotState.msg'
[0.374s]   doesn't exist relative to the CMAKE_CURRENT_SOURCE_DIR
[0.374s]   '/home/user/franka-docker/franka_ws/src/franky_msgs'
[0.374s] Call Stack (most recent call first):
[0.374s]   CMakeLists.txt:27 (rosidl_generate_interfaces)
[0.374s] 
[0.374s] [0m
[0.374s] -- Configuring incomplete, errors occurred!
[0.374s] See also "/home/user/franka-docker/franka_ws/build/franky_msgs/CMakeFiles/CMakeOutput.log".
[0.378s] Invoked command in '/home/user/franka-docker/franka_ws/build/franky_msgs' returned '1': CMAKE_PREFIX_PATH=${CMAKE_PREFIX_PATH}:/home/user/franka-docker/franka_ws/install/franky_ros:/opt/ros/humble /usr/bin/cmake /home/user/franka-docker/franka_ws/src/franky_msgs -DAMENT_CMAKE_SYMLINK_INSTALL=1 -DCMAKE_INSTALL_PREFIX=/home/user/franka-docker/franka_ws/install/franky_msgs
