[0.009s] Invoking command in '/home/user/franka-docker/franka_ws/build/franky_msgs': CMAKE_PREFIX_PATH=${CMAKE_PREFIX_PATH}:/home/user/franka-docker/franka_ws/install/franky_ros:/opt/ros/humble /usr/bin/cmake --build /home/user/franka-docker/franka_ws/build/franky_msgs -- -j24 -l24
[0.023s] -- Found ament_cmake: 1.3.12 (/opt/ros/humble/share/ament_cmake/cmake)
[0.088s] -- Override CMake install command with custom implementation using symlinks instead of copying resources
[0.091s] -- Found rosidl_default_generators: 1.2.0 (/opt/ros/humble/share/rosidl_default_generators/cmake)
[0.091s] -- Using all available rosidl_typesupport_c: rosidl_typesupport_fastrtps_c;rosidl_typesupport_introspection_c
[0.092s] -- Found rosidl_adapter: 3.1.7 (/opt/ros/humble/share/rosidl_adapter/cmake)
[0.103s] -- Using all available rosidl_typesupport_cpp: rosidl_typesupport_fastrtps_cpp;rosidl_typesupport_introspection_cpp
[0.112s] -- Found action_msgs: 1.2.2 (/opt/ros/humble/share/action_msgs/cmake)
[0.124s] -- Found geometry_msgs: 4.9.0 (/opt/ros/humble/share/geometry_msgs/cmake)
[0.284s] -- Found ament_cmake_ros: 0.10.0 (/opt/ros/humble/share/ament_cmake_ros/cmake)
[0.407s] -- Using all available rosidl_typesupport_c: rosidl_typesupport_fastrtps_c;rosidl_typesupport_introspection_c
[0.548s] -- Using all available rosidl_typesupport_cpp: rosidl_typesupport_fastrtps_cpp;rosidl_typesupport_introspection_cpp
[0.558s] -- Found python_cmake_module: 0.10.0 (/opt/ros/humble/share/python_cmake_module/cmake)
[0.568s] -- Using PYTHON_EXECUTABLE: /usr/bin/python3
[0.568s] -- Using PYTHON_INCLUDE_DIRS: /usr/include/python3.10
[0.568s] -- Using PYTHON_LIBRARIES: /usr/lib/x86_64-linux-gnu/libpython3.10.so
[0.636s] -- Using numpy include directory: /usr/local/lib/python3.10/dist-packages/numpy/core/include
[0.644s] -- Configuring done
[0.666s] -- Generating done
[0.671s] -- Build files have been written to: /home/user/franka-docker/franka_ws/build/franky_msgs
[0.686s] [  1%] [34m[1mGenerating C code for ROS interfaces[0m
[0.689s] [  1%] [34m[1mGenerating C++ code for ROS interfaces[0m
[0.693s] [  1%] Built target ament_cmake_python_symlink_franky_msgs
[0.777s] running egg_info
[0.777s] writing franky_msgs.egg-info/PKG-INFO
[0.777s] writing dependency_links to franky_msgs.egg-info/dependency_links.txt
[0.777s] writing top-level names to franky_msgs.egg-info/top_level.txt
[0.778s] reading manifest file 'franky_msgs.egg-info/SOURCES.txt'
[0.778s] writing manifest file 'franky_msgs.egg-info/SOURCES.txt'
[0.790s] [  1%] Built target ament_cmake_python_build_franky_msgs_egg
[1.071s] [  1%] Built target franky_msgs__cpp
[1.072s] [35m[1mConsolidate compiler generated dependencies of target franky_msgs__rosidl_generator_c[0m
[1.075s] [  1%] [34m[1mGenerating C++ type support for eProsima Fast-RTPS[0m
[1.075s] [  3%] [34m[1mGenerating C++ type support dispatch for ROS interfaces[0m
[1.075s] [  3%] [34m[1mGenerating C++ introspection for ROS interfaces[0m
[1.078s] [  4%] [32mBuilding C object CMakeFiles/franky_msgs__rosidl_generator_c.dir/rosidl_generator_c/franky_msgs/msg/detail/cartesian_move__functions.c.o[0m
[1.079s] [  5%] [32mBuilding C object CMakeFiles/franky_msgs__rosidl_generator_c.dir/rosidl_generator_c/franky_msgs/msg/detail/joint_move__functions.c.o[0m
[1.079s] [  5%] [32mBuilding C object CMakeFiles/franky_msgs__rosidl_generator_c.dir/rosidl_generator_c/franky_msgs/msg/detail/joint_velocity__functions.c.o[0m
[1.079s] [  6%] [32mBuilding C object CMakeFiles/franky_msgs__rosidl_generator_c.dir/rosidl_generator_c/franky_msgs/msg/detail/cartesian_velocity__functions.c.o[0m
[1.079s] [  7%] [32mBuilding C object CMakeFiles/franky_msgs__rosidl_generator_c.dir/rosidl_generator_c/franky_msgs/srv/detail/set_dynamics_factor__functions.c.o[0m
[1.079s] [  9%] [32mBuilding C object CMakeFiles/franky_msgs__rosidl_generator_c.dir/rosidl_generator_c/franky_msgs/msg/detail/gripper_state__functions.c.o[0m
[1.079s] [  9%] [32mBuilding C object CMakeFiles/franky_msgs__rosidl_generator_c.dir/rosidl_generator_c/franky_msgs/srv/detail/blocking_cartesian_move__functions.c.o[0m
[1.079s] [ 10%] [32mBuilding C object CMakeFiles/franky_msgs__rosidl_generator_c.dir/rosidl_generator_c/franky_msgs/msg/detail/gripper_move__functions.c.o[0m
[1.079s] [ 11%] [32mBuilding C object CMakeFiles/franky_msgs__rosidl_generator_c.dir/rosidl_generator_c/franky_msgs/msg/detail/gripper_grasp__functions.c.o[0m
[1.080s] [ 11%] [32mBuilding C object CMakeFiles/franky_msgs__rosidl_generator_c.dir/rosidl_generator_c/franky_msgs/srv/detail/blocking_joint_move__functions.c.o[0m
[1.080s] [ 12%] [32mBuilding C object CMakeFiles/franky_msgs__rosidl_generator_c.dir/rosidl_generator_c/franky_msgs/srv/detail/blocking_gripper_grasp__functions.c.o[0m
[1.081s] [ 13%] [32mBuilding C object CMakeFiles/franky_msgs__rosidl_generator_c.dir/rosidl_generator_c/franky_msgs/srv/detail/blocking_gripper_move__functions.c.o[0m
[1.111s] [ 14%] [32m[1mLinking C shared library libfranky_msgs__rosidl_generator_c.so[0m
[1.127s] [ 14%] Built target franky_msgs__rosidl_generator_c
[1.132s] [ 16%] [34m[1mGenerating C type support for eProsima Fast-RTPS[0m
[1.132s] [ 16%] [34m[1mGenerating C type support dispatch for ROS interfaces[0m
[1.132s] [ 17%] [34m[1mGenerating C introspection for ROS interfaces[0m
[1.311s] [35m[1mConsolidate compiler generated dependencies of target franky_msgs__rosidl_typesupport_cpp[0m
[1.321s] [ 19%] [32mBuilding CXX object CMakeFiles/franky_msgs__rosidl_typesupport_cpp.dir/rosidl_typesupport_cpp/franky_msgs/msg/cartesian_velocity__type_support.cpp.o[0m
[1.321s] [ 19%] [32mBuilding CXX object CMakeFiles/franky_msgs__rosidl_typesupport_cpp.dir/rosidl_typesupport_cpp/franky_msgs/msg/gripper_state__type_support.cpp.o[0m
[1.321s] [ 19%] [32mBuilding CXX object CMakeFiles/franky_msgs__rosidl_typesupport_cpp.dir/rosidl_typesupport_cpp/franky_msgs/msg/joint_move__type_support.cpp.o[0m
[1.321s] [ 21%] [32mBuilding CXX object CMakeFiles/franky_msgs__rosidl_typesupport_cpp.dir/rosidl_typesupport_cpp/franky_msgs/msg/cartesian_move__type_support.cpp.o[0m
[1.321s] [ 21%] [32mBuilding CXX object CMakeFiles/franky_msgs__rosidl_typesupport_cpp.dir/rosidl_typesupport_cpp/franky_msgs/msg/joint_velocity__type_support.cpp.o[0m
[1.321s] [ 22%] [32mBuilding CXX object CMakeFiles/franky_msgs__rosidl_typesupport_cpp.dir/rosidl_typesupport_cpp/franky_msgs/msg/gripper_move__type_support.cpp.o[0m
[1.321s] [ 24%] [32mBuilding CXX object CMakeFiles/franky_msgs__rosidl_typesupport_cpp.dir/rosidl_typesupport_cpp/franky_msgs/srv/set_dynamics_factor__type_support.cpp.o[0m
[1.321s] [ 24%] [32mBuilding CXX object CMakeFiles/franky_msgs__rosidl_typesupport_cpp.dir/rosidl_typesupport_cpp/franky_msgs/msg/gripper_grasp__type_support.cpp.o[0m
[1.321s] [ 25%] [32mBuilding CXX object CMakeFiles/franky_msgs__rosidl_typesupport_cpp.dir/rosidl_typesupport_cpp/franky_msgs/srv/blocking_cartesian_move__type_support.cpp.o[0m
[1.321s] [ 25%] [32mBuilding CXX object CMakeFiles/franky_msgs__rosidl_typesupport_cpp.dir/rosidl_typesupport_cpp/franky_msgs/srv/blocking_gripper_move__type_support.cpp.o[0m
[1.322s] [ 26%] [32mBuilding CXX object CMakeFiles/franky_msgs__rosidl_typesupport_cpp.dir/rosidl_typesupport_cpp/franky_msgs/srv/blocking_joint_move__type_support.cpp.o[0m
[1.322s] [ 27%] [32mBuilding CXX object CMakeFiles/franky_msgs__rosidl_typesupport_cpp.dir/rosidl_typesupport_cpp/franky_msgs/srv/blocking_gripper_grasp__type_support.cpp.o[0m
[1.386s] [35m[1mConsolidate compiler generated dependencies of target franky_msgs__rosidl_typesupport_introspection_cpp[0m
[1.401s] [ 27%] [32mBuilding CXX object CMakeFiles/franky_msgs__rosidl_typesupport_introspection_cpp.dir/rosidl_typesupport_introspection_cpp/franky_msgs/msg/detail/cartesian_move__type_support.cpp.o[0m
[1.402s] [ 28%] [32mBuilding CXX object CMakeFiles/franky_msgs__rosidl_typesupport_introspection_cpp.dir/rosidl_typesupport_introspection_cpp/franky_msgs/msg/detail/joint_move__type_support.cpp.o[0m
[1.403s] [ 29%] [32mBuilding CXX object CMakeFiles/franky_msgs__rosidl_typesupport_introspection_cpp.dir/rosidl_typesupport_introspection_cpp/franky_msgs/msg/detail/cartesian_velocity__type_support.cpp.o[0m
[1.405s] [ 30%] [32mBuilding CXX object CMakeFiles/franky_msgs__rosidl_typesupport_introspection_cpp.dir/rosidl_typesupport_introspection_cpp/franky_msgs/msg/detail/joint_velocity__type_support.cpp.o[0m
[1.405s] [35m[1mConsolidate compiler generated dependencies of target franky_msgs__rosidl_typesupport_c[0m
[1.408s] [ 31%] [32mBuilding CXX object CMakeFiles/franky_msgs__rosidl_typesupport_introspection_cpp.dir/rosidl_typesupport_introspection_cpp/franky_msgs/msg/detail/gripper_move__type_support.cpp.o[0m
[1.412s] [ 32%] [32mBuilding CXX object CMakeFiles/franky_msgs__rosidl_typesupport_introspection_cpp.dir/rosidl_typesupport_introspection_cpp/franky_msgs/msg/detail/gripper_state__type_support.cpp.o[0m
[1.413s] [ 32%] [32mBuilding CXX object CMakeFiles/franky_msgs__rosidl_typesupport_introspection_cpp.dir/rosidl_typesupport_introspection_cpp/franky_msgs/msg/detail/gripper_grasp__type_support.cpp.o[0m
[1.414s] [ 33%] [32mBuilding CXX object CMakeFiles/franky_msgs__rosidl_typesupport_c.dir/rosidl_typesupport_c/franky_msgs/msg/cartesian_move__type_support.cpp.o[0m
[1.421s] [ 34%] [32mBuilding CXX object CMakeFiles/franky_msgs__rosidl_typesupport_introspection_cpp.dir/rosidl_typesupport_introspection_cpp/franky_msgs/srv/detail/set_dynamics_factor__type_support.cpp.o[0m
[1.440s] [ 34%] [32mBuilding CXX object CMakeFiles/franky_msgs__rosidl_typesupport_c.dir/rosidl_typesupport_c/franky_msgs/msg/cartesian_velocity__type_support.cpp.o[0m
[1.472s] [ 35%] [32mBuilding CXX object CMakeFiles/franky_msgs__rosidl_typesupport_c.dir/rosidl_typesupport_c/franky_msgs/msg/joint_move__type_support.cpp.o[0m
[1.478s] [ 36%] [32mBuilding CXX object CMakeFiles/franky_msgs__rosidl_typesupport_introspection_cpp.dir/rosidl_typesupport_introspection_cpp/franky_msgs/srv/detail/blocking_cartesian_move__type_support.cpp.o[0m
[1.478s] [ 37%] [32mBuilding CXX object CMakeFiles/franky_msgs__rosidl_typesupport_introspection_cpp.dir/rosidl_typesupport_introspection_cpp/franky_msgs/srv/detail/blocking_joint_move__type_support.cpp.o[0m
[1.480s] [ 38%] [32mBuilding CXX object CMakeFiles/franky_msgs__rosidl_typesupport_c.dir/rosidl_typesupport_c/franky_msgs/msg/gripper_state__type_support.cpp.o[0m
[1.480s] [ 39%] [32mBuilding CXX object CMakeFiles/franky_msgs__rosidl_typesupport_c.dir/rosidl_typesupport_c/franky_msgs/msg/joint_velocity__type_support.cpp.o[0m
[1.480s] [ 40%] [32mBuilding CXX object CMakeFiles/franky_msgs__rosidl_typesupport_introspection_cpp.dir/rosidl_typesupport_introspection_cpp/franky_msgs/srv/detail/blocking_gripper_move__type_support.cpp.o[0m
[1.482s] [ 41%] [32mBuilding CXX object CMakeFiles/franky_msgs__rosidl_typesupport_introspection_cpp.dir/rosidl_typesupport_introspection_cpp/franky_msgs/srv/detail/blocking_gripper_grasp__type_support.cpp.o[0m
[1.484s] [ 42%] [32mBuilding CXX object CMakeFiles/franky_msgs__rosidl_typesupport_c.dir/rosidl_typesupport_c/franky_msgs/msg/gripper_move__type_support.cpp.o[0m
[1.487s] [ 42%] [32mBuilding CXX object CMakeFiles/franky_msgs__rosidl_typesupport_c.dir/rosidl_typesupport_c/franky_msgs/srv/set_dynamics_factor__type_support.cpp.o[0m
[1.491s] [ 43%] [32mBuilding CXX object CMakeFiles/franky_msgs__rosidl_typesupport_c.dir/rosidl_typesupport_c/franky_msgs/msg/gripper_grasp__type_support.cpp.o[0m
[1.491s] [ 44%] [32mBuilding CXX object CMakeFiles/franky_msgs__rosidl_typesupport_c.dir/rosidl_typesupport_c/franky_msgs/srv/blocking_cartesian_move__type_support.cpp.o[0m
[1.492s] [ 45%] [32mBuilding CXX object CMakeFiles/franky_msgs__rosidl_typesupport_c.dir/rosidl_typesupport_c/franky_msgs/srv/blocking_joint_move__type_support.cpp.o[0m
[1.495s] [ 46%] [32m[1mLinking CXX shared library libfranky_msgs__rosidl_typesupport_cpp.so[0m
[1.502s] [ 47%] [32mBuilding CXX object CMakeFiles/franky_msgs__rosidl_typesupport_c.dir/rosidl_typesupport_c/franky_msgs/srv/blocking_gripper_move__type_support.cpp.o[0m
[1.505s] [ 48%] [32mBuilding CXX object CMakeFiles/franky_msgs__rosidl_typesupport_c.dir/rosidl_typesupport_c/franky_msgs/srv/blocking_gripper_grasp__type_support.cpp.o[0m
[1.526s] [ 48%] Built target franky_msgs__rosidl_typesupport_cpp
[1.533s] [ 49%] [32m[1mLinking CXX shared library libfranky_msgs__rosidl_typesupport_c.so[0m
[1.535s] [35m[1mConsolidate compiler generated dependencies of target franky_msgs__rosidl_typesupport_fastrtps_cpp[0m
[1.549s] [ 50%] [32mBuilding CXX object CMakeFiles/franky_msgs__rosidl_typesupport_fastrtps_cpp.dir/rosidl_typesupport_fastrtps_cpp/franky_msgs/msg/detail/dds_fastrtps/cartesian_move__type_support.cpp.o[0m
[1.554s] [ 51%] [32mBuilding CXX object CMakeFiles/franky_msgs__rosidl_typesupport_fastrtps_cpp.dir/rosidl_typesupport_fastrtps_cpp/franky_msgs/msg/detail/dds_fastrtps/cartesian_velocity__type_support.cpp.o[0m
[1.557s] [35m[1mConsolidate compiler generated dependencies of target franky_msgs__rosidl_typesupport_introspection_c[0m
[1.557s] [ 52%] [32mBuilding CXX object CMakeFiles/franky_msgs__rosidl_typesupport_fastrtps_cpp.dir/rosidl_typesupport_fastrtps_cpp/franky_msgs/msg/detail/dds_fastrtps/joint_move__type_support.cpp.o[0m
[1.558s] [ 53%] [32mBuilding CXX object CMakeFiles/franky_msgs__rosidl_typesupport_fastrtps_cpp.dir/rosidl_typesupport_fastrtps_cpp/franky_msgs/msg/detail/dds_fastrtps/joint_velocity__type_support.cpp.o[0m
[1.559s] [ 54%] [32mBuilding CXX object CMakeFiles/franky_msgs__rosidl_typesupport_fastrtps_cpp.dir/rosidl_typesupport_fastrtps_cpp/franky_msgs/msg/detail/dds_fastrtps/gripper_state__type_support.cpp.o[0m
[1.560s] [ 54%] [32mBuilding CXX object CMakeFiles/franky_msgs__rosidl_typesupport_fastrtps_cpp.dir/rosidl_typesupport_fastrtps_cpp/franky_msgs/msg/detail/dds_fastrtps/gripper_move__type_support.cpp.o[0m
[1.568s] [ 55%] [32mBuilding CXX object CMakeFiles/franky_msgs__rosidl_typesupport_fastrtps_cpp.dir/rosidl_typesupport_fastrtps_cpp/franky_msgs/msg/detail/dds_fastrtps/gripper_grasp__type_support.cpp.o[0m
[1.569s] [ 55%] Built target franky_msgs__rosidl_typesupport_c
[1.573s] [ 56%] [32mBuilding CXX object CMakeFiles/franky_msgs__rosidl_typesupport_fastrtps_cpp.dir/rosidl_typesupport_fastrtps_cpp/franky_msgs/srv/detail/dds_fastrtps/set_dynamics_factor__type_support.cpp.o[0m
[1.574s] [ 57%] [32mBuilding C object CMakeFiles/franky_msgs__rosidl_typesupport_introspection_c.dir/rosidl_typesupport_introspection_c/franky_msgs/msg/detail/cartesian_move__type_support.c.o[0m
[1.575s] [ 58%] [32mBuilding C object CMakeFiles/franky_msgs__rosidl_typesupport_introspection_c.dir/rosidl_typesupport_introspection_c/franky_msgs/msg/detail/cartesian_velocity__type_support.c.o[0m
[1.577s] [ 59%] [32mBuilding C object CMakeFiles/franky_msgs__rosidl_typesupport_introspection_c.dir/rosidl_typesupport_introspection_c/franky_msgs/msg/detail/joint_move__type_support.c.o[0m
[1.579s] [35m[1mConsolidate compiler generated dependencies of target franky_msgs__rosidl_typesupport_fastrtps_c[0m
[1.595s] [ 60%] [32mBuilding CXX object CMakeFiles/franky_msgs__rosidl_typesupport_fastrtps_c.dir/rosidl_typesupport_fastrtps_c/franky_msgs/msg/detail/cartesian_move__type_support_c.cpp.o[0m
[1.602s] [ 61%] [32mBuilding CXX object CMakeFiles/franky_msgs__rosidl_typesupport_fastrtps_c.dir/rosidl_typesupport_fastrtps_c/franky_msgs/msg/detail/cartesian_velocity__type_support_c.cpp.o[0m
[1.623s] [ 61%] [32mBuilding C object CMakeFiles/franky_msgs__rosidl_typesupport_introspection_c.dir/rosidl_typesupport_introspection_c/franky_msgs/msg/detail/joint_velocity__type_support.c.o[0m
[1.629s] [ 61%] [32mBuilding CXX object CMakeFiles/franky_msgs__rosidl_typesupport_fastrtps_c.dir/rosidl_typesupport_fastrtps_c/franky_msgs/msg/detail/joint_move__type_support_c.cpp.o[0m
[1.654s] [ 62%] [32mBuilding CXX object CMakeFiles/franky_msgs__rosidl_typesupport_fastrtps_c.dir/rosidl_typesupport_fastrtps_c/franky_msgs/msg/detail/joint_velocity__type_support_c.cpp.o[0m
[1.669s] [ 63%] [32mBuilding C object CMakeFiles/franky_msgs__rosidl_typesupport_introspection_c.dir/rosidl_typesupport_introspection_c/franky_msgs/msg/detail/gripper_state__type_support.c.o[0m
[1.670s] [ 64%] [32mBuilding CXX object CMakeFiles/franky_msgs__rosidl_typesupport_fastrtps_cpp.dir/rosidl_typesupport_fastrtps_cpp/franky_msgs/srv/detail/dds_fastrtps/blocking_joint_move__type_support.cpp.o[0m
[1.671s] [ 65%] [32mBuilding CXX object CMakeFiles/franky_msgs__rosidl_typesupport_fastrtps_cpp.dir/rosidl_typesupport_fastrtps_cpp/franky_msgs/srv/detail/dds_fastrtps/blocking_cartesian_move__type_support.cpp.o[0m
[1.674s] [ 66%] [32mBuilding C object CMakeFiles/franky_msgs__rosidl_typesupport_introspection_c.dir/rosidl_typesupport_introspection_c/franky_msgs/msg/detail/gripper_move__type_support.c.o[0m
[1.674s] [ 67%] [32mBuilding CXX object CMakeFiles/franky_msgs__rosidl_typesupport_fastrtps_c.dir/rosidl_typesupport_fastrtps_c/franky_msgs/msg/detail/gripper_state__type_support_c.cpp.o[0m
[1.683s] [ 69%] [32mBuilding C object CMakeFiles/franky_msgs__rosidl_typesupport_introspection_c.dir/rosidl_typesupport_introspection_c/franky_msgs/msg/detail/gripper_grasp__type_support.c.o[0m
[1.683s] [ 69%] [32mBuilding C object CMakeFiles/franky_msgs__rosidl_typesupport_introspection_c.dir/rosidl_typesupport_introspection_c/franky_msgs/srv/detail/set_dynamics_factor__type_support.c.o[0m
[1.698s] [ 70%] [32mBuilding CXX object CMakeFiles/franky_msgs__rosidl_typesupport_fastrtps_c.dir/rosidl_typesupport_fastrtps_c/franky_msgs/msg/detail/gripper_move__type_support_c.cpp.o[0m
[1.698s] [ 71%] [32mBuilding CXX object CMakeFiles/franky_msgs__rosidl_typesupport_fastrtps_cpp.dir/rosidl_typesupport_fastrtps_cpp/franky_msgs/srv/detail/dds_fastrtps/blocking_gripper_move__type_support.cpp.o[0m
[1.704s] [ 72%] [32mBuilding CXX object CMakeFiles/franky_msgs__rosidl_typesupport_fastrtps_c.dir/rosidl_typesupport_fastrtps_c/franky_msgs/msg/detail/gripper_grasp__type_support_c.cpp.o[0m
[1.718s] [ 72%] [32mBuilding CXX object CMakeFiles/franky_msgs__rosidl_typesupport_fastrtps_cpp.dir/rosidl_typesupport_fastrtps_cpp/franky_msgs/srv/detail/dds_fastrtps/blocking_gripper_grasp__type_support.cpp.o[0m
[1.720s] [ 74%] [32mBuilding C object CMakeFiles/franky_msgs__rosidl_typesupport_introspection_c.dir/rosidl_typesupport_introspection_c/franky_msgs/srv/detail/blocking_cartesian_move__type_support.c.o[0m
[1.723s] [ 74%] [32mBuilding CXX object CMakeFiles/franky_msgs__rosidl_typesupport_fastrtps_c.dir/rosidl_typesupport_fastrtps_c/franky_msgs/srv/detail/set_dynamics_factor__type_support_c.cpp.o[0m
[1.730s] [ 74%] [32mBuilding CXX object CMakeFiles/franky_msgs__rosidl_typesupport_fastrtps_c.dir/rosidl_typesupport_fastrtps_c/franky_msgs/srv/detail/blocking_cartesian_move__type_support_c.cpp.o[0m
[1.734s] [ 75%] [32mBuilding C object CMakeFiles/franky_msgs__rosidl_typesupport_introspection_c.dir/rosidl_typesupport_introspection_c/franky_msgs/srv/detail/blocking_joint_move__type_support.c.o[0m
[1.762s] [ 75%] [32mBuilding C object CMakeFiles/franky_msgs__rosidl_typesupport_introspection_c.dir/rosidl_typesupport_introspection_c/franky_msgs/srv/detail/blocking_gripper_move__type_support.c.o[0m
[1.781s] [ 76%] [32mBuilding C object CMakeFiles/franky_msgs__rosidl_typesupport_introspection_c.dir/rosidl_typesupport_introspection_c/franky_msgs/srv/detail/blocking_gripper_grasp__type_support.c.o[0m
[1.781s] [ 77%] [32m[1mLinking CXX shared library libfranky_msgs__rosidl_typesupport_introspection_cpp.so[0m
[1.795s] [ 78%] [32mBuilding CXX object CMakeFiles/franky_msgs__rosidl_typesupport_fastrtps_c.dir/rosidl_typesupport_fastrtps_c/franky_msgs/srv/detail/blocking_joint_move__type_support_c.cpp.o[0m
[1.805s] [ 79%] [32mBuilding CXX object CMakeFiles/franky_msgs__rosidl_typesupport_fastrtps_c.dir/rosidl_typesupport_fastrtps_c/franky_msgs/srv/detail/blocking_gripper_move__type_support_c.cpp.o[0m
[1.813s] [ 80%] [32mBuilding CXX object CMakeFiles/franky_msgs__rosidl_typesupport_fastrtps_c.dir/rosidl_typesupport_fastrtps_c/franky_msgs/srv/detail/blocking_gripper_grasp__type_support_c.cpp.o[0m
[1.821s] [ 81%] [32m[1mLinking C shared library libfranky_msgs__rosidl_typesupport_introspection_c.so[0m
[1.851s] [ 81%] Built target franky_msgs__rosidl_typesupport_introspection_c
[1.860s] [ 81%] Built target franky_msgs__rosidl_typesupport_introspection_cpp
[1.949s] [ 82%] [32m[1mLinking CXX shared library libfranky_msgs__rosidl_typesupport_fastrtps_cpp.so[0m
[1.984s] [ 82%] Built target franky_msgs__rosidl_typesupport_fastrtps_cpp
[1.985s] [ 83%] [32m[1mLinking CXX shared library libfranky_msgs__rosidl_typesupport_fastrtps_c.so[0m
[2.018s] [ 83%] Built target franky_msgs__rosidl_typesupport_fastrtps_c
[2.025s] [ 83%] Built target franky_msgs
[2.033s] [ 84%] [34m[1mGenerating Python code for ROS interfaces[0m
[2.646s] [ 84%] Built target franky_msgs__py
[2.650s] [35m[1mConsolidate compiler generated dependencies of target franky_msgs__rosidl_generator_py[0m
[2.657s] [ 85%] [32mBuilding C object CMakeFiles/franky_msgs__rosidl_generator_py.dir/rosidl_generator_py/franky_msgs/msg/_cartesian_move_s.c.o[0m
[2.657s] [ 86%] [32mBuilding C object CMakeFiles/franky_msgs__rosidl_generator_py.dir/rosidl_generator_py/franky_msgs/msg/_cartesian_velocity_s.c.o[0m
[2.658s] [ 86%] [32mBuilding C object CMakeFiles/franky_msgs__rosidl_generator_py.dir/rosidl_generator_py/franky_msgs/msg/_joint_move_s.c.o[0m
[2.658s] [ 87%] [32mBuilding C object CMakeFiles/franky_msgs__rosidl_generator_py.dir/rosidl_generator_py/franky_msgs/msg/_joint_velocity_s.c.o[0m
[2.658s] [ 88%] [32mBuilding C object CMakeFiles/franky_msgs__rosidl_generator_py.dir/rosidl_generator_py/franky_msgs/msg/_gripper_grasp_s.c.o[0m
[2.658s] [ 89%] [32mBuilding C object CMakeFiles/franky_msgs__rosidl_generator_py.dir/rosidl_generator_py/franky_msgs/msg/_gripper_state_s.c.o[0m
[2.658s] [ 90%] [32mBuilding C object CMakeFiles/franky_msgs__rosidl_generator_py.dir/rosidl_generator_py/franky_msgs/msg/_gripper_move_s.c.o[0m
[2.658s] [ 91%] [32mBuilding C object CMakeFiles/franky_msgs__rosidl_generator_py.dir/rosidl_generator_py/franky_msgs/srv/_set_dynamics_factor_s.c.o[0m
[2.659s] [ 92%] [32mBuilding C object CMakeFiles/franky_msgs__rosidl_generator_py.dir/rosidl_generator_py/franky_msgs/srv/_blocking_cartesian_move_s.c.o[0m
[2.659s] [ 93%] [32mBuilding C object CMakeFiles/franky_msgs__rosidl_generator_py.dir/rosidl_generator_py/franky_msgs/srv/_blocking_gripper_move_s.c.o[0m
[2.659s] [ 93%] [32mBuilding C object CMakeFiles/franky_msgs__rosidl_generator_py.dir/rosidl_generator_py/franky_msgs/srv/_blocking_joint_move_s.c.o[0m
[2.659s] [ 94%] [32mBuilding C object CMakeFiles/franky_msgs__rosidl_generator_py.dir/rosidl_generator_py/franky_msgs/srv/_blocking_gripper_grasp_s.c.o[0m
[2.715s] [ 95%] [32m[1mLinking C shared library rosidl_generator_py/franky_msgs/libfranky_msgs__rosidl_generator_py.so[0m
[2.734s] [ 95%] Built target franky_msgs__rosidl_generator_py
[2.739s] [35m[1mConsolidate compiler generated dependencies of target franky_msgs__rosidl_typesupport_introspection_c__pyext[0m
[2.739s] [35m[1mConsolidate compiler generated dependencies of target franky_msgs__rosidl_typesupport_c__pyext[0m
[2.739s] [35m[1mConsolidate compiler generated dependencies of target franky_msgs__rosidl_typesupport_fastrtps_c__pyext[0m
[2.744s] [ 96%] [32mBuilding C object CMakeFiles/franky_msgs__rosidl_typesupport_introspection_c__pyext.dir/rosidl_generator_py/franky_msgs/_franky_msgs_s.ep.rosidl_typesupport_introspection_c.c.o[0m
[2.744s] [ 97%] [32mBuilding C object CMakeFiles/franky_msgs__rosidl_typesupport_c__pyext.dir/rosidl_generator_py/franky_msgs/_franky_msgs_s.ep.rosidl_typesupport_c.c.o[0m
[2.744s] [ 97%] [32mBuilding C object CMakeFiles/franky_msgs__rosidl_typesupport_fastrtps_c__pyext.dir/rosidl_generator_py/franky_msgs/_franky_msgs_s.ep.rosidl_typesupport_fastrtps_c.c.o[0m
[2.804s] [ 99%] [32m[1mLinking C shared library rosidl_generator_py/franky_msgs/franky_msgs_s__rosidl_typesupport_introspection_c.cpython-310-x86_64-linux-gnu.so[0m
[2.804s] [ 99%] [32m[1mLinking C shared library rosidl_generator_py/franky_msgs/franky_msgs_s__rosidl_typesupport_fastrtps_c.cpython-310-x86_64-linux-gnu.so[0m
[2.805s] [100%] [32m[1mLinking C shared library rosidl_generator_py/franky_msgs/franky_msgs_s__rosidl_typesupport_c.cpython-310-x86_64-linux-gnu.so[0m
[2.821s] [100%] Built target franky_msgs__rosidl_typesupport_introspection_c__pyext
[2.822s] [100%] Built target franky_msgs__rosidl_typesupport_c__pyext
[2.822s] [100%] Built target franky_msgs__rosidl_typesupport_fastrtps_c__pyext
[2.828s] Invoked command in '/home/user/franka-docker/franka_ws/build/franky_msgs' returned '0': CMAKE_PREFIX_PATH=${CMAKE_PREFIX_PATH}:/home/user/franka-docker/franka_ws/install/franky_ros:/opt/ros/humble /usr/bin/cmake --build /home/user/franka-docker/franka_ws/build/franky_msgs -- -j24 -l24
[2.832s] Invoking command in '/home/user/franka-docker/franka_ws/build/franky_msgs': CMAKE_PREFIX_PATH=${CMAKE_PREFIX_PATH}:/home/user/franka-docker/franka_ws/install/franky_ros:/opt/ros/humble /usr/bin/cmake --install /home/user/franka-docker/franka_ws/build/franky_msgs
[2.835s] -- Install configuration: ""
[2.835s] -- Execute custom install script
[2.835s] -- Up-to-date symlink: /home/user/franka-docker/franka_ws/install/franky_msgs/share/ament_index/resource_index/rosidl_interfaces/franky_msgs
[2.836s] -- Up-to-date symlink: /home/user/franka-docker/franka_ws/install/franky_msgs/include/franky_msgs/franky_msgs/msg/cartesian_move.h
[2.836s] -- Up-to-date symlink: /home/user/franka-docker/franka_ws/install/franky_msgs/include/franky_msgs/franky_msgs/msg/cartesian_velocity.h
[2.836s] -- Up-to-date symlink: /home/user/franka-docker/franka_ws/install/franky_msgs/include/franky_msgs/franky_msgs/msg/detail/cartesian_move__functions.h
[2.836s] -- Up-to-date symlink: /home/user/franka-docker/franka_ws/install/franky_msgs/include/franky_msgs/franky_msgs/msg/detail/cartesian_move__struct.h
[2.836s] -- Up-to-date symlink: /home/user/franka-docker/franka_ws/install/franky_msgs/include/franky_msgs/franky_msgs/msg/detail/cartesian_move__type_support.h
[2.836s] -- Up-to-date symlink: /home/user/franka-docker/franka_ws/install/franky_msgs/include/franky_msgs/franky_msgs/msg/detail/cartesian_velocity__functions.h
[2.836s] -- Up-to-date symlink: /home/user/franka-docker/franka_ws/install/franky_msgs/include/franky_msgs/franky_msgs/msg/detail/cartesian_velocity__struct.h
[2.836s] -- Up-to-date symlink: /home/user/franka-docker/franka_ws/install/franky_msgs/include/franky_msgs/franky_msgs/msg/detail/cartesian_velocity__type_support.h
[2.836s] -- Symlinking: /home/user/franka-docker/franka_ws/install/franky_msgs/include/franky_msgs/franky_msgs/msg/detail/gripper_grasp__functions.h
[2.839s] -- Symlinking: /home/user/franka-docker/franka_ws/install/franky_msgs/include/franky_msgs/franky_msgs/msg/detail/gripper_grasp__struct.h
[2.842s] -- Symlinking: /home/user/franka-docker/franka_ws/install/franky_msgs/include/franky_msgs/franky_msgs/msg/detail/gripper_grasp__type_support.h
[2.845s] -- Symlinking: /home/user/franka-docker/franka_ws/install/franky_msgs/include/franky_msgs/franky_msgs/msg/detail/gripper_move__functions.h
[2.849s] -- Symlinking: /home/user/franka-docker/franka_ws/install/franky_msgs/include/franky_msgs/franky_msgs/msg/detail/gripper_move__struct.h
[2.852s] -- Symlinking: /home/user/franka-docker/franka_ws/install/franky_msgs/include/franky_msgs/franky_msgs/msg/detail/gripper_move__type_support.h
[2.855s] -- Up-to-date symlink: /home/user/franka-docker/franka_ws/install/franky_msgs/include/franky_msgs/franky_msgs/msg/detail/gripper_state__functions.h
[2.855s] -- Up-to-date symlink: /home/user/franka-docker/franka_ws/install/franky_msgs/include/franky_msgs/franky_msgs/msg/detail/gripper_state__struct.h
[2.855s] -- Up-to-date symlink: /home/user/franka-docker/franka_ws/install/franky_msgs/include/franky_msgs/franky_msgs/msg/detail/gripper_state__type_support.h
[2.855s] -- Up-to-date symlink: /home/user/franka-docker/franka_ws/install/franky_msgs/include/franky_msgs/franky_msgs/msg/detail/joint_move__functions.h
[2.855s] -- Up-to-date symlink: /home/user/franka-docker/franka_ws/install/franky_msgs/include/franky_msgs/franky_msgs/msg/detail/joint_move__struct.h
[2.855s] -- Up-to-date symlink: /home/user/franka-docker/franka_ws/install/franky_msgs/include/franky_msgs/franky_msgs/msg/detail/joint_move__type_support.h
[2.855s] -- Up-to-date symlink: /home/user/franka-docker/franka_ws/install/franky_msgs/include/franky_msgs/franky_msgs/msg/detail/joint_velocity__functions.h
[2.855s] -- Up-to-date symlink: /home/user/franka-docker/franka_ws/install/franky_msgs/include/franky_msgs/franky_msgs/msg/detail/joint_velocity__struct.h
[2.855s] -- Up-to-date symlink: /home/user/franka-docker/franka_ws/install/franky_msgs/include/franky_msgs/franky_msgs/msg/detail/joint_velocity__type_support.h
[2.855s] -- Symlinking: /home/user/franka-docker/franka_ws/install/franky_msgs/include/franky_msgs/franky_msgs/msg/gripper_grasp.h
[2.858s] -- Symlinking: /home/user/franka-docker/franka_ws/install/franky_msgs/include/franky_msgs/franky_msgs/msg/gripper_move.h
[2.861s] -- Up-to-date symlink: /home/user/franka-docker/franka_ws/install/franky_msgs/include/franky_msgs/franky_msgs/msg/gripper_state.h
[2.861s] -- Up-to-date symlink: /home/user/franka-docker/franka_ws/install/franky_msgs/include/franky_msgs/franky_msgs/msg/joint_move.h
[2.861s] -- Up-to-date symlink: /home/user/franka-docker/franka_ws/install/franky_msgs/include/franky_msgs/franky_msgs/msg/joint_velocity.h
[2.861s] -- Up-to-date symlink: /home/user/franka-docker/franka_ws/install/franky_msgs/include/franky_msgs/franky_msgs/msg/rosidl_generator_c__visibility_control.h
[2.861s] -- Up-to-date symlink: /home/user/franka-docker/franka_ws/install/franky_msgs/include/franky_msgs/franky_msgs/srv/blocking_cartesian_move.h
[2.861s] -- Symlinking: /home/user/franka-docker/franka_ws/install/franky_msgs/include/franky_msgs/franky_msgs/srv/blocking_gripper_grasp.h
[2.864s] -- Symlinking: /home/user/franka-docker/franka_ws/install/franky_msgs/include/franky_msgs/franky_msgs/srv/blocking_gripper_move.h
[2.867s] -- Up-to-date symlink: /home/user/franka-docker/franka_ws/install/franky_msgs/include/franky_msgs/franky_msgs/srv/blocking_joint_move.h
[2.867s] -- Up-to-date symlink: /home/user/franka-docker/franka_ws/install/franky_msgs/include/franky_msgs/franky_msgs/srv/detail/blocking_cartesian_move__functions.h
[2.867s] -- Up-to-date symlink: /home/user/franka-docker/franka_ws/install/franky_msgs/include/franky_msgs/franky_msgs/srv/detail/blocking_cartesian_move__struct.h
[2.867s] -- Up-to-date symlink: /home/user/franka-docker/franka_ws/install/franky_msgs/include/franky_msgs/franky_msgs/srv/detail/blocking_cartesian_move__type_support.h
[2.867s] -- Symlinking: /home/user/franka-docker/franka_ws/install/franky_msgs/include/franky_msgs/franky_msgs/srv/detail/blocking_gripper_grasp__functions.h
[2.870s] -- Symlinking: /home/user/franka-docker/franka_ws/install/franky_msgs/include/franky_msgs/franky_msgs/srv/detail/blocking_gripper_grasp__struct.h
[2.873s] -- Symlinking: /home/user/franka-docker/franka_ws/install/franky_msgs/include/franky_msgs/franky_msgs/srv/detail/blocking_gripper_grasp__type_support.h
[2.877s] -- Symlinking: /home/user/franka-docker/franka_ws/install/franky_msgs/include/franky_msgs/franky_msgs/srv/detail/blocking_gripper_move__functions.h
[2.881s] -- Symlinking: /home/user/franka-docker/franka_ws/install/franky_msgs/include/franky_msgs/franky_msgs/srv/detail/blocking_gripper_move__struct.h
[2.885s] -- Symlinking: /home/user/franka-docker/franka_ws/install/franky_msgs/include/franky_msgs/franky_msgs/srv/detail/blocking_gripper_move__type_support.h
[2.888s] -- Up-to-date symlink: /home/user/franka-docker/franka_ws/install/franky_msgs/include/franky_msgs/franky_msgs/srv/detail/blocking_joint_move__functions.h
[2.888s] -- Up-to-date symlink: /home/user/franka-docker/franka_ws/install/franky_msgs/include/franky_msgs/franky_msgs/srv/detail/blocking_joint_move__struct.h
[2.888s] -- Up-to-date symlink: /home/user/franka-docker/franka_ws/install/franky_msgs/include/franky_msgs/franky_msgs/srv/detail/blocking_joint_move__type_support.h
[2.888s] -- Up-to-date symlink: /home/user/franka-docker/franka_ws/install/franky_msgs/include/franky_msgs/franky_msgs/srv/detail/set_dynamics_factor__functions.h
[2.888s] -- Up-to-date symlink: /home/user/franka-docker/franka_ws/install/franky_msgs/include/franky_msgs/franky_msgs/srv/detail/set_dynamics_factor__struct.h
[2.888s] -- Up-to-date symlink: /home/user/franka-docker/franka_ws/install/franky_msgs/include/franky_msgs/franky_msgs/srv/detail/set_dynamics_factor__type_support.h
[2.888s] -- Up-to-date symlink: /home/user/franka-docker/franka_ws/install/franky_msgs/include/franky_msgs/franky_msgs/srv/set_dynamics_factor.h
[2.888s] -- Up-to-date symlink: /home/user/franka-docker/franka_ws/install/franky_msgs/share/franky_msgs/environment/library_path.sh
[2.888s] -- Up-to-date symlink: /home/user/franka-docker/franka_ws/install/franky_msgs/share/franky_msgs/environment/library_path.dsv
[2.889s] -- Up-to-date symlink: /home/user/franka-docker/franka_ws/install/franky_msgs/include/franky_msgs/franky_msgs/msg/detail/cartesian_move__rosidl_typesupport_fastrtps_c.h
[2.889s] -- Up-to-date symlink: /home/user/franka-docker/franka_ws/install/franky_msgs/include/franky_msgs/franky_msgs/msg/detail/cartesian_velocity__rosidl_typesupport_fastrtps_c.h
[2.889s] -- Symlinking: /home/user/franka-docker/franka_ws/install/franky_msgs/include/franky_msgs/franky_msgs/msg/detail/gripper_grasp__rosidl_typesupport_fastrtps_c.h
[2.893s] -- Symlinking: /home/user/franka-docker/franka_ws/install/franky_msgs/include/franky_msgs/franky_msgs/msg/detail/gripper_move__rosidl_typesupport_fastrtps_c.h
[2.896s] -- Up-to-date symlink: /home/user/franka-docker/franka_ws/install/franky_msgs/include/franky_msgs/franky_msgs/msg/detail/gripper_state__rosidl_typesupport_fastrtps_c.h
[2.896s] -- Up-to-date symlink: /home/user/franka-docker/franka_ws/install/franky_msgs/include/franky_msgs/franky_msgs/msg/detail/joint_move__rosidl_typesupport_fastrtps_c.h
[2.897s] -- Up-to-date symlink: /home/user/franka-docker/franka_ws/install/franky_msgs/include/franky_msgs/franky_msgs/msg/detail/joint_velocity__rosidl_typesupport_fastrtps_c.h
[2.897s] -- Up-to-date symlink: /home/user/franka-docker/franka_ws/install/franky_msgs/include/franky_msgs/franky_msgs/msg/rosidl_typesupport_fastrtps_c__visibility_control.h
[2.897s] -- Up-to-date symlink: /home/user/franka-docker/franka_ws/install/franky_msgs/include/franky_msgs/franky_msgs/srv/detail/blocking_cartesian_move__rosidl_typesupport_fastrtps_c.h
[2.897s] -- Symlinking: /home/user/franka-docker/franka_ws/install/franky_msgs/include/franky_msgs/franky_msgs/srv/detail/blocking_gripper_grasp__rosidl_typesupport_fastrtps_c.h
[2.900s] -- Symlinking: /home/user/franka-docker/franka_ws/install/franky_msgs/include/franky_msgs/franky_msgs/srv/detail/blocking_gripper_move__rosidl_typesupport_fastrtps_c.h
[2.904s] -- Up-to-date symlink: /home/user/franka-docker/franka_ws/install/franky_msgs/include/franky_msgs/franky_msgs/srv/detail/blocking_joint_move__rosidl_typesupport_fastrtps_c.h
[2.904s] -- Up-to-date symlink: /home/user/franka-docker/franka_ws/install/franky_msgs/include/franky_msgs/franky_msgs/srv/detail/set_dynamics_factor__rosidl_typesupport_fastrtps_c.h
[2.905s] -- Up-to-date symlink: /home/user/franka-docker/franka_ws/install/franky_msgs/include/franky_msgs/franky_msgs/msg/detail/cartesian_move__rosidl_typesupport_introspection_c.h
[2.905s] -- Up-to-date symlink: /home/user/franka-docker/franka_ws/install/franky_msgs/include/franky_msgs/franky_msgs/msg/detail/cartesian_velocity__rosidl_typesupport_introspection_c.h
[2.905s] -- Symlinking: /home/user/franka-docker/franka_ws/install/franky_msgs/include/franky_msgs/franky_msgs/msg/detail/gripper_grasp__rosidl_typesupport_introspection_c.h
[2.909s] -- Symlinking: /home/user/franka-docker/franka_ws/install/franky_msgs/include/franky_msgs/franky_msgs/msg/detail/gripper_move__rosidl_typesupport_introspection_c.h
[2.912s] -- Up-to-date symlink: /home/user/franka-docker/franka_ws/install/franky_msgs/include/franky_msgs/franky_msgs/msg/detail/gripper_state__rosidl_typesupport_introspection_c.h
[2.912s] -- Up-to-date symlink: /home/user/franka-docker/franka_ws/install/franky_msgs/include/franky_msgs/franky_msgs/msg/detail/joint_move__rosidl_typesupport_introspection_c.h
[2.912s] -- Up-to-date symlink: /home/user/franka-docker/franka_ws/install/franky_msgs/include/franky_msgs/franky_msgs/msg/detail/joint_velocity__rosidl_typesupport_introspection_c.h
[2.912s] -- Up-to-date symlink: /home/user/franka-docker/franka_ws/install/franky_msgs/include/franky_msgs/franky_msgs/msg/rosidl_typesupport_introspection_c__visibility_control.h
[2.912s] -- Up-to-date symlink: /home/user/franka-docker/franka_ws/install/franky_msgs/include/franky_msgs/franky_msgs/srv/detail/blocking_cartesian_move__rosidl_typesupport_introspection_c.h
[2.912s] -- Symlinking: /home/user/franka-docker/franka_ws/install/franky_msgs/include/franky_msgs/franky_msgs/srv/detail/blocking_gripper_grasp__rosidl_typesupport_introspection_c.h
[2.916s] -- Symlinking: /home/user/franka-docker/franka_ws/install/franky_msgs/include/franky_msgs/franky_msgs/srv/detail/blocking_gripper_move__rosidl_typesupport_introspection_c.h
[2.919s] -- Up-to-date symlink: /home/user/franka-docker/franka_ws/install/franky_msgs/include/franky_msgs/franky_msgs/srv/detail/blocking_joint_move__rosidl_typesupport_introspection_c.h
[2.919s] -- Up-to-date symlink: /home/user/franka-docker/franka_ws/install/franky_msgs/include/franky_msgs/franky_msgs/srv/detail/set_dynamics_factor__rosidl_typesupport_introspection_c.h
[2.920s] -- Up-to-date symlink: /home/user/franka-docker/franka_ws/install/franky_msgs/include/franky_msgs/franky_msgs/msg/cartesian_move.hpp
[2.920s] -- Up-to-date symlink: /home/user/franka-docker/franka_ws/install/franky_msgs/include/franky_msgs/franky_msgs/msg/cartesian_velocity.hpp
[2.920s] -- Up-to-date symlink: /home/user/franka-docker/franka_ws/install/franky_msgs/include/franky_msgs/franky_msgs/msg/detail/cartesian_move__builder.hpp
[2.920s] -- Up-to-date symlink: /home/user/franka-docker/franka_ws/install/franky_msgs/include/franky_msgs/franky_msgs/msg/detail/cartesian_move__struct.hpp
[2.920s] -- Up-to-date symlink: /home/user/franka-docker/franka_ws/install/franky_msgs/include/franky_msgs/franky_msgs/msg/detail/cartesian_move__traits.hpp
[2.920s] -- Up-to-date symlink: /home/user/franka-docker/franka_ws/install/franky_msgs/include/franky_msgs/franky_msgs/msg/detail/cartesian_move__type_support.hpp
[2.920s] -- Up-to-date symlink: /home/user/franka-docker/franka_ws/install/franky_msgs/include/franky_msgs/franky_msgs/msg/detail/cartesian_velocity__builder.hpp
[2.920s] -- Up-to-date symlink: /home/user/franka-docker/franka_ws/install/franky_msgs/include/franky_msgs/franky_msgs/msg/detail/cartesian_velocity__struct.hpp
[2.920s] -- Up-to-date symlink: /home/user/franka-docker/franka_ws/install/franky_msgs/include/franky_msgs/franky_msgs/msg/detail/cartesian_velocity__traits.hpp
[2.920s] -- Up-to-date symlink: /home/user/franka-docker/franka_ws/install/franky_msgs/include/franky_msgs/franky_msgs/msg/detail/cartesian_velocity__type_support.hpp
[2.920s] -- Symlinking: /home/user/franka-docker/franka_ws/install/franky_msgs/include/franky_msgs/franky_msgs/msg/detail/gripper_grasp__builder.hpp
[2.925s] -- Symlinking: /home/user/franka-docker/franka_ws/install/franky_msgs/include/franky_msgs/franky_msgs/msg/detail/gripper_grasp__struct.hpp
[2.929s] -- Symlinking: /home/user/franka-docker/franka_ws/install/franky_msgs/include/franky_msgs/franky_msgs/msg/detail/gripper_grasp__traits.hpp
[2.932s] -- Symlinking: /home/user/franka-docker/franka_ws/install/franky_msgs/include/franky_msgs/franky_msgs/msg/detail/gripper_grasp__type_support.hpp
[2.936s] -- Symlinking: /home/user/franka-docker/franka_ws/install/franky_msgs/include/franky_msgs/franky_msgs/msg/detail/gripper_move__builder.hpp
[2.939s] -- Symlinking: /home/user/franka-docker/franka_ws/install/franky_msgs/include/franky_msgs/franky_msgs/msg/detail/gripper_move__struct.hpp
[2.943s] -- Symlinking: /home/user/franka-docker/franka_ws/install/franky_msgs/include/franky_msgs/franky_msgs/msg/detail/gripper_move__traits.hpp
[2.946s] -- Symlinking: /home/user/franka-docker/franka_ws/install/franky_msgs/include/franky_msgs/franky_msgs/msg/detail/gripper_move__type_support.hpp
[2.951s] -- Up-to-date symlink: /home/user/franka-docker/franka_ws/install/franky_msgs/include/franky_msgs/franky_msgs/msg/detail/gripper_state__builder.hpp
[2.951s] -- Up-to-date symlink: /home/user/franka-docker/franka_ws/install/franky_msgs/include/franky_msgs/franky_msgs/msg/detail/gripper_state__struct.hpp
[2.951s] -- Up-to-date symlink: /home/user/franka-docker/franka_ws/install/franky_msgs/include/franky_msgs/franky_msgs/msg/detail/gripper_state__traits.hpp
[2.951s] -- Up-to-date symlink: /home/user/franka-docker/franka_ws/install/franky_msgs/include/franky_msgs/franky_msgs/msg/detail/gripper_state__type_support.hpp
[2.951s] -- Up-to-date symlink: /home/user/franka-docker/franka_ws/install/franky_msgs/include/franky_msgs/franky_msgs/msg/detail/joint_move__builder.hpp
[2.952s] -- Up-to-date symlink: /home/user/franka-docker/franka_ws/install/franky_msgs/include/franky_msgs/franky_msgs/msg/detail/joint_move__struct.hpp
[2.952s] -- Up-to-date symlink: /home/user/franka-docker/franka_ws/install/franky_msgs/include/franky_msgs/franky_msgs/msg/detail/joint_move__traits.hpp
[2.952s] -- Up-to-date symlink: /home/user/franka-docker/franka_ws/install/franky_msgs/include/franky_msgs/franky_msgs/msg/detail/joint_move__type_support.hpp
[2.952s] -- Up-to-date symlink: /home/user/franka-docker/franka_ws/install/franky_msgs/include/franky_msgs/franky_msgs/msg/detail/joint_velocity__builder.hpp
[2.952s] -- Up-to-date symlink: /home/user/franka-docker/franka_ws/install/franky_msgs/include/franky_msgs/franky_msgs/msg/detail/joint_velocity__struct.hpp
[2.952s] -- Up-to-date symlink: /home/user/franka-docker/franka_ws/install/franky_msgs/include/franky_msgs/franky_msgs/msg/detail/joint_velocity__traits.hpp
[2.952s] -- Up-to-date symlink: /home/user/franka-docker/franka_ws/install/franky_msgs/include/franky_msgs/franky_msgs/msg/detail/joint_velocity__type_support.hpp
[2.952s] -- Symlinking: /home/user/franka-docker/franka_ws/install/franky_msgs/include/franky_msgs/franky_msgs/msg/gripper_grasp.hpp
[2.955s] -- Symlinking: /home/user/franka-docker/franka_ws/install/franky_msgs/include/franky_msgs/franky_msgs/msg/gripper_move.hpp
[2.958s] -- Up-to-date symlink: /home/user/franka-docker/franka_ws/install/franky_msgs/include/franky_msgs/franky_msgs/msg/gripper_state.hpp
[2.958s] -- Up-to-date symlink: /home/user/franka-docker/franka_ws/install/franky_msgs/include/franky_msgs/franky_msgs/msg/joint_move.hpp
[2.958s] -- Up-to-date symlink: /home/user/franka-docker/franka_ws/install/franky_msgs/include/franky_msgs/franky_msgs/msg/joint_velocity.hpp
[2.958s] -- Up-to-date symlink: /home/user/franka-docker/franka_ws/install/franky_msgs/include/franky_msgs/franky_msgs/msg/rosidl_generator_cpp__visibility_control.hpp
[2.958s] -- Up-to-date symlink: /home/user/franka-docker/franka_ws/install/franky_msgs/include/franky_msgs/franky_msgs/srv/blocking_cartesian_move.hpp
[2.958s] -- Symlinking: /home/user/franka-docker/franka_ws/install/franky_msgs/include/franky_msgs/franky_msgs/srv/blocking_gripper_grasp.hpp
[2.962s] -- Symlinking: /home/user/franka-docker/franka_ws/install/franky_msgs/include/franky_msgs/franky_msgs/srv/blocking_gripper_move.hpp
[2.965s] -- Up-to-date symlink: /home/user/franka-docker/franka_ws/install/franky_msgs/include/franky_msgs/franky_msgs/srv/blocking_joint_move.hpp
[2.965s] -- Up-to-date symlink: /home/user/franka-docker/franka_ws/install/franky_msgs/include/franky_msgs/franky_msgs/srv/detail/blocking_cartesian_move__builder.hpp
[2.965s] -- Up-to-date symlink: /home/user/franka-docker/franka_ws/install/franky_msgs/include/franky_msgs/franky_msgs/srv/detail/blocking_cartesian_move__struct.hpp
[2.965s] -- Up-to-date symlink: /home/user/franka-docker/franka_ws/install/franky_msgs/include/franky_msgs/franky_msgs/srv/detail/blocking_cartesian_move__traits.hpp
[2.965s] -- Up-to-date symlink: /home/user/franka-docker/franka_ws/install/franky_msgs/include/franky_msgs/franky_msgs/srv/detail/blocking_cartesian_move__type_support.hpp
[2.965s] -- Symlinking: /home/user/franka-docker/franka_ws/install/franky_msgs/include/franky_msgs/franky_msgs/srv/detail/blocking_gripper_grasp__builder.hpp
[2.969s] -- Symlinking: /home/user/franka-docker/franka_ws/install/franky_msgs/include/franky_msgs/franky_msgs/srv/detail/blocking_gripper_grasp__struct.hpp
[2.973s] -- Symlinking: /home/user/franka-docker/franka_ws/install/franky_msgs/include/franky_msgs/franky_msgs/srv/detail/blocking_gripper_grasp__traits.hpp
[2.976s] -- Symlinking: /home/user/franka-docker/franka_ws/install/franky_msgs/include/franky_msgs/franky_msgs/srv/detail/blocking_gripper_grasp__type_support.hpp
[2.980s] -- Symlinking: /home/user/franka-docker/franka_ws/install/franky_msgs/include/franky_msgs/franky_msgs/srv/detail/blocking_gripper_move__builder.hpp
[2.983s] -- Symlinking: /home/user/franka-docker/franka_ws/install/franky_msgs/include/franky_msgs/franky_msgs/srv/detail/blocking_gripper_move__struct.hpp
[2.987s] -- Symlinking: /home/user/franka-docker/franka_ws/install/franky_msgs/include/franky_msgs/franky_msgs/srv/detail/blocking_gripper_move__traits.hpp
[2.991s] -- Symlinking: /home/user/franka-docker/franka_ws/install/franky_msgs/include/franky_msgs/franky_msgs/srv/detail/blocking_gripper_move__type_support.hpp
[2.994s] -- Up-to-date symlink: /home/user/franka-docker/franka_ws/install/franky_msgs/include/franky_msgs/franky_msgs/srv/detail/blocking_joint_move__builder.hpp
[2.994s] -- Up-to-date symlink: /home/user/franka-docker/franka_ws/install/franky_msgs/include/franky_msgs/franky_msgs/srv/detail/blocking_joint_move__struct.hpp
[2.994s] -- Up-to-date symlink: /home/user/franka-docker/franka_ws/install/franky_msgs/include/franky_msgs/franky_msgs/srv/detail/blocking_joint_move__traits.hpp
[2.995s] -- Up-to-date symlink: /home/user/franka-docker/franka_ws/install/franky_msgs/include/franky_msgs/franky_msgs/srv/detail/blocking_joint_move__type_support.hpp
[2.995s] -- Up-to-date symlink: /home/user/franka-docker/franka_ws/install/franky_msgs/include/franky_msgs/franky_msgs/srv/detail/set_dynamics_factor__builder.hpp
[2.995s] -- Up-to-date symlink: /home/user/franka-docker/franka_ws/install/franky_msgs/include/franky_msgs/franky_msgs/srv/detail/set_dynamics_factor__struct.hpp
[2.995s] -- Up-to-date symlink: /home/user/franka-docker/franka_ws/install/franky_msgs/include/franky_msgs/franky_msgs/srv/detail/set_dynamics_factor__traits.hpp
[2.995s] -- Up-to-date symlink: /home/user/franka-docker/franka_ws/install/franky_msgs/include/franky_msgs/franky_msgs/srv/detail/set_dynamics_factor__type_support.hpp
[2.995s] -- Up-to-date symlink: /home/user/franka-docker/franka_ws/install/franky_msgs/include/franky_msgs/franky_msgs/srv/set_dynamics_factor.hpp
[2.995s] -- Up-to-date symlink: /home/user/franka-docker/franka_ws/install/franky_msgs/include/franky_msgs/franky_msgs/msg/detail/cartesian_move__rosidl_typesupport_fastrtps_cpp.hpp
[2.995s] -- Up-to-date symlink: /home/user/franka-docker/franka_ws/install/franky_msgs/include/franky_msgs/franky_msgs/msg/detail/cartesian_velocity__rosidl_typesupport_fastrtps_cpp.hpp
[2.995s] -- Symlinking: /home/user/franka-docker/franka_ws/install/franky_msgs/include/franky_msgs/franky_msgs/msg/detail/gripper_grasp__rosidl_typesupport_fastrtps_cpp.hpp
[2.999s] -- Symlinking: /home/user/franka-docker/franka_ws/install/franky_msgs/include/franky_msgs/franky_msgs/msg/detail/gripper_move__rosidl_typesupport_fastrtps_cpp.hpp
[3.003s] -- Up-to-date symlink: /home/user/franka-docker/franka_ws/install/franky_msgs/include/franky_msgs/franky_msgs/msg/detail/gripper_state__rosidl_typesupport_fastrtps_cpp.hpp
[3.003s] -- Up-to-date symlink: /home/user/franka-docker/franka_ws/install/franky_msgs/include/franky_msgs/franky_msgs/msg/detail/joint_move__rosidl_typesupport_fastrtps_cpp.hpp
[3.003s] -- Up-to-date symlink: /home/user/franka-docker/franka_ws/install/franky_msgs/include/franky_msgs/franky_msgs/msg/detail/joint_velocity__rosidl_typesupport_fastrtps_cpp.hpp
[3.003s] -- Up-to-date symlink: /home/user/franka-docker/franka_ws/install/franky_msgs/include/franky_msgs/franky_msgs/msg/rosidl_typesupport_fastrtps_cpp__visibility_control.h
[3.003s] -- Up-to-date symlink: /home/user/franka-docker/franka_ws/install/franky_msgs/include/franky_msgs/franky_msgs/srv/detail/blocking_cartesian_move__rosidl_typesupport_fastrtps_cpp.hpp
[3.003s] -- Symlinking: /home/user/franka-docker/franka_ws/install/franky_msgs/include/franky_msgs/franky_msgs/srv/detail/blocking_gripper_grasp__rosidl_typesupport_fastrtps_cpp.hpp
[3.006s] -- Symlinking: /home/user/franka-docker/franka_ws/install/franky_msgs/include/franky_msgs/franky_msgs/srv/detail/blocking_gripper_move__rosidl_typesupport_fastrtps_cpp.hpp
[3.009s] -- Up-to-date symlink: /home/user/franka-docker/franka_ws/install/franky_msgs/include/franky_msgs/franky_msgs/srv/detail/blocking_joint_move__rosidl_typesupport_fastrtps_cpp.hpp
[3.009s] -- Up-to-date symlink: /home/user/franka-docker/franka_ws/install/franky_msgs/include/franky_msgs/franky_msgs/srv/detail/set_dynamics_factor__rosidl_typesupport_fastrtps_cpp.hpp
[3.010s] -- Up-to-date symlink: /home/user/franka-docker/franka_ws/install/franky_msgs/include/franky_msgs/franky_msgs/msg/detail/cartesian_move__rosidl_typesupport_introspection_cpp.hpp
[3.010s] -- Up-to-date symlink: /home/user/franka-docker/franka_ws/install/franky_msgs/include/franky_msgs/franky_msgs/msg/detail/cartesian_velocity__rosidl_typesupport_introspection_cpp.hpp
[3.010s] -- Symlinking: /home/user/franka-docker/franka_ws/install/franky_msgs/include/franky_msgs/franky_msgs/msg/detail/gripper_grasp__rosidl_typesupport_introspection_cpp.hpp
[3.014s] -- Symlinking: /home/user/franka-docker/franka_ws/install/franky_msgs/include/franky_msgs/franky_msgs/msg/detail/gripper_move__rosidl_typesupport_introspection_cpp.hpp
[3.018s] -- Up-to-date symlink: /home/user/franka-docker/franka_ws/install/franky_msgs/include/franky_msgs/franky_msgs/msg/detail/gripper_state__rosidl_typesupport_introspection_cpp.hpp
[3.018s] -- Up-to-date symlink: /home/user/franka-docker/franka_ws/install/franky_msgs/include/franky_msgs/franky_msgs/msg/detail/joint_move__rosidl_typesupport_introspection_cpp.hpp
[3.018s] -- Up-to-date symlink: /home/user/franka-docker/franka_ws/install/franky_msgs/include/franky_msgs/franky_msgs/msg/detail/joint_velocity__rosidl_typesupport_introspection_cpp.hpp
[3.018s] -- Up-to-date symlink: /home/user/franka-docker/franka_ws/install/franky_msgs/include/franky_msgs/franky_msgs/srv/detail/blocking_cartesian_move__rosidl_typesupport_introspection_cpp.hpp
[3.018s] -- Symlinking: /home/user/franka-docker/franka_ws/install/franky_msgs/include/franky_msgs/franky_msgs/srv/detail/blocking_gripper_grasp__rosidl_typesupport_introspection_cpp.hpp
[3.021s] -- Symlinking: /home/user/franka-docker/franka_ws/install/franky_msgs/include/franky_msgs/franky_msgs/srv/detail/blocking_gripper_move__rosidl_typesupport_introspection_cpp.hpp
[3.026s] -- Up-to-date symlink: /home/user/franka-docker/franka_ws/install/franky_msgs/include/franky_msgs/franky_msgs/srv/detail/blocking_joint_move__rosidl_typesupport_introspection_cpp.hpp
[3.026s] -- Up-to-date symlink: /home/user/franka-docker/franka_ws/install/franky_msgs/include/franky_msgs/franky_msgs/srv/detail/set_dynamics_factor__rosidl_typesupport_introspection_cpp.hpp
[3.026s] -- Up-to-date symlink: /home/user/franka-docker/franka_ws/install/franky_msgs/share/franky_msgs/environment/pythonpath.sh
[3.026s] -- Up-to-date symlink: /home/user/franka-docker/franka_ws/install/franky_msgs/share/franky_msgs/environment/pythonpath.dsv
[3.026s] -- Up-to-date symlink: /home/user/franka-docker/franka_ws/install/franky_msgs/local/lib/python3.10/dist-packages/franky_msgs-0.1.0-py3.10.egg-info/PKG-INFO
[3.026s] -- Up-to-date symlink: /home/user/franka-docker/franka_ws/install/franky_msgs/local/lib/python3.10/dist-packages/franky_msgs-0.1.0-py3.10.egg-info/SOURCES.txt
[3.026s] -- Up-to-date symlink: /home/user/franka-docker/franka_ws/install/franky_msgs/local/lib/python3.10/dist-packages/franky_msgs-0.1.0-py3.10.egg-info/dependency_links.txt
[3.026s] -- Up-to-date symlink: /home/user/franka-docker/franka_ws/install/franky_msgs/local/lib/python3.10/dist-packages/franky_msgs-0.1.0-py3.10.egg-info/top_level.txt
[3.027s] -- Up-to-date symlink: /home/user/franka-docker/franka_ws/install/franky_msgs/local/lib/python3.10/dist-packages/franky_msgs/__init__.py
[3.027s] -- Up-to-date symlink: /home/user/franka-docker/franka_ws/install/franky_msgs/local/lib/python3.10/dist-packages/franky_msgs/_franky_msgs_s.ep.rosidl_typesupport_c.c
[3.027s] -- Up-to-date symlink: /home/user/franka-docker/franka_ws/install/franky_msgs/local/lib/python3.10/dist-packages/franky_msgs/_franky_msgs_s.ep.rosidl_typesupport_fastrtps_c.c
[3.027s] -- Up-to-date symlink: /home/user/franka-docker/franka_ws/install/franky_msgs/local/lib/python3.10/dist-packages/franky_msgs/_franky_msgs_s.ep.rosidl_typesupport_introspection_c.c
[3.027s] -- Up-to-date symlink: /home/user/franka-docker/franka_ws/install/franky_msgs/local/lib/python3.10/dist-packages/franky_msgs/franky_msgs_s__rosidl_typesupport_c.cpython-310-x86_64-linux-gnu.so
[3.027s] -- Up-to-date symlink: /home/user/franka-docker/franka_ws/install/franky_msgs/local/lib/python3.10/dist-packages/franky_msgs/franky_msgs_s__rosidl_typesupport_fastrtps_c.cpython-310-x86_64-linux-gnu.so
[3.027s] -- Up-to-date symlink: /home/user/franka-docker/franka_ws/install/franky_msgs/local/lib/python3.10/dist-packages/franky_msgs/franky_msgs_s__rosidl_typesupport_introspection_c.cpython-310-x86_64-linux-gnu.so
[3.027s] -- Up-to-date symlink: /home/user/franka-docker/franka_ws/install/franky_msgs/local/lib/python3.10/dist-packages/franky_msgs/libfranky_msgs__rosidl_generator_py.so
[3.027s] -- Up-to-date symlink: /home/user/franka-docker/franka_ws/install/franky_msgs/local/lib/python3.10/dist-packages/franky_msgs/msg/__init__.py
[3.027s] -- Up-to-date symlink: /home/user/franka-docker/franka_ws/install/franky_msgs/local/lib/python3.10/dist-packages/franky_msgs/msg/_cartesian_move.py
[3.027s] -- Up-to-date symlink: /home/user/franka-docker/franka_ws/install/franky_msgs/local/lib/python3.10/dist-packages/franky_msgs/msg/_cartesian_move_s.c
[3.027s] -- Up-to-date symlink: /home/user/franka-docker/franka_ws/install/franky_msgs/local/lib/python3.10/dist-packages/franky_msgs/msg/_cartesian_velocity.py
[3.027s] -- Up-to-date symlink: /home/user/franka-docker/franka_ws/install/franky_msgs/local/lib/python3.10/dist-packages/franky_msgs/msg/_cartesian_velocity_s.c
[3.027s] -- Symlinking: /home/user/franka-docker/franka_ws/install/franky_msgs/local/lib/python3.10/dist-packages/franky_msgs/msg/_gripper_grasp.py
[3.031s] -- Symlinking: /home/user/franka-docker/franka_ws/install/franky_msgs/local/lib/python3.10/dist-packages/franky_msgs/msg/_gripper_grasp_s.c
[3.034s] -- Symlinking: /home/user/franka-docker/franka_ws/install/franky_msgs/local/lib/python3.10/dist-packages/franky_msgs/msg/_gripper_move.py
[3.038s] -- Symlinking: /home/user/franka-docker/franka_ws/install/franky_msgs/local/lib/python3.10/dist-packages/franky_msgs/msg/_gripper_move_s.c
[3.042s] -- Up-to-date symlink: /home/user/franka-docker/franka_ws/install/franky_msgs/local/lib/python3.10/dist-packages/franky_msgs/msg/_gripper_state.py
[3.042s] -- Up-to-date symlink: /home/user/franka-docker/franka_ws/install/franky_msgs/local/lib/python3.10/dist-packages/franky_msgs/msg/_gripper_state_s.c
[3.042s] -- Up-to-date symlink: /home/user/franka-docker/franka_ws/install/franky_msgs/local/lib/python3.10/dist-packages/franky_msgs/msg/_joint_move.py
[3.042s] -- Up-to-date symlink: /home/user/franka-docker/franka_ws/install/franky_msgs/local/lib/python3.10/dist-packages/franky_msgs/msg/_joint_move_s.c
[3.042s] -- Up-to-date symlink: /home/user/franka-docker/franka_ws/install/franky_msgs/local/lib/python3.10/dist-packages/franky_msgs/msg/_joint_velocity.py
[3.042s] -- Up-to-date symlink: /home/user/franka-docker/franka_ws/install/franky_msgs/local/lib/python3.10/dist-packages/franky_msgs/msg/_joint_velocity_s.c
[3.042s] -- Up-to-date symlink: /home/user/franka-docker/franka_ws/install/franky_msgs/local/lib/python3.10/dist-packages/franky_msgs/srv/__init__.py
[3.042s] -- Up-to-date symlink: /home/user/franka-docker/franka_ws/install/franky_msgs/local/lib/python3.10/dist-packages/franky_msgs/srv/_blocking_cartesian_move.py
[3.043s] -- Up-to-date symlink: /home/user/franka-docker/franka_ws/install/franky_msgs/local/lib/python3.10/dist-packages/franky_msgs/srv/_blocking_cartesian_move_s.c
[3.043s] -- Symlinking: /home/user/franka-docker/franka_ws/install/franky_msgs/local/lib/python3.10/dist-packages/franky_msgs/srv/_blocking_gripper_grasp.py
[3.046s] -- Symlinking: /home/user/franka-docker/franka_ws/install/franky_msgs/local/lib/python3.10/dist-packages/franky_msgs/srv/_blocking_gripper_grasp_s.c
[3.049s] -- Symlinking: /home/user/franka-docker/franka_ws/install/franky_msgs/local/lib/python3.10/dist-packages/franky_msgs/srv/_blocking_gripper_move.py
[3.052s] -- Symlinking: /home/user/franka-docker/franka_ws/install/franky_msgs/local/lib/python3.10/dist-packages/franky_msgs/srv/_blocking_gripper_move_s.c
[3.054s] -- Up-to-date symlink: /home/user/franka-docker/franka_ws/install/franky_msgs/local/lib/python3.10/dist-packages/franky_msgs/srv/_blocking_joint_move.py
[3.055s] -- Up-to-date symlink: /home/user/franka-docker/franka_ws/install/franky_msgs/local/lib/python3.10/dist-packages/franky_msgs/srv/_blocking_joint_move_s.c
[3.055s] -- Up-to-date symlink: /home/user/franka-docker/franka_ws/install/franky_msgs/local/lib/python3.10/dist-packages/franky_msgs/srv/_set_dynamics_factor.py
[3.055s] -- Up-to-date symlink: /home/user/franka-docker/franka_ws/install/franky_msgs/local/lib/python3.10/dist-packages/franky_msgs/srv/_set_dynamics_factor_s.c
[3.055s] -- Up-to-date symlink: /home/user/franka-docker/franka_ws/install/franky_msgs/local/lib/python3.10/dist-packages/franky_msgs/franky_msgs_s__rosidl_typesupport_fastrtps_c.cpython-310-x86_64-linux-gnu.so
[3.055s] -- Up-to-date symlink: /home/user/franka-docker/franka_ws/install/franky_msgs/local/lib/python3.10/dist-packages/franky_msgs/franky_msgs_s__rosidl_typesupport_introspection_c.cpython-310-x86_64-linux-gnu.so
[3.055s] -- Up-to-date symlink: /home/user/franka-docker/franka_ws/install/franky_msgs/local/lib/python3.10/dist-packages/franky_msgs/franky_msgs_s__rosidl_typesupport_c.cpython-310-x86_64-linux-gnu.so
[3.055s] -- Up-to-date symlink: /home/user/franka-docker/franka_ws/install/franky_msgs/share/franky_msgs/msg/CartesianMove.idl
[3.055s] -- Up-to-date symlink: /home/user/franka-docker/franka_ws/install/franky_msgs/share/franky_msgs/msg/CartesianVelocity.idl
[3.055s] -- Up-to-date symlink: /home/user/franka-docker/franka_ws/install/franky_msgs/share/franky_msgs/msg/JointMove.idl
[3.055s] -- Up-to-date symlink: /home/user/franka-docker/franka_ws/install/franky_msgs/share/franky_msgs/msg/JointVelocity.idl
[3.055s] -- Up-to-date symlink: /home/user/franka-docker/franka_ws/install/franky_msgs/share/franky_msgs/msg/GripperState.idl
[3.055s] -- Symlinking: /home/user/franka-docker/franka_ws/install/franky_msgs/share/franky_msgs/msg/GripperMove.idl
[3.059s] -- Symlinking: /home/user/franka-docker/franka_ws/install/franky_msgs/share/franky_msgs/msg/GripperGrasp.idl
[3.063s] -- Up-to-date symlink: /home/user/franka-docker/franka_ws/install/franky_msgs/share/franky_msgs/srv/SetDynamicsFactor.idl
[3.063s] -- Up-to-date symlink: /home/user/franka-docker/franka_ws/install/franky_msgs/share/franky_msgs/srv/BlockingCartesianMove.idl
[3.063s] -- Up-to-date symlink: /home/user/franka-docker/franka_ws/install/franky_msgs/share/franky_msgs/srv/BlockingJointMove.idl
[3.063s] -- Symlinking: /home/user/franka-docker/franka_ws/install/franky_msgs/share/franky_msgs/srv/BlockingGripperMove.idl
[3.067s] -- Symlinking: /home/user/franka-docker/franka_ws/install/franky_msgs/share/franky_msgs/srv/BlockingGripperGrasp.idl
[3.070s] -- Up-to-date symlink: /home/user/franka-docker/franka_ws/install/franky_msgs/share/franky_msgs/msg/CartesianMove.msg
[3.070s] -- Up-to-date symlink: /home/user/franka-docker/franka_ws/install/franky_msgs/share/franky_msgs/msg/CartesianVelocity.msg
[3.070s] -- Up-to-date symlink: /home/user/franka-docker/franka_ws/install/franky_msgs/share/franky_msgs/msg/JointMove.msg
[3.070s] -- Up-to-date symlink: /home/user/franka-docker/franka_ws/install/franky_msgs/share/franky_msgs/msg/JointVelocity.msg
[3.070s] -- Up-to-date symlink: /home/user/franka-docker/franka_ws/install/franky_msgs/share/franky_msgs/msg/GripperState.msg
[3.070s] -- Symlinking: /home/user/franka-docker/franka_ws/install/franky_msgs/share/franky_msgs/msg/GripperMove.msg
[3.073s] -- Symlinking: /home/user/franka-docker/franka_ws/install/franky_msgs/share/franky_msgs/msg/GripperGrasp.msg
[3.078s] -- Up-to-date symlink: /home/user/franka-docker/franka_ws/install/franky_msgs/share/franky_msgs/srv/SetDynamicsFactor.srv
[3.078s] -- Up-to-date symlink: /home/user/franka-docker/franka_ws/install/franky_msgs/share/franky_msgs/srv/SetDynamicsFactor_Request.msg
[3.078s] -- Up-to-date symlink: /home/user/franka-docker/franka_ws/install/franky_msgs/share/franky_msgs/srv/SetDynamicsFactor_Response.msg
[3.078s] -- Up-to-date symlink: /home/user/franka-docker/franka_ws/install/franky_msgs/share/franky_msgs/srv/BlockingCartesianMove.srv
[3.078s] -- Up-to-date symlink: /home/user/franka-docker/franka_ws/install/franky_msgs/share/franky_msgs/srv/BlockingCartesianMove_Request.msg
[3.078s] -- Up-to-date symlink: /home/user/franka-docker/franka_ws/install/franky_msgs/share/franky_msgs/srv/BlockingCartesianMove_Response.msg
[3.078s] -- Up-to-date symlink: /home/user/franka-docker/franka_ws/install/franky_msgs/share/franky_msgs/srv/BlockingJointMove.srv
[3.078s] -- Up-to-date symlink: /home/user/franka-docker/franka_ws/install/franky_msgs/share/franky_msgs/srv/BlockingJointMove_Request.msg
[3.078s] -- Up-to-date symlink: /home/user/franka-docker/franka_ws/install/franky_msgs/share/franky_msgs/srv/BlockingJointMove_Response.msg
[3.078s] -- Symlinking: /home/user/franka-docker/franka_ws/install/franky_msgs/share/franky_msgs/srv/BlockingGripperMove.srv
[3.082s] -- Symlinking: /home/user/franka-docker/franka_ws/install/franky_msgs/share/franky_msgs/srv/BlockingGripperMove_Request.msg
[3.086s] -- Symlinking: /home/user/franka-docker/franka_ws/install/franky_msgs/share/franky_msgs/srv/BlockingGripperMove_Response.msg
[3.090s] -- Symlinking: /home/user/franka-docker/franka_ws/install/franky_msgs/share/franky_msgs/srv/BlockingGripperGrasp.srv
[3.094s] -- Symlinking: /home/user/franka-docker/franka_ws/install/franky_msgs/share/franky_msgs/srv/BlockingGripperGrasp_Request.msg
[3.097s] -- Symlinking: /home/user/franka-docker/franka_ws/install/franky_msgs/share/franky_msgs/srv/BlockingGripperGrasp_Response.msg
[3.101s] -- Up-to-date symlink: /home/user/franka-docker/franka_ws/install/franky_msgs/share/ament_index/resource_index/package_run_dependencies/franky_msgs
[3.101s] -- Up-to-date symlink: /home/user/franka-docker/franka_ws/install/franky_msgs/share/ament_index/resource_index/parent_prefix_path/franky_msgs
[3.101s] -- Up-to-date symlink: /home/user/franka-docker/franka_ws/install/franky_msgs/share/franky_msgs/environment/ament_prefix_path.sh
[3.101s] -- Up-to-date symlink: /home/user/franka-docker/franka_ws/install/franky_msgs/share/franky_msgs/environment/ament_prefix_path.dsv
[3.101s] -- Up-to-date symlink: /home/user/franka-docker/franka_ws/install/franky_msgs/share/franky_msgs/environment/path.sh
[3.101s] -- Up-to-date symlink: /home/user/franka-docker/franka_ws/install/franky_msgs/share/franky_msgs/environment/path.dsv
[3.104s] -- Up-to-date symlink: /home/user/franka-docker/franka_ws/install/franky_msgs/share/franky_msgs/local_setup.bash
[3.104s] -- Up-to-date symlink: /home/user/franka-docker/franka_ws/install/franky_msgs/share/franky_msgs/local_setup.sh
[3.104s] -- Up-to-date symlink: /home/user/franka-docker/franka_ws/install/franky_msgs/share/franky_msgs/local_setup.zsh
[3.104s] -- Up-to-date symlink: /home/user/franka-docker/franka_ws/install/franky_msgs/share/franky_msgs/local_setup.dsv
[3.104s] -- Symlinking: /home/user/franka-docker/franka_ws/install/franky_msgs/share/franky_msgs/package.dsv
[3.105s] -- Up-to-date symlink: /home/user/franka-docker/franka_ws/install/franky_msgs/share/ament_index/resource_index/packages/franky_msgs
[3.105s] -- Up-to-date symlink: /home/user/franka-docker/franka_ws/install/franky_msgs/share/franky_msgs/cmake/rosidl_cmake-extras.cmake
[3.105s] -- Up-to-date symlink: /home/user/franka-docker/franka_ws/install/franky_msgs/share/franky_msgs/cmake/ament_cmake_export_dependencies-extras.cmake
[3.105s] -- Up-to-date symlink: /home/user/franka-docker/franka_ws/install/franky_msgs/share/franky_msgs/cmake/ament_cmake_export_include_directories-extras.cmake
[3.105s] -- Up-to-date symlink: /home/user/franka-docker/franka_ws/install/franky_msgs/share/franky_msgs/cmake/ament_cmake_export_libraries-extras.cmake
[3.105s] -- Up-to-date symlink: /home/user/franka-docker/franka_ws/install/franky_msgs/share/franky_msgs/cmake/ament_cmake_export_targets-extras.cmake
[3.105s] -- Up-to-date symlink: /home/user/franka-docker/franka_ws/install/franky_msgs/share/franky_msgs/cmake/rosidl_cmake_export_typesupport_targets-extras.cmake
[3.105s] -- Up-to-date symlink: /home/user/franka-docker/franka_ws/install/franky_msgs/share/franky_msgs/cmake/rosidl_cmake_export_typesupport_libraries-extras.cmake
[3.105s] -- Up-to-date symlink: /home/user/franka-docker/franka_ws/install/franky_msgs/share/franky_msgs/cmake/franky_msgsConfig.cmake
[3.105s] -- Up-to-date symlink: /home/user/franka-docker/franka_ws/install/franky_msgs/share/franky_msgs/cmake/franky_msgsConfig-version.cmake
[3.105s] -- Up-to-date symlink: /home/user/franka-docker/franka_ws/install/franky_msgs/share/franky_msgs/package.xml
[3.105s] -- Installing: /home/user/franka-docker/franka_ws/install/franky_msgs/lib/libfranky_msgs__rosidl_generator_c.so
[3.105s] -- Set runtime path of "/home/user/franka-docker/franka_ws/install/franky_msgs/lib/libfranky_msgs__rosidl_generator_c.so" to ""
[3.105s] -- Installing: /home/user/franka-docker/franka_ws/install/franky_msgs/lib/libfranky_msgs__rosidl_typesupport_fastrtps_c.so
[3.105s] -- Set runtime path of "/home/user/franka-docker/franka_ws/install/franky_msgs/lib/libfranky_msgs__rosidl_typesupport_fastrtps_c.so" to ""
[3.106s] -- Installing: /home/user/franka-docker/franka_ws/install/franky_msgs/lib/libfranky_msgs__rosidl_typesupport_introspection_c.so
[3.106s] -- Set runtime path of "/home/user/franka-docker/franka_ws/install/franky_msgs/lib/libfranky_msgs__rosidl_typesupport_introspection_c.so" to ""
[3.106s] -- Installing: /home/user/franka-docker/franka_ws/install/franky_msgs/lib/libfranky_msgs__rosidl_typesupport_c.so
[3.106s] -- Set runtime path of "/home/user/franka-docker/franka_ws/install/franky_msgs/lib/libfranky_msgs__rosidl_typesupport_c.so" to ""
[3.106s] -- Installing: /home/user/franka-docker/franka_ws/install/franky_msgs/lib/libfranky_msgs__rosidl_typesupport_fastrtps_cpp.so
[3.106s] -- Set runtime path of "/home/user/franka-docker/franka_ws/install/franky_msgs/lib/libfranky_msgs__rosidl_typesupport_fastrtps_cpp.so" to ""
[3.106s] -- Installing: /home/user/franka-docker/franka_ws/install/franky_msgs/lib/libfranky_msgs__rosidl_typesupport_introspection_cpp.so
[3.106s] -- Set runtime path of "/home/user/franka-docker/franka_ws/install/franky_msgs/lib/libfranky_msgs__rosidl_typesupport_introspection_cpp.so" to ""
[3.106s] -- Installing: /home/user/franka-docker/franka_ws/install/franky_msgs/lib/libfranky_msgs__rosidl_typesupport_cpp.so
[3.106s] -- Set runtime path of "/home/user/franka-docker/franka_ws/install/franky_msgs/lib/libfranky_msgs__rosidl_typesupport_cpp.so" to ""
[3.130s] Listing '/home/user/franka-docker/franka_ws/install/franky_msgs/local/lib/python3.10/dist-packages/franky_msgs'...
[3.130s] Compiling '/home/user/franka-docker/franka_ws/install/franky_msgs/local/lib/python3.10/dist-packages/franky_msgs/__init__.py'...
[3.130s] Listing '/home/user/franka-docker/franka_ws/install/franky_msgs/local/lib/python3.10/dist-packages/franky_msgs/msg'...
[3.130s] Compiling '/home/user/franka-docker/franka_ws/install/franky_msgs/local/lib/python3.10/dist-packages/franky_msgs/msg/__init__.py'...
[3.130s] Compiling '/home/user/franka-docker/franka_ws/install/franky_msgs/local/lib/python3.10/dist-packages/franky_msgs/msg/_cartesian_move.py'...
[3.130s] Compiling '/home/user/franka-docker/franka_ws/install/franky_msgs/local/lib/python3.10/dist-packages/franky_msgs/msg/_cartesian_velocity.py'...
[3.130s] Compiling '/home/user/franka-docker/franka_ws/install/franky_msgs/local/lib/python3.10/dist-packages/franky_msgs/msg/_gripper_grasp.py'...
[3.130s] Compiling '/home/user/franka-docker/franka_ws/install/franky_msgs/local/lib/python3.10/dist-packages/franky_msgs/msg/_gripper_move.py'...
[3.130s] Compiling '/home/user/franka-docker/franka_ws/install/franky_msgs/local/lib/python3.10/dist-packages/franky_msgs/msg/_gripper_state.py'...
[3.130s] Compiling '/home/user/franka-docker/franka_ws/install/franky_msgs/local/lib/python3.10/dist-packages/franky_msgs/msg/_joint_move.py'...
[3.130s] Compiling '/home/user/franka-docker/franka_ws/install/franky_msgs/local/lib/python3.10/dist-packages/franky_msgs/msg/_joint_velocity.py'...
[3.130s] Listing '/home/user/franka-docker/franka_ws/install/franky_msgs/local/lib/python3.10/dist-packages/franky_msgs/srv'...
[3.130s] Compiling '/home/user/franka-docker/franka_ws/install/franky_msgs/local/lib/python3.10/dist-packages/franky_msgs/srv/__init__.py'...
[3.130s] Compiling '/home/user/franka-docker/franka_ws/install/franky_msgs/local/lib/python3.10/dist-packages/franky_msgs/srv/_blocking_cartesian_move.py'...
[3.130s] Compiling '/home/user/franka-docker/franka_ws/install/franky_msgs/local/lib/python3.10/dist-packages/franky_msgs/srv/_blocking_gripper_grasp.py'...
[3.130s] Compiling '/home/user/franka-docker/franka_ws/install/franky_msgs/local/lib/python3.10/dist-packages/franky_msgs/srv/_blocking_gripper_move.py'...
[3.130s] Compiling '/home/user/franka-docker/franka_ws/install/franky_msgs/local/lib/python3.10/dist-packages/franky_msgs/srv/_blocking_joint_move.py'...
[3.130s] Compiling '/home/user/franka-docker/franka_ws/install/franky_msgs/local/lib/python3.10/dist-packages/franky_msgs/srv/_set_dynamics_factor.py'...
[3.133s] -- Installing: /home/user/franka-docker/franka_ws/install/franky_msgs/lib/libfranky_msgs__rosidl_generator_py.so
[3.133s] -- Set runtime path of "/home/user/franka-docker/franka_ws/install/franky_msgs/lib/libfranky_msgs__rosidl_generator_py.so" to ""
[3.133s] -- Up-to-date: /home/user/franka-docker/franka_ws/install/franky_msgs/share/franky_msgs/cmake/export_franky_msgs__rosidl_generator_cExport.cmake
[3.133s] -- Up-to-date: /home/user/franka-docker/franka_ws/install/franky_msgs/share/franky_msgs/cmake/export_franky_msgs__rosidl_generator_cExport-noconfig.cmake
[3.133s] -- Up-to-date: /home/user/franka-docker/franka_ws/install/franky_msgs/share/franky_msgs/cmake/export_franky_msgs__rosidl_typesupport_fastrtps_cExport.cmake
[3.133s] -- Up-to-date: /home/user/franka-docker/franka_ws/install/franky_msgs/share/franky_msgs/cmake/export_franky_msgs__rosidl_typesupport_fastrtps_cExport-noconfig.cmake
[3.133s] -- Up-to-date: /home/user/franka-docker/franka_ws/install/franky_msgs/share/franky_msgs/cmake/franky_msgs__rosidl_typesupport_introspection_cExport.cmake
[3.133s] -- Up-to-date: /home/user/franka-docker/franka_ws/install/franky_msgs/share/franky_msgs/cmake/franky_msgs__rosidl_typesupport_introspection_cExport-noconfig.cmake
[3.133s] -- Up-to-date: /home/user/franka-docker/franka_ws/install/franky_msgs/share/franky_msgs/cmake/franky_msgs__rosidl_typesupport_cExport.cmake
[3.133s] -- Up-to-date: /home/user/franka-docker/franka_ws/install/franky_msgs/share/franky_msgs/cmake/franky_msgs__rosidl_typesupport_cExport-noconfig.cmake
[3.133s] -- Up-to-date: /home/user/franka-docker/franka_ws/install/franky_msgs/share/franky_msgs/cmake/export_franky_msgs__rosidl_generator_cppExport.cmake
[3.133s] -- Up-to-date: /home/user/franka-docker/franka_ws/install/franky_msgs/share/franky_msgs/cmake/export_franky_msgs__rosidl_typesupport_fastrtps_cppExport.cmake
[3.133s] -- Up-to-date: /home/user/franka-docker/franka_ws/install/franky_msgs/share/franky_msgs/cmake/export_franky_msgs__rosidl_typesupport_fastrtps_cppExport-noconfig.cmake
[3.133s] -- Up-to-date: /home/user/franka-docker/franka_ws/install/franky_msgs/share/franky_msgs/cmake/franky_msgs__rosidl_typesupport_introspection_cppExport.cmake
[3.133s] -- Up-to-date: /home/user/franka-docker/franka_ws/install/franky_msgs/share/franky_msgs/cmake/franky_msgs__rosidl_typesupport_introspection_cppExport-noconfig.cmake
[3.133s] -- Up-to-date: /home/user/franka-docker/franka_ws/install/franky_msgs/share/franky_msgs/cmake/franky_msgs__rosidl_typesupport_cppExport.cmake
[3.133s] -- Up-to-date: /home/user/franka-docker/franka_ws/install/franky_msgs/share/franky_msgs/cmake/franky_msgs__rosidl_typesupport_cppExport-noconfig.cmake
[3.133s] -- Up-to-date: /home/user/franka-docker/franka_ws/install/franky_msgs/share/franky_msgs/cmake/export_franky_msgs__rosidl_generator_pyExport.cmake
[3.133s] -- Up-to-date: /home/user/franka-docker/franka_ws/install/franky_msgs/share/franky_msgs/cmake/export_franky_msgs__rosidl_generator_pyExport-noconfig.cmake
[3.135s] Invoked command in '/home/user/franka-docker/franka_ws/build/franky_msgs' returned '0': CMAKE_PREFIX_PATH=${CMAKE_PREFIX_PATH}:/home/user/franka-docker/franka_ws/install/franky_ros:/opt/ros/humble /usr/bin/cmake --install /home/user/franka-docker/franka_ws/build/franky_msgs
