[0.009s] Invoking command in '/home/user/franka-docker/franka_ws/build/franky_msgs': CMAKE_PREFIX_PATH=${CMAKE_PREFIX_PATH}:/home/user/franka-docker/franka_ws/install/franky_ros:/opt/ros/humble /usr/bin/cmake --build /home/user/franka-docker/franka_ws/build/franky_msgs -- -j24 -l24
[0.023s] -- Found ament_cmake: 1.3.12 (/opt/ros/humble/share/ament_cmake/cmake)
[0.085s] -- Override CMake install command with custom implementation using symlinks instead of copying resources
[0.088s] -- Found rosidl_default_generators: 1.2.0 (/opt/ros/humble/share/rosidl_default_generators/cmake)
[0.089s] -- Using all available rosidl_typesupport_c: rosidl_typesupport_fastrtps_c;rosidl_typesupport_introspection_c
[0.090s] -- Found rosidl_adapter: 3.1.7 (/opt/ros/humble/share/rosidl_adapter/cmake)
[0.101s] -- Using all available rosidl_typesupport_cpp: rosidl_typesupport_fastrtps_cpp;rosidl_typesupport_introspection_cpp
[0.110s] -- Found action_msgs: 1.2.2 (/opt/ros/humble/share/action_msgs/cmake)
[0.121s] -- Found geometry_msgs: 4.9.0 (/opt/ros/humble/share/geometry_msgs/cmake)
[0.268s] -- Found ament_cmake_ros: 0.10.0 (/opt/ros/humble/share/ament_cmake_ros/cmake)
[0.379s] -- Using all available rosidl_typesupport_c: rosidl_typesupport_fastrtps_c;rosidl_typesupport_introspection_c
[0.529s] -- Using all available rosidl_typesupport_cpp: rosidl_typesupport_fastrtps_cpp;rosidl_typesupport_introspection_cpp
[0.540s] -- Found python_cmake_module: 0.10.0 (/opt/ros/humble/share/python_cmake_module/cmake)
[0.550s] -- Using PYTHON_EXECUTABLE: /usr/bin/python3
[0.550s] -- Using PYTHON_INCLUDE_DIRS: /usr/include/python3.10
[0.550s] -- Using PYTHON_LIBRARIES: /usr/lib/x86_64-linux-gnu/libpython3.10.so
[0.616s] -- Using numpy include directory: /usr/local/lib/python3.10/dist-packages/numpy/core/include
[0.624s] -- Configuring done
[0.641s] -- Generating done
[0.646s] -- Build files have been written to: /home/user/franka-docker/franka_ws/build/franky_msgs
[0.658s] [  1%] [34m[1mGenerating C code for ROS interfaces[0m
[0.663s] [  2%] [34m[1mGenerating C++ code for ROS interfaces[0m
[0.666s] [  2%] Built target ament_cmake_python_symlink_franky_msgs
[0.754s] running egg_info
[0.754s] writing franky_msgs.egg-info/PKG-INFO
[0.754s] writing dependency_links to franky_msgs.egg-info/dependency_links.txt
[0.754s] writing top-level names to franky_msgs.egg-info/top_level.txt
[0.755s] reading manifest file 'franky_msgs.egg-info/SOURCES.txt'
[0.755s] writing manifest file 'franky_msgs.egg-info/SOURCES.txt'
[0.768s] [  2%] Built target ament_cmake_python_build_franky_msgs_egg
[0.875s] [  2%] Built target franky_msgs__cpp
[0.879s] [35m[1mConsolidate compiler generated dependencies of target franky_msgs__rosidl_generator_c[0m
[0.879s] [  4%] [34m[1mGenerating C++ type support for eProsima Fast-RTPS[0m
[0.879s] [  5%] [34m[1mGenerating C++ type support dispatch for ROS interfaces[0m
[0.880s] [  7%] [34m[1mGenerating C++ introspection for ROS interfaces[0m
[0.884s] [  8%] [32mBuilding C object CMakeFiles/franky_msgs__rosidl_generator_c.dir/rosidl_generator_c/franky_msgs/msg/detail/cartesian_move__functions.c.o[0m
[0.884s] [  9%] [32mBuilding C object CMakeFiles/franky_msgs__rosidl_generator_c.dir/rosidl_generator_c/franky_msgs/msg/detail/cartesian_velocity__functions.c.o[0m
[0.884s] [ 11%] [32mBuilding C object CMakeFiles/franky_msgs__rosidl_generator_c.dir/rosidl_generator_c/franky_msgs/msg/detail/joint_velocity__functions.c.o[0m
[0.884s] [ 12%] [32mBuilding C object CMakeFiles/franky_msgs__rosidl_generator_c.dir/rosidl_generator_c/franky_msgs/msg/detail/joint_move__functions.c.o[0m
[0.884s] [ 15%] [32mBuilding C object CMakeFiles/franky_msgs__rosidl_generator_c.dir/rosidl_generator_c/franky_msgs/msg/detail/gripper_state__functions.c.o[0m
[0.884s] [ 15%] [32mBuilding C object CMakeFiles/franky_msgs__rosidl_generator_c.dir/rosidl_generator_c/franky_msgs/srv/detail/set_dynamics_factor__functions.c.o[0m
[0.910s] [ 16%] [32m[1mLinking C shared library libfranky_msgs__rosidl_generator_c.so[0m
[0.925s] [ 16%] Built target franky_msgs__rosidl_generator_c
[0.929s] [ 18%] [34m[1mGenerating C type support dispatch for ROS interfaces[0m
[0.929s] [ 21%] [34m[1mGenerating C introspection for ROS interfaces[0m
[0.929s] [ 21%] [34m[1mGenerating C type support for eProsima Fast-RTPS[0m
[1.029s] [35m[1mConsolidate compiler generated dependencies of target franky_msgs__rosidl_typesupport_cpp[0m
[1.036s] [ 22%] [32mBuilding CXX object CMakeFiles/franky_msgs__rosidl_typesupport_cpp.dir/rosidl_typesupport_cpp/franky_msgs/msg/cartesian_velocity__type_support.cpp.o[0m
[1.036s] [ 23%] [32mBuilding CXX object CMakeFiles/franky_msgs__rosidl_typesupport_cpp.dir/rosidl_typesupport_cpp/franky_msgs/msg/joint_velocity__type_support.cpp.o[0m
[1.036s] [ 25%] [32mBuilding CXX object CMakeFiles/franky_msgs__rosidl_typesupport_cpp.dir/rosidl_typesupport_cpp/franky_msgs/srv/set_dynamics_factor__type_support.cpp.o[0m
[1.036s] [ 29%] [32mBuilding CXX object CMakeFiles/franky_msgs__rosidl_typesupport_cpp.dir/rosidl_typesupport_cpp/franky_msgs/msg/cartesian_move__type_support.cpp.o[0m
[1.036s] [ 29%] [32mBuilding CXX object CMakeFiles/franky_msgs__rosidl_typesupport_cpp.dir/rosidl_typesupport_cpp/franky_msgs/msg/joint_move__type_support.cpp.o[0m
[1.036s] [ 29%] [32mBuilding CXX object CMakeFiles/franky_msgs__rosidl_typesupport_cpp.dir/rosidl_typesupport_cpp/franky_msgs/msg/gripper_state__type_support.cpp.o[0m
[1.055s] [35m[1mConsolidate compiler generated dependencies of target franky_msgs__rosidl_typesupport_introspection_cpp[0m
[1.063s] [ 30%] [32mBuilding CXX object CMakeFiles/franky_msgs__rosidl_typesupport_introspection_cpp.dir/rosidl_typesupport_introspection_cpp/franky_msgs/msg/detail/cartesian_velocity__type_support.cpp.o[0m
[1.063s] [ 32%] [32mBuilding CXX object CMakeFiles/franky_msgs__rosidl_typesupport_introspection_cpp.dir/rosidl_typesupport_introspection_cpp/franky_msgs/msg/detail/joint_velocity__type_support.cpp.o[0m
[1.063s] [ 33%] [32mBuilding CXX object CMakeFiles/franky_msgs__rosidl_typesupport_introspection_cpp.dir/rosidl_typesupport_introspection_cpp/franky_msgs/msg/detail/joint_move__type_support.cpp.o[0m
[1.064s] [ 38%] [32mBuilding CXX object CMakeFiles/franky_msgs__rosidl_typesupport_introspection_cpp.dir/rosidl_typesupport_introspection_cpp/franky_msgs/msg/detail/gripper_state__type_support.cpp.o[0m
[1.064s] [ 38%] [32mBuilding CXX object CMakeFiles/franky_msgs__rosidl_typesupport_introspection_cpp.dir/rosidl_typesupport_introspection_cpp/franky_msgs/srv/detail/set_dynamics_factor__type_support.cpp.o[0m
[1.065s] [ 38%] [32mBuilding CXX object CMakeFiles/franky_msgs__rosidl_typesupport_introspection_cpp.dir/rosidl_typesupport_introspection_cpp/franky_msgs/msg/detail/cartesian_move__type_support.cpp.o[0m
[1.079s] [35m[1mConsolidate compiler generated dependencies of target franky_msgs__rosidl_typesupport_fastrtps_cpp[0m
[1.094s] [ 40%] [32mBuilding CXX object CMakeFiles/franky_msgs__rosidl_typesupport_fastrtps_cpp.dir/rosidl_typesupport_fastrtps_cpp/franky_msgs/msg/detail/dds_fastrtps/joint_move__type_support.cpp.o[0m
[1.094s] [ 40%] [32mBuilding CXX object CMakeFiles/franky_msgs__rosidl_typesupport_fastrtps_cpp.dir/rosidl_typesupport_fastrtps_cpp/franky_msgs/msg/detail/dds_fastrtps/cartesian_move__type_support.cpp.o[0m
[1.094s] [ 42%] [32mBuilding CXX object CMakeFiles/franky_msgs__rosidl_typesupport_fastrtps_cpp.dir/rosidl_typesupport_fastrtps_cpp/franky_msgs/msg/detail/dds_fastrtps/joint_velocity__type_support.cpp.o[0m
[1.094s] [ 43%] [32mBuilding CXX object CMakeFiles/franky_msgs__rosidl_typesupport_fastrtps_cpp.dir/rosidl_typesupport_fastrtps_cpp/franky_msgs/msg/detail/dds_fastrtps/gripper_state__type_support.cpp.o[0m
[1.095s] [ 45%] [32mBuilding CXX object CMakeFiles/franky_msgs__rosidl_typesupport_fastrtps_cpp.dir/rosidl_typesupport_fastrtps_cpp/franky_msgs/msg/detail/dds_fastrtps/cartesian_velocity__type_support.cpp.o[0m
[1.099s] [ 46%] [32mBuilding CXX object CMakeFiles/franky_msgs__rosidl_typesupport_fastrtps_cpp.dir/rosidl_typesupport_fastrtps_cpp/franky_msgs/srv/detail/dds_fastrtps/set_dynamics_factor__type_support.cpp.o[0m
[1.099s] [35m[1mConsolidate compiler generated dependencies of target franky_msgs__rosidl_typesupport_c[0m
[1.108s] [ 49%] [32mBuilding CXX object CMakeFiles/franky_msgs__rosidl_typesupport_c.dir/rosidl_typesupport_c/franky_msgs/msg/cartesian_velocity__type_support.cpp.o[0m
[1.108s] [ 49%] [32mBuilding CXX object CMakeFiles/franky_msgs__rosidl_typesupport_c.dir/rosidl_typesupport_c/franky_msgs/msg/cartesian_move__type_support.cpp.o[0m
[1.111s] [ 50%] [32mBuilding CXX object CMakeFiles/franky_msgs__rosidl_typesupport_c.dir/rosidl_typesupport_c/franky_msgs/msg/joint_move__type_support.cpp.o[0m
[1.112s] [ 52%] [32mBuilding CXX object CMakeFiles/franky_msgs__rosidl_typesupport_c.dir/rosidl_typesupport_c/franky_msgs/msg/joint_velocity__type_support.cpp.o[0m
[1.132s] [ 53%] [32mBuilding CXX object CMakeFiles/franky_msgs__rosidl_typesupport_c.dir/rosidl_typesupport_c/franky_msgs/msg/gripper_state__type_support.cpp.o[0m
[1.137s] [ 54%] [32mBuilding CXX object CMakeFiles/franky_msgs__rosidl_typesupport_c.dir/rosidl_typesupport_c/franky_msgs/srv/set_dynamics_factor__type_support.cpp.o[0m
[1.162s] [ 56%] [32m[1mLinking CXX shared library libfranky_msgs__rosidl_typesupport_c.so[0m
[1.174s] [35m[1mConsolidate compiler generated dependencies of target franky_msgs__rosidl_typesupport_introspection_c[0m
[1.183s] [ 57%] [32mBuilding C object CMakeFiles/franky_msgs__rosidl_typesupport_introspection_c.dir/rosidl_typesupport_introspection_c/franky_msgs/msg/detail/cartesian_move__type_support.c.o[0m
[1.184s] [ 59%] [32mBuilding C object CMakeFiles/franky_msgs__rosidl_typesupport_introspection_c.dir/rosidl_typesupport_introspection_c/franky_msgs/msg/detail/cartesian_velocity__type_support.c.o[0m
[1.186s] [ 60%] [32mBuilding C object CMakeFiles/franky_msgs__rosidl_typesupport_introspection_c.dir/rosidl_typesupport_introspection_c/franky_msgs/msg/detail/joint_move__type_support.c.o[0m
[1.186s] [ 61%] [32mBuilding C object CMakeFiles/franky_msgs__rosidl_typesupport_introspection_c.dir/rosidl_typesupport_introspection_c/franky_msgs/msg/detail/joint_velocity__type_support.c.o[0m
[1.187s] [ 64%] [32mBuilding C object CMakeFiles/franky_msgs__rosidl_typesupport_introspection_c.dir/rosidl_typesupport_introspection_c/franky_msgs/msg/detail/gripper_state__type_support.c.o[0m
[1.187s] [ 64%] [32mBuilding C object CMakeFiles/franky_msgs__rosidl_typesupport_introspection_c.dir/rosidl_typesupport_introspection_c/franky_msgs/srv/detail/set_dynamics_factor__type_support.c.o[0m
[1.190s] [35m[1mConsolidate compiler generated dependencies of target franky_msgs__rosidl_typesupport_fastrtps_c[0m
[1.192s] [ 66%] [32m[1mLinking CXX shared library libfranky_msgs__rosidl_typesupport_cpp.so[0m
[1.197s] [ 66%] Built target franky_msgs__rosidl_typesupport_c
[1.203s] [ 67%] [32mBuilding CXX object CMakeFiles/franky_msgs__rosidl_typesupport_fastrtps_c.dir/rosidl_typesupport_fastrtps_c/franky_msgs/msg/detail/cartesian_move__type_support_c.cpp.o[0m
[1.203s] [ 70%] [32mBuilding CXX object CMakeFiles/franky_msgs__rosidl_typesupport_fastrtps_c.dir/rosidl_typesupport_fastrtps_c/franky_msgs/msg/detail/cartesian_velocity__type_support_c.cpp.o[0m
[1.204s] [ 70%] [32mBuilding CXX object CMakeFiles/franky_msgs__rosidl_typesupport_fastrtps_c.dir/rosidl_typesupport_fastrtps_c/franky_msgs/msg/detail/joint_move__type_support_c.cpp.o[0m
[1.206s] [ 71%] [32mBuilding CXX object CMakeFiles/franky_msgs__rosidl_typesupport_fastrtps_c.dir/rosidl_typesupport_fastrtps_c/franky_msgs/msg/detail/joint_velocity__type_support_c.cpp.o[0m
[1.209s] [ 73%] [32mBuilding CXX object CMakeFiles/franky_msgs__rosidl_typesupport_fastrtps_c.dir/rosidl_typesupport_fastrtps_c/franky_msgs/msg/detail/gripper_state__type_support_c.cpp.o[0m
[1.210s] [ 74%] [32mBuilding CXX object CMakeFiles/franky_msgs__rosidl_typesupport_fastrtps_c.dir/rosidl_typesupport_fastrtps_c/franky_msgs/srv/detail/set_dynamics_factor__type_support_c.cpp.o[0m
[1.215s] [ 76%] [32m[1mLinking C shared library libfranky_msgs__rosidl_typesupport_introspection_c.so[0m
[1.224s] [ 76%] Built target franky_msgs__rosidl_typesupport_cpp
[1.241s] [ 76%] Built target franky_msgs__rosidl_typesupport_introspection_c
[1.318s] [ 77%] [32m[1mLinking CXX shared library libfranky_msgs__rosidl_typesupport_introspection_cpp.so[0m
[1.353s] [ 78%] [32m[1mLinking CXX shared library libfranky_msgs__rosidl_typesupport_fastrtps_cpp.so[0m
[1.358s] [ 78%] Built target franky_msgs__rosidl_typesupport_introspection_cpp
[1.391s] [ 80%] [32m[1mLinking CXX shared library libfranky_msgs__rosidl_typesupport_fastrtps_c.so[0m
[1.391s] [ 80%] Built target franky_msgs__rosidl_typesupport_fastrtps_cpp
[1.423s] [ 80%] Built target franky_msgs__rosidl_typesupport_fastrtps_c
[1.431s] [ 80%] Built target franky_msgs
[1.440s] [ 81%] [34m[1mGenerating Python code for ROS interfaces[0m
[1.782s] [ 81%] Built target franky_msgs__py
[1.786s] [35m[1mConsolidate compiler generated dependencies of target franky_msgs__rosidl_generator_py[0m
[1.792s] [ 83%] [32mBuilding C object CMakeFiles/franky_msgs__rosidl_generator_py.dir/rosidl_generator_py/franky_msgs/msg/_cartesian_move_s.c.o[0m
[1.792s] [ 84%] [32mBuilding C object CMakeFiles/franky_msgs__rosidl_generator_py.dir/rosidl_generator_py/franky_msgs/msg/_cartesian_velocity_s.c.o[0m
[1.793s] [ 85%] [32mBuilding C object CMakeFiles/franky_msgs__rosidl_generator_py.dir/rosidl_generator_py/franky_msgs/msg/_joint_move_s.c.o[0m
[1.793s] [ 87%] [32mBuilding C object CMakeFiles/franky_msgs__rosidl_generator_py.dir/rosidl_generator_py/franky_msgs/msg/_joint_velocity_s.c.o[0m
[1.793s] [ 88%] [32mBuilding C object CMakeFiles/franky_msgs__rosidl_generator_py.dir/rosidl_generator_py/franky_msgs/msg/_gripper_state_s.c.o[0m
[1.793s] [ 90%] [32mBuilding C object CMakeFiles/franky_msgs__rosidl_generator_py.dir/rosidl_generator_py/franky_msgs/srv/_set_dynamics_factor_s.c.o[0m
[1.837s] [ 91%] [32m[1mLinking C shared library rosidl_generator_py/franky_msgs/libfranky_msgs__rosidl_generator_py.so[0m
[1.854s] [ 91%] Built target franky_msgs__rosidl_generator_py
[1.858s] [35m[1mConsolidate compiler generated dependencies of target franky_msgs__rosidl_typesupport_fastrtps_c__pyext[0m
[1.858s] [35m[1mConsolidate compiler generated dependencies of target franky_msgs__rosidl_typesupport_c__pyext[0m
[1.859s] [35m[1mConsolidate compiler generated dependencies of target franky_msgs__rosidl_typesupport_introspection_c__pyext[0m
[1.864s] [ 94%] [32mBuilding C object CMakeFiles/franky_msgs__rosidl_typesupport_c__pyext.dir/rosidl_generator_py/franky_msgs/_franky_msgs_s.ep.rosidl_typesupport_c.c.o[0m
[1.864s] [ 94%] [32mBuilding C object CMakeFiles/franky_msgs__rosidl_typesupport_introspection_c__pyext.dir/rosidl_generator_py/franky_msgs/_franky_msgs_s.ep.rosidl_typesupport_introspection_c.c.o[0m
[1.864s] [ 95%] [32mBuilding C object CMakeFiles/franky_msgs__rosidl_typesupport_fastrtps_c__pyext.dir/rosidl_generator_py/franky_msgs/_franky_msgs_s.ep.rosidl_typesupport_fastrtps_c.c.o[0m
[1.910s] [ 97%] [32m[1mLinking C shared library rosidl_generator_py/franky_msgs/franky_msgs_s__rosidl_typesupport_introspection_c.cpython-310-x86_64-linux-gnu.so[0m
[1.911s] [ 98%] [32m[1mLinking C shared library rosidl_generator_py/franky_msgs/franky_msgs_s__rosidl_typesupport_fastrtps_c.cpython-310-x86_64-linux-gnu.so[0m
[1.911s] [100%] [32m[1mLinking C shared library rosidl_generator_py/franky_msgs/franky_msgs_s__rosidl_typesupport_c.cpython-310-x86_64-linux-gnu.so[0m
[1.928s] [100%] Built target franky_msgs__rosidl_typesupport_introspection_c__pyext
[1.928s] [100%] Built target franky_msgs__rosidl_typesupport_fastrtps_c__pyext
[1.928s] [100%] Built target franky_msgs__rosidl_typesupport_c__pyext
[1.933s] Invoked command in '/home/user/franka-docker/franka_ws/build/franky_msgs' returned '0': CMAKE_PREFIX_PATH=${CMAKE_PREFIX_PATH}:/home/user/franka-docker/franka_ws/install/franky_ros:/opt/ros/humble /usr/bin/cmake --build /home/user/franka-docker/franka_ws/build/franky_msgs -- -j24 -l24
[1.937s] Invoking command in '/home/user/franka-docker/franka_ws/build/franky_msgs': CMAKE_PREFIX_PATH=${CMAKE_PREFIX_PATH}:/home/user/franka-docker/franka_ws/install/franky_ros:/opt/ros/humble /usr/bin/cmake --install /home/user/franka-docker/franka_ws/build/franky_msgs
[1.940s] -- Install configuration: ""
[1.940s] -- Execute custom install script
[1.940s] -- Up-to-date symlink: /home/user/franka-docker/franka_ws/install/franky_msgs/share/ament_index/resource_index/rosidl_interfaces/franky_msgs
[1.940s] -- Up-to-date symlink: /home/user/franka-docker/franka_ws/install/franky_msgs/include/franky_msgs/franky_msgs/msg/cartesian_move.h
[1.940s] -- Up-to-date symlink: /home/user/franka-docker/franka_ws/install/franky_msgs/include/franky_msgs/franky_msgs/msg/cartesian_velocity.h
[1.940s] -- Up-to-date symlink: /home/user/franka-docker/franka_ws/install/franky_msgs/include/franky_msgs/franky_msgs/msg/detail/cartesian_move__functions.h
[1.940s] -- Up-to-date symlink: /home/user/franka-docker/franka_ws/install/franky_msgs/include/franky_msgs/franky_msgs/msg/detail/cartesian_move__struct.h
[1.940s] -- Up-to-date symlink: /home/user/franka-docker/franka_ws/install/franky_msgs/include/franky_msgs/franky_msgs/msg/detail/cartesian_move__type_support.h
[1.940s] -- Up-to-date symlink: /home/user/franka-docker/franka_ws/install/franky_msgs/include/franky_msgs/franky_msgs/msg/detail/cartesian_velocity__functions.h
[1.940s] -- Up-to-date symlink: /home/user/franka-docker/franka_ws/install/franky_msgs/include/franky_msgs/franky_msgs/msg/detail/cartesian_velocity__struct.h
[1.940s] -- Up-to-date symlink: /home/user/franka-docker/franka_ws/install/franky_msgs/include/franky_msgs/franky_msgs/msg/detail/cartesian_velocity__type_support.h
[1.940s] -- Up-to-date symlink: /home/user/franka-docker/franka_ws/install/franky_msgs/include/franky_msgs/franky_msgs/msg/detail/gripper_state__functions.h
[1.940s] -- Up-to-date symlink: /home/user/franka-docker/franka_ws/install/franky_msgs/include/franky_msgs/franky_msgs/msg/detail/gripper_state__struct.h
[1.941s] -- Up-to-date symlink: /home/user/franka-docker/franka_ws/install/franky_msgs/include/franky_msgs/franky_msgs/msg/detail/gripper_state__type_support.h
[1.941s] -- Up-to-date symlink: /home/user/franka-docker/franka_ws/install/franky_msgs/include/franky_msgs/franky_msgs/msg/detail/joint_move__functions.h
[1.941s] -- Up-to-date symlink: /home/user/franka-docker/franka_ws/install/franky_msgs/include/franky_msgs/franky_msgs/msg/detail/joint_move__struct.h
[1.941s] -- Up-to-date symlink: /home/user/franka-docker/franka_ws/install/franky_msgs/include/franky_msgs/franky_msgs/msg/detail/joint_move__type_support.h
[1.941s] -- Up-to-date symlink: /home/user/franka-docker/franka_ws/install/franky_msgs/include/franky_msgs/franky_msgs/msg/detail/joint_velocity__functions.h
[1.941s] -- Up-to-date symlink: /home/user/franka-docker/franka_ws/install/franky_msgs/include/franky_msgs/franky_msgs/msg/detail/joint_velocity__struct.h
[1.941s] -- Up-to-date symlink: /home/user/franka-docker/franka_ws/install/franky_msgs/include/franky_msgs/franky_msgs/msg/detail/joint_velocity__type_support.h
[1.941s] -- Up-to-date symlink: /home/user/franka-docker/franka_ws/install/franky_msgs/include/franky_msgs/franky_msgs/msg/gripper_state.h
[1.941s] -- Up-to-date symlink: /home/user/franka-docker/franka_ws/install/franky_msgs/include/franky_msgs/franky_msgs/msg/joint_move.h
[1.941s] -- Up-to-date symlink: /home/user/franka-docker/franka_ws/install/franky_msgs/include/franky_msgs/franky_msgs/msg/joint_velocity.h
[1.941s] -- Up-to-date symlink: /home/user/franka-docker/franka_ws/install/franky_msgs/include/franky_msgs/franky_msgs/msg/rosidl_generator_c__visibility_control.h
[1.941s] -- Symlinking: /home/user/franka-docker/franka_ws/install/franky_msgs/include/franky_msgs/franky_msgs/srv/detail/set_dynamics_factor__functions.h
[1.944s] -- Symlinking: /home/user/franka-docker/franka_ws/install/franky_msgs/include/franky_msgs/franky_msgs/srv/detail/set_dynamics_factor__struct.h
[1.947s] -- Symlinking: /home/user/franka-docker/franka_ws/install/franky_msgs/include/franky_msgs/franky_msgs/srv/detail/set_dynamics_factor__type_support.h
[1.951s] -- Symlinking: /home/user/franka-docker/franka_ws/install/franky_msgs/include/franky_msgs/franky_msgs/srv/set_dynamics_factor.h
[1.954s] -- Up-to-date symlink: /home/user/franka-docker/franka_ws/install/franky_msgs/share/franky_msgs/environment/library_path.sh
[1.954s] -- Up-to-date symlink: /home/user/franka-docker/franka_ws/install/franky_msgs/share/franky_msgs/environment/library_path.dsv
[1.954s] -- Up-to-date symlink: /home/user/franka-docker/franka_ws/install/franky_msgs/include/franky_msgs/franky_msgs/msg/detail/cartesian_move__rosidl_typesupport_fastrtps_c.h
[1.954s] -- Up-to-date symlink: /home/user/franka-docker/franka_ws/install/franky_msgs/include/franky_msgs/franky_msgs/msg/detail/cartesian_velocity__rosidl_typesupport_fastrtps_c.h
[1.954s] -- Up-to-date symlink: /home/user/franka-docker/franka_ws/install/franky_msgs/include/franky_msgs/franky_msgs/msg/detail/gripper_state__rosidl_typesupport_fastrtps_c.h
[1.954s] -- Up-to-date symlink: /home/user/franka-docker/franka_ws/install/franky_msgs/include/franky_msgs/franky_msgs/msg/detail/joint_move__rosidl_typesupport_fastrtps_c.h
[1.954s] -- Up-to-date symlink: /home/user/franka-docker/franka_ws/install/franky_msgs/include/franky_msgs/franky_msgs/msg/detail/joint_velocity__rosidl_typesupport_fastrtps_c.h
[1.954s] -- Up-to-date symlink: /home/user/franka-docker/franka_ws/install/franky_msgs/include/franky_msgs/franky_msgs/msg/rosidl_typesupport_fastrtps_c__visibility_control.h
[1.954s] -- Symlinking: /home/user/franka-docker/franka_ws/install/franky_msgs/include/franky_msgs/franky_msgs/srv/detail/set_dynamics_factor__rosidl_typesupport_fastrtps_c.h
[1.957s] -- Up-to-date symlink: /home/user/franka-docker/franka_ws/install/franky_msgs/include/franky_msgs/franky_msgs/msg/detail/cartesian_move__rosidl_typesupport_introspection_c.h
[1.957s] -- Up-to-date symlink: /home/user/franka-docker/franka_ws/install/franky_msgs/include/franky_msgs/franky_msgs/msg/detail/cartesian_velocity__rosidl_typesupport_introspection_c.h
[1.958s] -- Up-to-date symlink: /home/user/franka-docker/franka_ws/install/franky_msgs/include/franky_msgs/franky_msgs/msg/detail/gripper_state__rosidl_typesupport_introspection_c.h
[1.958s] -- Up-to-date symlink: /home/user/franka-docker/franka_ws/install/franky_msgs/include/franky_msgs/franky_msgs/msg/detail/joint_move__rosidl_typesupport_introspection_c.h
[1.958s] -- Up-to-date symlink: /home/user/franka-docker/franka_ws/install/franky_msgs/include/franky_msgs/franky_msgs/msg/detail/joint_velocity__rosidl_typesupport_introspection_c.h
[1.958s] -- Up-to-date symlink: /home/user/franka-docker/franka_ws/install/franky_msgs/include/franky_msgs/franky_msgs/msg/rosidl_typesupport_introspection_c__visibility_control.h
[1.958s] -- Symlinking: /home/user/franka-docker/franka_ws/install/franky_msgs/include/franky_msgs/franky_msgs/srv/detail/set_dynamics_factor__rosidl_typesupport_introspection_c.h
[1.961s] -- Up-to-date symlink: /home/user/franka-docker/franka_ws/install/franky_msgs/include/franky_msgs/franky_msgs/msg/cartesian_move.hpp
[1.961s] -- Up-to-date symlink: /home/user/franka-docker/franka_ws/install/franky_msgs/include/franky_msgs/franky_msgs/msg/cartesian_velocity.hpp
[1.961s] -- Up-to-date symlink: /home/user/franka-docker/franka_ws/install/franky_msgs/include/franky_msgs/franky_msgs/msg/detail/cartesian_move__builder.hpp
[1.961s] -- Up-to-date symlink: /home/user/franka-docker/franka_ws/install/franky_msgs/include/franky_msgs/franky_msgs/msg/detail/cartesian_move__struct.hpp
[1.961s] -- Up-to-date symlink: /home/user/franka-docker/franka_ws/install/franky_msgs/include/franky_msgs/franky_msgs/msg/detail/cartesian_move__traits.hpp
[1.961s] -- Up-to-date symlink: /home/user/franka-docker/franka_ws/install/franky_msgs/include/franky_msgs/franky_msgs/msg/detail/cartesian_move__type_support.hpp
[1.961s] -- Up-to-date symlink: /home/user/franka-docker/franka_ws/install/franky_msgs/include/franky_msgs/franky_msgs/msg/detail/cartesian_velocity__builder.hpp
[1.961s] -- Up-to-date symlink: /home/user/franka-docker/franka_ws/install/franky_msgs/include/franky_msgs/franky_msgs/msg/detail/cartesian_velocity__struct.hpp
[1.961s] -- Up-to-date symlink: /home/user/franka-docker/franka_ws/install/franky_msgs/include/franky_msgs/franky_msgs/msg/detail/cartesian_velocity__traits.hpp
[1.961s] -- Up-to-date symlink: /home/user/franka-docker/franka_ws/install/franky_msgs/include/franky_msgs/franky_msgs/msg/detail/cartesian_velocity__type_support.hpp
[1.961s] -- Up-to-date symlink: /home/user/franka-docker/franka_ws/install/franky_msgs/include/franky_msgs/franky_msgs/msg/detail/gripper_state__builder.hpp
[1.961s] -- Up-to-date symlink: /home/user/franka-docker/franka_ws/install/franky_msgs/include/franky_msgs/franky_msgs/msg/detail/gripper_state__struct.hpp
[1.961s] -- Up-to-date symlink: /home/user/franka-docker/franka_ws/install/franky_msgs/include/franky_msgs/franky_msgs/msg/detail/gripper_state__traits.hpp
[1.961s] -- Up-to-date symlink: /home/user/franka-docker/franka_ws/install/franky_msgs/include/franky_msgs/franky_msgs/msg/detail/gripper_state__type_support.hpp
[1.961s] -- Up-to-date symlink: /home/user/franka-docker/franka_ws/install/franky_msgs/include/franky_msgs/franky_msgs/msg/detail/joint_move__builder.hpp
[1.961s] -- Up-to-date symlink: /home/user/franka-docker/franka_ws/install/franky_msgs/include/franky_msgs/franky_msgs/msg/detail/joint_move__struct.hpp
[1.961s] -- Up-to-date symlink: /home/user/franka-docker/franka_ws/install/franky_msgs/include/franky_msgs/franky_msgs/msg/detail/joint_move__traits.hpp
[1.961s] -- Up-to-date symlink: /home/user/franka-docker/franka_ws/install/franky_msgs/include/franky_msgs/franky_msgs/msg/detail/joint_move__type_support.hpp
[1.961s] -- Up-to-date symlink: /home/user/franka-docker/franka_ws/install/franky_msgs/include/franky_msgs/franky_msgs/msg/detail/joint_velocity__builder.hpp
[1.961s] -- Up-to-date symlink: /home/user/franka-docker/franka_ws/install/franky_msgs/include/franky_msgs/franky_msgs/msg/detail/joint_velocity__struct.hpp
[1.961s] -- Up-to-date symlink: /home/user/franka-docker/franka_ws/install/franky_msgs/include/franky_msgs/franky_msgs/msg/detail/joint_velocity__traits.hpp
[1.961s] -- Up-to-date symlink: /home/user/franka-docker/franka_ws/install/franky_msgs/include/franky_msgs/franky_msgs/msg/detail/joint_velocity__type_support.hpp
[1.961s] -- Up-to-date symlink: /home/user/franka-docker/franka_ws/install/franky_msgs/include/franky_msgs/franky_msgs/msg/gripper_state.hpp
[1.962s] -- Up-to-date symlink: /home/user/franka-docker/franka_ws/install/franky_msgs/include/franky_msgs/franky_msgs/msg/joint_move.hpp
[1.962s] -- Up-to-date symlink: /home/user/franka-docker/franka_ws/install/franky_msgs/include/franky_msgs/franky_msgs/msg/joint_velocity.hpp
[1.962s] -- Up-to-date symlink: /home/user/franka-docker/franka_ws/install/franky_msgs/include/franky_msgs/franky_msgs/msg/rosidl_generator_cpp__visibility_control.hpp
[1.962s] -- Symlinking: /home/user/franka-docker/franka_ws/install/franky_msgs/include/franky_msgs/franky_msgs/srv/detail/set_dynamics_factor__builder.hpp
[1.965s] -- Symlinking: /home/user/franka-docker/franka_ws/install/franky_msgs/include/franky_msgs/franky_msgs/srv/detail/set_dynamics_factor__struct.hpp
[1.968s] -- Symlinking: /home/user/franka-docker/franka_ws/install/franky_msgs/include/franky_msgs/franky_msgs/srv/detail/set_dynamics_factor__traits.hpp
[1.971s] -- Symlinking: /home/user/franka-docker/franka_ws/install/franky_msgs/include/franky_msgs/franky_msgs/srv/detail/set_dynamics_factor__type_support.hpp
[1.974s] -- Symlinking: /home/user/franka-docker/franka_ws/install/franky_msgs/include/franky_msgs/franky_msgs/srv/set_dynamics_factor.hpp
[1.977s] -- Up-to-date symlink: /home/user/franka-docker/franka_ws/install/franky_msgs/include/franky_msgs/franky_msgs/msg/detail/cartesian_move__rosidl_typesupport_fastrtps_cpp.hpp
[1.977s] -- Up-to-date symlink: /home/user/franka-docker/franka_ws/install/franky_msgs/include/franky_msgs/franky_msgs/msg/detail/cartesian_velocity__rosidl_typesupport_fastrtps_cpp.hpp
[1.977s] -- Up-to-date symlink: /home/user/franka-docker/franka_ws/install/franky_msgs/include/franky_msgs/franky_msgs/msg/detail/gripper_state__rosidl_typesupport_fastrtps_cpp.hpp
[1.977s] -- Up-to-date symlink: /home/user/franka-docker/franka_ws/install/franky_msgs/include/franky_msgs/franky_msgs/msg/detail/joint_move__rosidl_typesupport_fastrtps_cpp.hpp
[1.977s] -- Up-to-date symlink: /home/user/franka-docker/franka_ws/install/franky_msgs/include/franky_msgs/franky_msgs/msg/detail/joint_velocity__rosidl_typesupport_fastrtps_cpp.hpp
[1.977s] -- Up-to-date symlink: /home/user/franka-docker/franka_ws/install/franky_msgs/include/franky_msgs/franky_msgs/msg/rosidl_typesupport_fastrtps_cpp__visibility_control.h
[1.978s] -- Symlinking: /home/user/franka-docker/franka_ws/install/franky_msgs/include/franky_msgs/franky_msgs/srv/detail/set_dynamics_factor__rosidl_typesupport_fastrtps_cpp.hpp
[1.981s] -- Up-to-date symlink: /home/user/franka-docker/franka_ws/install/franky_msgs/include/franky_msgs/franky_msgs/msg/detail/cartesian_move__rosidl_typesupport_introspection_cpp.hpp
[1.981s] -- Up-to-date symlink: /home/user/franka-docker/franka_ws/install/franky_msgs/include/franky_msgs/franky_msgs/msg/detail/cartesian_velocity__rosidl_typesupport_introspection_cpp.hpp
[1.981s] -- Up-to-date symlink: /home/user/franka-docker/franka_ws/install/franky_msgs/include/franky_msgs/franky_msgs/msg/detail/gripper_state__rosidl_typesupport_introspection_cpp.hpp
[1.981s] -- Up-to-date symlink: /home/user/franka-docker/franka_ws/install/franky_msgs/include/franky_msgs/franky_msgs/msg/detail/joint_move__rosidl_typesupport_introspection_cpp.hpp
[1.981s] -- Up-to-date symlink: /home/user/franka-docker/franka_ws/install/franky_msgs/include/franky_msgs/franky_msgs/msg/detail/joint_velocity__rosidl_typesupport_introspection_cpp.hpp
[1.981s] -- Symlinking: /home/user/franka-docker/franka_ws/install/franky_msgs/include/franky_msgs/franky_msgs/srv/detail/set_dynamics_factor__rosidl_typesupport_introspection_cpp.hpp
[1.984s] -- Up-to-date symlink: /home/user/franka-docker/franka_ws/install/franky_msgs/share/franky_msgs/environment/pythonpath.sh
[1.984s] -- Up-to-date symlink: /home/user/franka-docker/franka_ws/install/franky_msgs/share/franky_msgs/environment/pythonpath.dsv
[1.984s] -- Up-to-date symlink: /home/user/franka-docker/franka_ws/install/franky_msgs/local/lib/python3.10/dist-packages/franky_msgs-0.1.0-py3.10.egg-info/PKG-INFO
[1.984s] -- Up-to-date symlink: /home/user/franka-docker/franka_ws/install/franky_msgs/local/lib/python3.10/dist-packages/franky_msgs-0.1.0-py3.10.egg-info/SOURCES.txt
[1.984s] -- Up-to-date symlink: /home/user/franka-docker/franka_ws/install/franky_msgs/local/lib/python3.10/dist-packages/franky_msgs-0.1.0-py3.10.egg-info/dependency_links.txt
[1.984s] -- Up-to-date symlink: /home/user/franka-docker/franka_ws/install/franky_msgs/local/lib/python3.10/dist-packages/franky_msgs-0.1.0-py3.10.egg-info/top_level.txt
[1.984s] -- Up-to-date symlink: /home/user/franka-docker/franka_ws/install/franky_msgs/local/lib/python3.10/dist-packages/franky_msgs/__init__.py
[1.984s] -- Up-to-date symlink: /home/user/franka-docker/franka_ws/install/franky_msgs/local/lib/python3.10/dist-packages/franky_msgs/_franky_msgs_s.ep.rosidl_typesupport_c.c
[1.984s] -- Up-to-date symlink: /home/user/franka-docker/franka_ws/install/franky_msgs/local/lib/python3.10/dist-packages/franky_msgs/_franky_msgs_s.ep.rosidl_typesupport_fastrtps_c.c
[1.984s] -- Up-to-date symlink: /home/user/franka-docker/franka_ws/install/franky_msgs/local/lib/python3.10/dist-packages/franky_msgs/_franky_msgs_s.ep.rosidl_typesupport_introspection_c.c
[1.984s] -- Up-to-date symlink: /home/user/franka-docker/franka_ws/install/franky_msgs/local/lib/python3.10/dist-packages/franky_msgs/franky_msgs_s__rosidl_typesupport_c.cpython-310-x86_64-linux-gnu.so
[1.984s] -- Up-to-date symlink: /home/user/franka-docker/franka_ws/install/franky_msgs/local/lib/python3.10/dist-packages/franky_msgs/franky_msgs_s__rosidl_typesupport_fastrtps_c.cpython-310-x86_64-linux-gnu.so
[1.984s] -- Up-to-date symlink: /home/user/franka-docker/franka_ws/install/franky_msgs/local/lib/python3.10/dist-packages/franky_msgs/franky_msgs_s__rosidl_typesupport_introspection_c.cpython-310-x86_64-linux-gnu.so
[1.985s] -- Up-to-date symlink: /home/user/franka-docker/franka_ws/install/franky_msgs/local/lib/python3.10/dist-packages/franky_msgs/libfranky_msgs__rosidl_generator_py.so
[1.985s] -- Up-to-date symlink: /home/user/franka-docker/franka_ws/install/franky_msgs/local/lib/python3.10/dist-packages/franky_msgs/msg/__init__.py
[1.985s] -- Up-to-date symlink: /home/user/franka-docker/franka_ws/install/franky_msgs/local/lib/python3.10/dist-packages/franky_msgs/msg/_cartesian_move.py
[1.985s] -- Up-to-date symlink: /home/user/franka-docker/franka_ws/install/franky_msgs/local/lib/python3.10/dist-packages/franky_msgs/msg/_cartesian_move_s.c
[1.985s] -- Up-to-date symlink: /home/user/franka-docker/franka_ws/install/franky_msgs/local/lib/python3.10/dist-packages/franky_msgs/msg/_cartesian_velocity.py
[1.985s] -- Up-to-date symlink: /home/user/franka-docker/franka_ws/install/franky_msgs/local/lib/python3.10/dist-packages/franky_msgs/msg/_cartesian_velocity_s.c
[1.985s] -- Up-to-date symlink: /home/user/franka-docker/franka_ws/install/franky_msgs/local/lib/python3.10/dist-packages/franky_msgs/msg/_gripper_state.py
[1.985s] -- Up-to-date symlink: /home/user/franka-docker/franka_ws/install/franky_msgs/local/lib/python3.10/dist-packages/franky_msgs/msg/_gripper_state_s.c
[1.985s] -- Up-to-date symlink: /home/user/franka-docker/franka_ws/install/franky_msgs/local/lib/python3.10/dist-packages/franky_msgs/msg/_joint_move.py
[1.985s] -- Up-to-date symlink: /home/user/franka-docker/franka_ws/install/franky_msgs/local/lib/python3.10/dist-packages/franky_msgs/msg/_joint_move_s.c
[1.985s] -- Up-to-date symlink: /home/user/franka-docker/franka_ws/install/franky_msgs/local/lib/python3.10/dist-packages/franky_msgs/msg/_joint_velocity.py
[1.985s] -- Up-to-date symlink: /home/user/franka-docker/franka_ws/install/franky_msgs/local/lib/python3.10/dist-packages/franky_msgs/msg/_joint_velocity_s.c
[1.985s] -- Symlinking: /home/user/franka-docker/franka_ws/install/franky_msgs/local/lib/python3.10/dist-packages/franky_msgs/srv/__init__.py
[1.988s] -- Symlinking: /home/user/franka-docker/franka_ws/install/franky_msgs/local/lib/python3.10/dist-packages/franky_msgs/srv/_set_dynamics_factor.py
[1.991s] -- Symlinking: /home/user/franka-docker/franka_ws/install/franky_msgs/local/lib/python3.10/dist-packages/franky_msgs/srv/_set_dynamics_factor_s.c
[1.994s] -- Up-to-date symlink: /home/user/franka-docker/franka_ws/install/franky_msgs/local/lib/python3.10/dist-packages/franky_msgs/franky_msgs_s__rosidl_typesupport_fastrtps_c.cpython-310-x86_64-linux-gnu.so
[1.994s] -- Up-to-date symlink: /home/user/franka-docker/franka_ws/install/franky_msgs/local/lib/python3.10/dist-packages/franky_msgs/franky_msgs_s__rosidl_typesupport_introspection_c.cpython-310-x86_64-linux-gnu.so
[1.995s] -- Up-to-date symlink: /home/user/franka-docker/franka_ws/install/franky_msgs/local/lib/python3.10/dist-packages/franky_msgs/franky_msgs_s__rosidl_typesupport_c.cpython-310-x86_64-linux-gnu.so
[1.995s] -- Up-to-date symlink: /home/user/franka-docker/franka_ws/install/franky_msgs/share/franky_msgs/msg/CartesianMove.idl
[1.995s] -- Up-to-date symlink: /home/user/franka-docker/franka_ws/install/franky_msgs/share/franky_msgs/msg/CartesianVelocity.idl
[1.995s] -- Up-to-date symlink: /home/user/franka-docker/franka_ws/install/franky_msgs/share/franky_msgs/msg/JointMove.idl
[1.995s] -- Up-to-date symlink: /home/user/franka-docker/franka_ws/install/franky_msgs/share/franky_msgs/msg/JointVelocity.idl
[1.995s] -- Up-to-date symlink: /home/user/franka-docker/franka_ws/install/franky_msgs/share/franky_msgs/msg/GripperState.idl
[1.995s] -- Symlinking: /home/user/franka-docker/franka_ws/install/franky_msgs/share/franky_msgs/srv/SetDynamicsFactor.idl
[1.998s] -- Up-to-date symlink: /home/user/franka-docker/franka_ws/install/franky_msgs/share/franky_msgs/msg/CartesianMove.msg
[1.998s] -- Up-to-date symlink: /home/user/franka-docker/franka_ws/install/franky_msgs/share/franky_msgs/msg/CartesianVelocity.msg
[1.998s] -- Up-to-date symlink: /home/user/franka-docker/franka_ws/install/franky_msgs/share/franky_msgs/msg/JointMove.msg
[1.998s] -- Up-to-date symlink: /home/user/franka-docker/franka_ws/install/franky_msgs/share/franky_msgs/msg/JointVelocity.msg
[1.998s] -- Up-to-date symlink: /home/user/franka-docker/franka_ws/install/franky_msgs/share/franky_msgs/msg/GripperState.msg
[1.998s] -- Symlinking: /home/user/franka-docker/franka_ws/install/franky_msgs/share/franky_msgs/srv/SetDynamicsFactor.srv
[2.001s] -- Symlinking: /home/user/franka-docker/franka_ws/install/franky_msgs/share/franky_msgs/srv/SetDynamicsFactor_Request.msg
[2.004s] -- Symlinking: /home/user/franka-docker/franka_ws/install/franky_msgs/share/franky_msgs/srv/SetDynamicsFactor_Response.msg
[2.007s] -- Up-to-date symlink: /home/user/franka-docker/franka_ws/install/franky_msgs/share/ament_index/resource_index/package_run_dependencies/franky_msgs
[2.007s] -- Up-to-date symlink: /home/user/franka-docker/franka_ws/install/franky_msgs/share/ament_index/resource_index/parent_prefix_path/franky_msgs
[2.007s] -- Up-to-date symlink: /home/user/franka-docker/franka_ws/install/franky_msgs/share/franky_msgs/environment/ament_prefix_path.sh
[2.007s] -- Up-to-date symlink: /home/user/franka-docker/franka_ws/install/franky_msgs/share/franky_msgs/environment/ament_prefix_path.dsv
[2.007s] -- Up-to-date symlink: /home/user/franka-docker/franka_ws/install/franky_msgs/share/franky_msgs/environment/path.sh
[2.007s] -- Up-to-date symlink: /home/user/franka-docker/franka_ws/install/franky_msgs/share/franky_msgs/environment/path.dsv
[2.007s] -- Up-to-date symlink: /home/user/franka-docker/franka_ws/install/franky_msgs/share/franky_msgs/local_setup.bash
[2.007s] -- Up-to-date symlink: /home/user/franka-docker/franka_ws/install/franky_msgs/share/franky_msgs/local_setup.sh
[2.007s] -- Up-to-date symlink: /home/user/franka-docker/franka_ws/install/franky_msgs/share/franky_msgs/local_setup.zsh
[2.008s] -- Up-to-date symlink: /home/user/franka-docker/franka_ws/install/franky_msgs/share/franky_msgs/local_setup.dsv
[2.008s] -- Symlinking: /home/user/franka-docker/franka_ws/install/franky_msgs/share/franky_msgs/package.dsv
[2.011s] -- Up-to-date symlink: /home/user/franka-docker/franka_ws/install/franky_msgs/share/ament_index/resource_index/packages/franky_msgs
[2.011s] -- Up-to-date symlink: /home/user/franka-docker/franka_ws/install/franky_msgs/share/franky_msgs/cmake/rosidl_cmake-extras.cmake
[2.011s] -- Up-to-date symlink: /home/user/franka-docker/franka_ws/install/franky_msgs/share/franky_msgs/cmake/ament_cmake_export_dependencies-extras.cmake
[2.011s] -- Up-to-date symlink: /home/user/franka-docker/franka_ws/install/franky_msgs/share/franky_msgs/cmake/ament_cmake_export_include_directories-extras.cmake
[2.011s] -- Up-to-date symlink: /home/user/franka-docker/franka_ws/install/franky_msgs/share/franky_msgs/cmake/ament_cmake_export_libraries-extras.cmake
[2.011s] -- Up-to-date symlink: /home/user/franka-docker/franka_ws/install/franky_msgs/share/franky_msgs/cmake/ament_cmake_export_targets-extras.cmake
[2.011s] -- Up-to-date symlink: /home/user/franka-docker/franka_ws/install/franky_msgs/share/franky_msgs/cmake/rosidl_cmake_export_typesupport_targets-extras.cmake
[2.011s] -- Up-to-date symlink: /home/user/franka-docker/franka_ws/install/franky_msgs/share/franky_msgs/cmake/rosidl_cmake_export_typesupport_libraries-extras.cmake
[2.011s] -- Up-to-date symlink: /home/user/franka-docker/franka_ws/install/franky_msgs/share/franky_msgs/cmake/franky_msgsConfig.cmake
[2.011s] -- Up-to-date symlink: /home/user/franka-docker/franka_ws/install/franky_msgs/share/franky_msgs/cmake/franky_msgsConfig-version.cmake
[2.011s] -- Up-to-date symlink: /home/user/franka-docker/franka_ws/install/franky_msgs/share/franky_msgs/package.xml
[2.011s] -- Installing: /home/user/franka-docker/franka_ws/install/franky_msgs/lib/libfranky_msgs__rosidl_generator_c.so
[2.011s] -- Set runtime path of "/home/user/franka-docker/franka_ws/install/franky_msgs/lib/libfranky_msgs__rosidl_generator_c.so" to ""
[2.011s] -- Installing: /home/user/franka-docker/franka_ws/install/franky_msgs/lib/libfranky_msgs__rosidl_typesupport_fastrtps_c.so
[2.012s] -- Set runtime path of "/home/user/franka-docker/franka_ws/install/franky_msgs/lib/libfranky_msgs__rosidl_typesupport_fastrtps_c.so" to ""
[2.012s] -- Installing: /home/user/franka-docker/franka_ws/install/franky_msgs/lib/libfranky_msgs__rosidl_typesupport_introspection_c.so
[2.012s] -- Set runtime path of "/home/user/franka-docker/franka_ws/install/franky_msgs/lib/libfranky_msgs__rosidl_typesupport_introspection_c.so" to ""
[2.012s] -- Installing: /home/user/franka-docker/franka_ws/install/franky_msgs/lib/libfranky_msgs__rosidl_typesupport_c.so
[2.012s] -- Set runtime path of "/home/user/franka-docker/franka_ws/install/franky_msgs/lib/libfranky_msgs__rosidl_typesupport_c.so" to ""
[2.012s] -- Installing: /home/user/franka-docker/franka_ws/install/franky_msgs/lib/libfranky_msgs__rosidl_typesupport_fastrtps_cpp.so
[2.012s] -- Set runtime path of "/home/user/franka-docker/franka_ws/install/franky_msgs/lib/libfranky_msgs__rosidl_typesupport_fastrtps_cpp.so" to ""
[2.012s] -- Installing: /home/user/franka-docker/franka_ws/install/franky_msgs/lib/libfranky_msgs__rosidl_typesupport_introspection_cpp.so
[2.012s] -- Set runtime path of "/home/user/franka-docker/franka_ws/install/franky_msgs/lib/libfranky_msgs__rosidl_typesupport_introspection_cpp.so" to ""
[2.012s] -- Installing: /home/user/franka-docker/franka_ws/install/franky_msgs/lib/libfranky_msgs__rosidl_typesupport_cpp.so
[2.012s] -- Set runtime path of "/home/user/franka-docker/franka_ws/install/franky_msgs/lib/libfranky_msgs__rosidl_typesupport_cpp.so" to ""
[2.031s] Listing '/home/user/franka-docker/franka_ws/install/franky_msgs/local/lib/python3.10/dist-packages/franky_msgs'...
[2.031s] Compiling '/home/user/franka-docker/franka_ws/install/franky_msgs/local/lib/python3.10/dist-packages/franky_msgs/__init__.py'...
[2.031s] Listing '/home/user/franka-docker/franka_ws/install/franky_msgs/local/lib/python3.10/dist-packages/franky_msgs/msg'...
[2.031s] Compiling '/home/user/franka-docker/franka_ws/install/franky_msgs/local/lib/python3.10/dist-packages/franky_msgs/msg/__init__.py'...
[2.031s] Compiling '/home/user/franka-docker/franka_ws/install/franky_msgs/local/lib/python3.10/dist-packages/franky_msgs/msg/_cartesian_move.py'...
[2.031s] Compiling '/home/user/franka-docker/franka_ws/install/franky_msgs/local/lib/python3.10/dist-packages/franky_msgs/msg/_cartesian_velocity.py'...
[2.031s] Compiling '/home/user/franka-docker/franka_ws/install/franky_msgs/local/lib/python3.10/dist-packages/franky_msgs/msg/_gripper_state.py'...
[2.031s] Compiling '/home/user/franka-docker/franka_ws/install/franky_msgs/local/lib/python3.10/dist-packages/franky_msgs/msg/_joint_move.py'...
[2.031s] Compiling '/home/user/franka-docker/franka_ws/install/franky_msgs/local/lib/python3.10/dist-packages/franky_msgs/msg/_joint_velocity.py'...
[2.031s] Listing '/home/user/franka-docker/franka_ws/install/franky_msgs/local/lib/python3.10/dist-packages/franky_msgs/srv'...
[2.031s] Compiling '/home/user/franka-docker/franka_ws/install/franky_msgs/local/lib/python3.10/dist-packages/franky_msgs/srv/__init__.py'...
[2.031s] Compiling '/home/user/franka-docker/franka_ws/install/franky_msgs/local/lib/python3.10/dist-packages/franky_msgs/srv/_set_dynamics_factor.py'...
[2.032s] -- Installing: /home/user/franka-docker/franka_ws/install/franky_msgs/lib/libfranky_msgs__rosidl_generator_py.so
[2.033s] -- Set runtime path of "/home/user/franka-docker/franka_ws/install/franky_msgs/lib/libfranky_msgs__rosidl_generator_py.so" to ""
[2.033s] -- Up-to-date: /home/user/franka-docker/franka_ws/install/franky_msgs/share/franky_msgs/cmake/export_franky_msgs__rosidl_generator_cExport.cmake
[2.033s] -- Up-to-date: /home/user/franka-docker/franka_ws/install/franky_msgs/share/franky_msgs/cmake/export_franky_msgs__rosidl_generator_cExport-noconfig.cmake
[2.033s] -- Up-to-date: /home/user/franka-docker/franka_ws/install/franky_msgs/share/franky_msgs/cmake/export_franky_msgs__rosidl_typesupport_fastrtps_cExport.cmake
[2.033s] -- Up-to-date: /home/user/franka-docker/franka_ws/install/franky_msgs/share/franky_msgs/cmake/export_franky_msgs__rosidl_typesupport_fastrtps_cExport-noconfig.cmake
[2.033s] -- Up-to-date: /home/user/franka-docker/franka_ws/install/franky_msgs/share/franky_msgs/cmake/franky_msgs__rosidl_typesupport_introspection_cExport.cmake
[2.033s] -- Up-to-date: /home/user/franka-docker/franka_ws/install/franky_msgs/share/franky_msgs/cmake/franky_msgs__rosidl_typesupport_introspection_cExport-noconfig.cmake
[2.033s] -- Up-to-date: /home/user/franka-docker/franka_ws/install/franky_msgs/share/franky_msgs/cmake/franky_msgs__rosidl_typesupport_cExport.cmake
[2.033s] -- Up-to-date: /home/user/franka-docker/franka_ws/install/franky_msgs/share/franky_msgs/cmake/franky_msgs__rosidl_typesupport_cExport-noconfig.cmake
[2.033s] -- Up-to-date: /home/user/franka-docker/franka_ws/install/franky_msgs/share/franky_msgs/cmake/export_franky_msgs__rosidl_generator_cppExport.cmake
[2.033s] -- Up-to-date: /home/user/franka-docker/franka_ws/install/franky_msgs/share/franky_msgs/cmake/export_franky_msgs__rosidl_typesupport_fastrtps_cppExport.cmake
[2.033s] -- Up-to-date: /home/user/franka-docker/franka_ws/install/franky_msgs/share/franky_msgs/cmake/export_franky_msgs__rosidl_typesupport_fastrtps_cppExport-noconfig.cmake
[2.033s] -- Up-to-date: /home/user/franka-docker/franka_ws/install/franky_msgs/share/franky_msgs/cmake/franky_msgs__rosidl_typesupport_introspection_cppExport.cmake
[2.033s] -- Up-to-date: /home/user/franka-docker/franka_ws/install/franky_msgs/share/franky_msgs/cmake/franky_msgs__rosidl_typesupport_introspection_cppExport-noconfig.cmake
[2.033s] -- Up-to-date: /home/user/franka-docker/franka_ws/install/franky_msgs/share/franky_msgs/cmake/franky_msgs__rosidl_typesupport_cppExport.cmake
[2.033s] -- Up-to-date: /home/user/franka-docker/franka_ws/install/franky_msgs/share/franky_msgs/cmake/franky_msgs__rosidl_typesupport_cppExport-noconfig.cmake
[2.033s] -- Up-to-date: /home/user/franka-docker/franka_ws/install/franky_msgs/share/franky_msgs/cmake/export_franky_msgs__rosidl_generator_pyExport.cmake
[2.033s] -- Up-to-date: /home/user/franka-docker/franka_ws/install/franky_msgs/share/franky_msgs/cmake/export_franky_msgs__rosidl_generator_pyExport-noconfig.cmake
[2.035s] Invoked command in '/home/user/franka-docker/franka_ws/build/franky_msgs' returned '0': CMAKE_PREFIX_PATH=${CMAKE_PREFIX_PATH}:/home/user/franka-docker/franka_ws/install/franky_ros:/opt/ros/humble /usr/bin/cmake --install /home/user/franka-docker/franka_ws/build/franky_msgs
