[0.008s] Invoking command in '/home/user/franka-docker/franka_ws/build/franky_msgs': CMAKE_PREFIX_PATH=${CMAKE_PREFIX_PATH}:/home/user/franka-docker/franka_ws/install/franky_ros:/opt/ros/humble /usr/bin/cmake /home/user/franka-docker/franka_ws/src/franky_msgs -DAMENT_CMAKE_SYMLINK_INSTALL=1 -DCMAKE_INSTALL_PREFIX=/home/user/franka-docker/franka_ws/install/franky_msgs
[0.014s] -- Found ament_cmake: 1.3.12 (/opt/ros/humble/share/ament_cmake/cmake)
[0.076s] -- Override CMake install command with custom implementation using symlinks instead of copying resources
[0.078s] -- Found rosidl_default_generators: 1.2.0 (/opt/ros/humble/share/rosidl_default_generators/cmake)
[0.079s] -- Using all available rosidl_typesupport_c: rosidl_typesupport_fastrtps_c;rosidl_typesupport_introspection_c
[0.080s] -- Found rosidl_adapter: 3.1.7 (/opt/ros/humble/share/rosidl_adapter/cmake)
[0.092s] -- Using all available rosidl_typesupport_cpp: rosidl_typesupport_fastrtps_cpp;rosidl_typesupport_introspection_cpp
[0.101s] -- Found action_msgs: 1.2.2 (/opt/ros/humble/share/action_msgs/cmake)
[0.113s] -- Found geometry_msgs: 4.9.0 (/opt/ros/humble/share/geometry_msgs/cmake)
[0.256s] -- Found ament_cmake_ros: 0.10.0 (/opt/ros/humble/share/ament_cmake_ros/cmake)
[0.370s] -- Using all available rosidl_typesupport_c: rosidl_typesupport_fastrtps_c;rosidl_typesupport_introspection_c
[0.512s] -- Using all available rosidl_typesupport_cpp: rosidl_typesupport_fastrtps_cpp;rosidl_typesupport_introspection_cpp
[0.523s] -- Found PythonInterp: /usr/bin/python3 (found suitable version "3.10.12", minimum required is "3.6") 
[0.524s] -- Found python_cmake_module: 0.10.0 (/opt/ros/humble/share/python_cmake_module/cmake)
[0.537s] -- Found PythonLibs: /usr/lib/x86_64-linux-gnu/libpython3.10.so (found suitable version "3.10.12", minimum required is "3.5") 
[0.537s] -- Using PYTHON_EXECUTABLE: /usr/bin/python3
[0.537s] -- Using PYTHON_INCLUDE_DIRS: /usr/include/python3.10
[0.537s] -- Using PYTHON_LIBRARIES: /usr/lib/x86_64-linux-gnu/libpython3.10.so
[0.546s] -- Found PythonExtra: .so  
[0.620s] -- Using numpy include directory: /usr/local/lib/python3.10/dist-packages/numpy/core/include
[0.630s] -- Configuring done
[0.645s] -- Generating done
[0.649s] -- Build files have been written to: /home/user/franka-docker/franka_ws/build/franky_msgs
[0.653s] Invoked command in '/home/user/franka-docker/franka_ws/build/franky_msgs' returned '0': CMAKE_PREFIX_PATH=${CMAKE_PREFIX_PATH}:/home/user/franka-docker/franka_ws/install/franky_ros:/opt/ros/humble /usr/bin/cmake /home/user/franka-docker/franka_ws/src/franky_msgs -DAMENT_CMAKE_SYMLINK_INSTALL=1 -DCMAKE_INSTALL_PREFIX=/home/user/franka-docker/franka_ws/install/franky_msgs
[0.654s] Invoking command in '/home/user/franka-docker/franka_ws/build/franky_msgs': CMAKE_PREFIX_PATH=${CMAKE_PREFIX_PATH}:/home/user/franka-docker/franka_ws/install/franky_ros:/opt/ros/humble /usr/bin/cmake --build /home/user/franka-docker/franka_ws/build/franky_msgs -- -j24 -l24
[0.671s] [  1%] [34m[1mGenerating C code for ROS interfaces[0m
[0.675s] [  3%] [34m[1mGenerating C++ code for ROS interfaces[0m
[0.679s] [  3%] Built target ament_cmake_python_symlink_franky_msgs
[0.762s] running egg_info
[0.762s] creating franky_msgs.egg-info
[0.763s] writing franky_msgs.egg-info/PKG-INFO
[0.763s] writing dependency_links to franky_msgs.egg-info/dependency_links.txt
[0.763s] writing top-level names to franky_msgs.egg-info/top_level.txt
[0.763s] writing manifest file 'franky_msgs.egg-info/SOURCES.txt'
[0.763s] reading manifest file 'franky_msgs.egg-info/SOURCES.txt'
[0.764s] writing manifest file 'franky_msgs.egg-info/SOURCES.txt'
[0.775s] [  3%] Built target ament_cmake_python_build_franky_msgs_egg
[0.841s] [  3%] Built target franky_msgs__cpp
[0.845s] [  5%] [34m[1mGenerating C++ type support dispatch for ROS interfaces[0m
[0.845s] [  7%] [34m[1mGenerating C++ type support for eProsima Fast-RTPS[0m
[0.845s] [  9%] [34m[1mGenerating C++ introspection for ROS interfaces[0m
[0.846s] [ 10%] [32mBuilding C object CMakeFiles/franky_msgs__rosidl_generator_c.dir/rosidl_generator_c/franky_msgs/msg/detail/cartesian_move__functions.c.o[0m
[0.846s] [ 12%] [32mBuilding C object CMakeFiles/franky_msgs__rosidl_generator_c.dir/rosidl_generator_c/franky_msgs/msg/detail/cartesian_velocity__functions.c.o[0m
[0.846s] [ 14%] [32mBuilding C object CMakeFiles/franky_msgs__rosidl_generator_c.dir/rosidl_generator_c/franky_msgs/msg/detail/joint_velocity__functions.c.o[0m
[0.847s] [ 16%] [32mBuilding C object CMakeFiles/franky_msgs__rosidl_generator_c.dir/rosidl_generator_c/franky_msgs/msg/detail/joint_move__functions.c.o[0m
[0.876s] [ 18%] [32m[1mLinking C shared library libfranky_msgs__rosidl_generator_c.so[0m
[0.892s] [ 18%] Built target franky_msgs__rosidl_generator_c
[0.896s] [ 20%] [34m[1mGenerating C type support for eProsima Fast-RTPS[0m
[0.896s] [ 21%] [34m[1mGenerating C introspection for ROS interfaces[0m
[0.896s] [ 23%] [34m[1mGenerating C type support dispatch for ROS interfaces[0m
[0.978s] [ 27%] [32mBuilding CXX object CMakeFiles/franky_msgs__rosidl_typesupport_cpp.dir/rosidl_typesupport_cpp/franky_msgs/msg/joint_move__type_support.cpp.o[0m
[0.979s] [ 27%] [32mBuilding CXX object CMakeFiles/franky_msgs__rosidl_typesupport_cpp.dir/rosidl_typesupport_cpp/franky_msgs/msg/joint_velocity__type_support.cpp.o[0m
[0.979s] [ 30%] [32mBuilding CXX object CMakeFiles/franky_msgs__rosidl_typesupport_cpp.dir/rosidl_typesupport_cpp/franky_msgs/msg/cartesian_velocity__type_support.cpp.o[0m
[0.979s] [ 30%] [32mBuilding CXX object CMakeFiles/franky_msgs__rosidl_typesupport_cpp.dir/rosidl_typesupport_cpp/franky_msgs/msg/cartesian_move__type_support.cpp.o[0m
[0.992s] [ 34%] [32mBuilding CXX object CMakeFiles/franky_msgs__rosidl_typesupport_introspection_cpp.dir/rosidl_typesupport_introspection_cpp/franky_msgs/msg/detail/joint_velocity__type_support.cpp.o[0m
[0.992s] [ 34%] [32mBuilding CXX object CMakeFiles/franky_msgs__rosidl_typesupport_introspection_cpp.dir/rosidl_typesupport_introspection_cpp/franky_msgs/msg/detail/joint_move__type_support.cpp.o[0m
[0.992s] [ 36%] [32mBuilding CXX object CMakeFiles/franky_msgs__rosidl_typesupport_introspection_cpp.dir/rosidl_typesupport_introspection_cpp/franky_msgs/msg/detail/cartesian_move__type_support.cpp.o[0m
[0.992s] [ 38%] [32mBuilding CXX object CMakeFiles/franky_msgs__rosidl_typesupport_introspection_cpp.dir/rosidl_typesupport_introspection_cpp/franky_msgs/msg/detail/cartesian_velocity__type_support.cpp.o[0m
[1.003s] [ 40%] [32mBuilding CXX object CMakeFiles/franky_msgs__rosidl_typesupport_fastrtps_cpp.dir/rosidl_typesupport_fastrtps_cpp/franky_msgs/msg/detail/dds_fastrtps/cartesian_move__type_support.cpp.o[0m
[1.004s] [ 43%] [32mBuilding CXX object CMakeFiles/franky_msgs__rosidl_typesupport_fastrtps_cpp.dir/rosidl_typesupport_fastrtps_cpp/franky_msgs/msg/detail/dds_fastrtps/joint_move__type_support.cpp.o[0m
[1.004s] [ 43%] [32mBuilding CXX object CMakeFiles/franky_msgs__rosidl_typesupport_fastrtps_cpp.dir/rosidl_typesupport_fastrtps_cpp/franky_msgs/msg/detail/dds_fastrtps/joint_velocity__type_support.cpp.o[0m
[1.004s] [ 45%] [32mBuilding CXX object CMakeFiles/franky_msgs__rosidl_typesupport_fastrtps_cpp.dir/rosidl_typesupport_fastrtps_cpp/franky_msgs/msg/detail/dds_fastrtps/cartesian_velocity__type_support.cpp.o[0m
[1.045s] [ 49%] [32mBuilding CXX object CMakeFiles/franky_msgs__rosidl_typesupport_c.dir/rosidl_typesupport_c/franky_msgs/msg/cartesian_velocity__type_support.cpp.o[0m
[1.045s] [ 49%] [32mBuilding CXX object CMakeFiles/franky_msgs__rosidl_typesupport_c.dir/rosidl_typesupport_c/franky_msgs/msg/joint_velocity__type_support.cpp.o[0m
[1.045s] [ 52%] [32mBuilding CXX object CMakeFiles/franky_msgs__rosidl_typesupport_c.dir/rosidl_typesupport_c/franky_msgs/msg/cartesian_move__type_support.cpp.o[0m
[1.045s] [ 52%] [32mBuilding CXX object CMakeFiles/franky_msgs__rosidl_typesupport_c.dir/rosidl_typesupport_c/franky_msgs/msg/joint_move__type_support.cpp.o[0m
[1.065s] [ 54%] [32m[1mLinking CXX shared library libfranky_msgs__rosidl_typesupport_c.so[0m
[1.067s] [ 56%] [32mBuilding CXX object CMakeFiles/franky_msgs__rosidl_typesupport_fastrtps_c.dir/rosidl_typesupport_fastrtps_c/franky_msgs/msg/detail/cartesian_move__type_support_c.cpp.o[0m
[1.067s] [ 58%] [32mBuilding CXX object CMakeFiles/franky_msgs__rosidl_typesupport_fastrtps_c.dir/rosidl_typesupport_fastrtps_c/franky_msgs/msg/detail/cartesian_velocity__type_support_c.cpp.o[0m
[1.067s] [ 60%] [32mBuilding CXX object CMakeFiles/franky_msgs__rosidl_typesupport_fastrtps_c.dir/rosidl_typesupport_fastrtps_c/franky_msgs/msg/detail/joint_velocity__type_support_c.cpp.o[0m
[1.068s] [ 61%] [32mBuilding CXX object CMakeFiles/franky_msgs__rosidl_typesupport_fastrtps_c.dir/rosidl_typesupport_fastrtps_c/franky_msgs/msg/detail/joint_move__type_support_c.cpp.o[0m
[1.077s] [ 65%] [32mBuilding C object CMakeFiles/franky_msgs__rosidl_typesupport_introspection_c.dir/rosidl_typesupport_introspection_c/franky_msgs/msg/detail/joint_velocity__type_support.c.o[0m
[1.077s] [ 65%] [32mBuilding C object CMakeFiles/franky_msgs__rosidl_typesupport_introspection_c.dir/rosidl_typesupport_introspection_c/franky_msgs/msg/detail/cartesian_move__type_support.c.o[0m
[1.077s] [ 67%] [32mBuilding C object CMakeFiles/franky_msgs__rosidl_typesupport_introspection_c.dir/rosidl_typesupport_introspection_c/franky_msgs/msg/detail/joint_move__type_support.c.o[0m
[1.077s] [ 69%] [32mBuilding C object CMakeFiles/franky_msgs__rosidl_typesupport_introspection_c.dir/rosidl_typesupport_introspection_c/franky_msgs/msg/detail/cartesian_velocity__type_support.c.o[0m
[1.096s] [ 69%] Built target franky_msgs__rosidl_typesupport_c
[1.103s] [ 70%] [32m[1mLinking C shared library libfranky_msgs__rosidl_typesupport_introspection_c.so[0m
[1.127s] [ 70%] Built target franky_msgs__rosidl_typesupport_introspection_c
[1.131s] [ 72%] [32m[1mLinking CXX shared library libfranky_msgs__rosidl_typesupport_cpp.so[0m
[1.151s] [ 72%] Built target franky_msgs__rosidl_typesupport_cpp
[1.192s] [ 74%] [32m[1mLinking CXX shared library libfranky_msgs__rosidl_typesupport_introspection_cpp.so[0m
[1.213s] [ 76%] [32m[1mLinking CXX shared library libfranky_msgs__rosidl_typesupport_fastrtps_cpp.so[0m
[1.223s] [ 78%] [32m[1mLinking CXX shared library libfranky_msgs__rosidl_typesupport_fastrtps_c.so[0m
[1.224s] [ 78%] Built target franky_msgs__rosidl_typesupport_introspection_cpp
[1.243s] [ 78%] Built target franky_msgs__rosidl_typesupport_fastrtps_cpp
[1.253s] [ 78%] Built target franky_msgs__rosidl_typesupport_fastrtps_c
[1.261s] [ 78%] Built target franky_msgs
[1.269s] [ 80%] [34m[1mGenerating Python code for ROS interfaces[0m
[1.499s] [ 80%] Built target franky_msgs__py
[1.506s] [ 81%] [32mBuilding C object CMakeFiles/franky_msgs__rosidl_generator_py.dir/rosidl_generator_py/franky_msgs/msg/_cartesian_move_s.c.o[0m
[1.506s] [ 83%] [32mBuilding C object CMakeFiles/franky_msgs__rosidl_generator_py.dir/rosidl_generator_py/franky_msgs/msg/_joint_move_s.c.o[0m
[1.506s] [ 85%] [32mBuilding C object CMakeFiles/franky_msgs__rosidl_generator_py.dir/rosidl_generator_py/franky_msgs/msg/_joint_velocity_s.c.o[0m
[1.507s] [ 87%] [32mBuilding C object CMakeFiles/franky_msgs__rosidl_generator_py.dir/rosidl_generator_py/franky_msgs/msg/_cartesian_velocity_s.c.o[0m
[1.551s] [ 89%] [32m[1mLinking C shared library rosidl_generator_py/franky_msgs/libfranky_msgs__rosidl_generator_py.so[0m
[1.569s] [ 89%] Built target franky_msgs__rosidl_generator_py
[1.576s] [ 90%] [32mBuilding C object CMakeFiles/franky_msgs__rosidl_typesupport_introspection_c__pyext.dir/rosidl_generator_py/franky_msgs/_franky_msgs_s.ep.rosidl_typesupport_introspection_c.c.o[0m
[1.576s] [ 92%] [32mBuilding C object CMakeFiles/franky_msgs__rosidl_typesupport_fastrtps_c__pyext.dir/rosidl_generator_py/franky_msgs/_franky_msgs_s.ep.rosidl_typesupport_fastrtps_c.c.o[0m
[1.577s] [ 94%] [32mBuilding C object CMakeFiles/franky_msgs__rosidl_typesupport_c__pyext.dir/rosidl_generator_py/franky_msgs/_franky_msgs_s.ep.rosidl_typesupport_c.c.o[0m
[1.619s] [ 96%] [32m[1mLinking C shared library rosidl_generator_py/franky_msgs/franky_msgs_s__rosidl_typesupport_fastrtps_c.cpython-310-x86_64-linux-gnu.so[0m
[1.619s] [100%] [32m[1mLinking C shared library rosidl_generator_py/franky_msgs/franky_msgs_s__rosidl_typesupport_c.cpython-310-x86_64-linux-gnu.so[0m
[1.619s] [100%] [32m[1mLinking C shared library rosidl_generator_py/franky_msgs/franky_msgs_s__rosidl_typesupport_introspection_c.cpython-310-x86_64-linux-gnu.so[0m
[1.635s] [100%] Built target franky_msgs__rosidl_typesupport_introspection_c__pyext
[1.635s] [100%] Built target franky_msgs__rosidl_typesupport_fastrtps_c__pyext
[1.635s] [100%] Built target franky_msgs__rosidl_typesupport_c__pyext
[1.641s] Invoked command in '/home/user/franka-docker/franka_ws/build/franky_msgs' returned '0': CMAKE_PREFIX_PATH=${CMAKE_PREFIX_PATH}:/home/user/franka-docker/franka_ws/install/franky_ros:/opt/ros/humble /usr/bin/cmake --build /home/user/franka-docker/franka_ws/build/franky_msgs -- -j24 -l24
[1.644s] Invoking command in '/home/user/franka-docker/franka_ws/build/franky_msgs': CMAKE_PREFIX_PATH=${CMAKE_PREFIX_PATH}:/home/user/franka-docker/franka_ws/install/franky_ros:/opt/ros/humble /usr/bin/cmake --install /home/user/franka-docker/franka_ws/build/franky_msgs
[1.647s] -- Install configuration: ""
[1.647s] -- Execute custom install script
[1.648s] -- Symlinking: /home/user/franka-docker/franka_ws/install/franky_msgs/share/ament_index/resource_index/rosidl_interfaces/franky_msgs
[1.651s] -- Symlinking: /home/user/franka-docker/franka_ws/install/franky_msgs/include/franky_msgs/franky_msgs/msg/cartesian_move.h
[1.654s] -- Symlinking: /home/user/franka-docker/franka_ws/install/franky_msgs/include/franky_msgs/franky_msgs/msg/cartesian_velocity.h
[1.657s] -- Symlinking: /home/user/franka-docker/franka_ws/install/franky_msgs/include/franky_msgs/franky_msgs/msg/detail/cartesian_move__functions.h
[1.660s] -- Symlinking: /home/user/franka-docker/franka_ws/install/franky_msgs/include/franky_msgs/franky_msgs/msg/detail/cartesian_move__struct.h
[1.663s] -- Symlinking: /home/user/franka-docker/franka_ws/install/franky_msgs/include/franky_msgs/franky_msgs/msg/detail/cartesian_move__type_support.h
[1.666s] -- Symlinking: /home/user/franka-docker/franka_ws/install/franky_msgs/include/franky_msgs/franky_msgs/msg/detail/cartesian_velocity__functions.h
[1.669s] -- Symlinking: /home/user/franka-docker/franka_ws/install/franky_msgs/include/franky_msgs/franky_msgs/msg/detail/cartesian_velocity__struct.h
[1.672s] -- Symlinking: /home/user/franka-docker/franka_ws/install/franky_msgs/include/franky_msgs/franky_msgs/msg/detail/cartesian_velocity__type_support.h
[1.675s] -- Symlinking: /home/user/franka-docker/franka_ws/install/franky_msgs/include/franky_msgs/franky_msgs/msg/detail/joint_move__functions.h
[1.678s] -- Symlinking: /home/user/franka-docker/franka_ws/install/franky_msgs/include/franky_msgs/franky_msgs/msg/detail/joint_move__struct.h
[1.681s] -- Symlinking: /home/user/franka-docker/franka_ws/install/franky_msgs/include/franky_msgs/franky_msgs/msg/detail/joint_move__type_support.h
[1.684s] -- Symlinking: /home/user/franka-docker/franka_ws/install/franky_msgs/include/franky_msgs/franky_msgs/msg/detail/joint_velocity__functions.h
[1.687s] -- Symlinking: /home/user/franka-docker/franka_ws/install/franky_msgs/include/franky_msgs/franky_msgs/msg/detail/joint_velocity__struct.h
[1.690s] -- Symlinking: /home/user/franka-docker/franka_ws/install/franky_msgs/include/franky_msgs/franky_msgs/msg/detail/joint_velocity__type_support.h
[1.694s] -- Symlinking: /home/user/franka-docker/franka_ws/install/franky_msgs/include/franky_msgs/franky_msgs/msg/joint_move.h
[1.697s] -- Symlinking: /home/user/franka-docker/franka_ws/install/franky_msgs/include/franky_msgs/franky_msgs/msg/joint_velocity.h
[1.699s] -- Symlinking: /home/user/franka-docker/franka_ws/install/franky_msgs/include/franky_msgs/franky_msgs/msg/rosidl_generator_c__visibility_control.h
[1.702s] -- Symlinking: /home/user/franka-docker/franka_ws/install/franky_msgs/share/franky_msgs/environment/library_path.sh
[1.705s] -- Symlinking: /home/user/franka-docker/franka_ws/install/franky_msgs/share/franky_msgs/environment/library_path.dsv
[1.708s] -- Symlinking: /home/user/franka-docker/franka_ws/install/franky_msgs/include/franky_msgs/franky_msgs/msg/detail/cartesian_move__rosidl_typesupport_fastrtps_c.h
[1.712s] -- Symlinking: /home/user/franka-docker/franka_ws/install/franky_msgs/include/franky_msgs/franky_msgs/msg/detail/cartesian_velocity__rosidl_typesupport_fastrtps_c.h
[1.715s] -- Symlinking: /home/user/franka-docker/franka_ws/install/franky_msgs/include/franky_msgs/franky_msgs/msg/detail/joint_move__rosidl_typesupport_fastrtps_c.h
[1.719s] -- Symlinking: /home/user/franka-docker/franka_ws/install/franky_msgs/include/franky_msgs/franky_msgs/msg/detail/joint_velocity__rosidl_typesupport_fastrtps_c.h
[1.721s] -- Symlinking: /home/user/franka-docker/franka_ws/install/franky_msgs/include/franky_msgs/franky_msgs/msg/rosidl_typesupport_fastrtps_c__visibility_control.h
[1.724s] -- Symlinking: /home/user/franka-docker/franka_ws/install/franky_msgs/include/franky_msgs/franky_msgs/msg/detail/cartesian_move__rosidl_typesupport_introspection_c.h
[1.727s] -- Symlinking: /home/user/franka-docker/franka_ws/install/franky_msgs/include/franky_msgs/franky_msgs/msg/detail/cartesian_velocity__rosidl_typesupport_introspection_c.h
[1.731s] -- Symlinking: /home/user/franka-docker/franka_ws/install/franky_msgs/include/franky_msgs/franky_msgs/msg/detail/joint_move__rosidl_typesupport_introspection_c.h
[1.734s] -- Symlinking: /home/user/franka-docker/franka_ws/install/franky_msgs/include/franky_msgs/franky_msgs/msg/detail/joint_velocity__rosidl_typesupport_introspection_c.h
[1.737s] -- Symlinking: /home/user/franka-docker/franka_ws/install/franky_msgs/include/franky_msgs/franky_msgs/msg/rosidl_typesupport_introspection_c__visibility_control.h
[1.740s] -- Symlinking: /home/user/franka-docker/franka_ws/install/franky_msgs/include/franky_msgs/franky_msgs/msg/cartesian_move.hpp
[1.743s] -- Symlinking: /home/user/franka-docker/franka_ws/install/franky_msgs/include/franky_msgs/franky_msgs/msg/cartesian_velocity.hpp
[1.746s] -- Symlinking: /home/user/franka-docker/franka_ws/install/franky_msgs/include/franky_msgs/franky_msgs/msg/detail/cartesian_move__builder.hpp
[1.749s] -- Symlinking: /home/user/franka-docker/franka_ws/install/franky_msgs/include/franky_msgs/franky_msgs/msg/detail/cartesian_move__struct.hpp
[1.752s] -- Symlinking: /home/user/franka-docker/franka_ws/install/franky_msgs/include/franky_msgs/franky_msgs/msg/detail/cartesian_move__traits.hpp
[1.755s] -- Symlinking: /home/user/franka-docker/franka_ws/install/franky_msgs/include/franky_msgs/franky_msgs/msg/detail/cartesian_move__type_support.hpp
[1.758s] -- Symlinking: /home/user/franka-docker/franka_ws/install/franky_msgs/include/franky_msgs/franky_msgs/msg/detail/cartesian_velocity__builder.hpp
[1.761s] -- Symlinking: /home/user/franka-docker/franka_ws/install/franky_msgs/include/franky_msgs/franky_msgs/msg/detail/cartesian_velocity__struct.hpp
[1.764s] -- Symlinking: /home/user/franka-docker/franka_ws/install/franky_msgs/include/franky_msgs/franky_msgs/msg/detail/cartesian_velocity__traits.hpp
[1.767s] -- Symlinking: /home/user/franka-docker/franka_ws/install/franky_msgs/include/franky_msgs/franky_msgs/msg/detail/cartesian_velocity__type_support.hpp
[1.770s] -- Symlinking: /home/user/franka-docker/franka_ws/install/franky_msgs/include/franky_msgs/franky_msgs/msg/detail/joint_move__builder.hpp
[1.773s] -- Symlinking: /home/user/franka-docker/franka_ws/install/franky_msgs/include/franky_msgs/franky_msgs/msg/detail/joint_move__struct.hpp
[1.776s] -- Symlinking: /home/user/franka-docker/franka_ws/install/franky_msgs/include/franky_msgs/franky_msgs/msg/detail/joint_move__traits.hpp
[1.779s] -- Symlinking: /home/user/franka-docker/franka_ws/install/franky_msgs/include/franky_msgs/franky_msgs/msg/detail/joint_move__type_support.hpp
[1.782s] -- Symlinking: /home/user/franka-docker/franka_ws/install/franky_msgs/include/franky_msgs/franky_msgs/msg/detail/joint_velocity__builder.hpp
[1.785s] -- Symlinking: /home/user/franka-docker/franka_ws/install/franky_msgs/include/franky_msgs/franky_msgs/msg/detail/joint_velocity__struct.hpp
[1.788s] -- Symlinking: /home/user/franka-docker/franka_ws/install/franky_msgs/include/franky_msgs/franky_msgs/msg/detail/joint_velocity__traits.hpp
[1.791s] -- Symlinking: /home/user/franka-docker/franka_ws/install/franky_msgs/include/franky_msgs/franky_msgs/msg/detail/joint_velocity__type_support.hpp
[1.793s] -- Symlinking: /home/user/franka-docker/franka_ws/install/franky_msgs/include/franky_msgs/franky_msgs/msg/joint_move.hpp
[1.796s] -- Symlinking: /home/user/franka-docker/franka_ws/install/franky_msgs/include/franky_msgs/franky_msgs/msg/joint_velocity.hpp
[1.799s] -- Symlinking: /home/user/franka-docker/franka_ws/install/franky_msgs/include/franky_msgs/franky_msgs/msg/rosidl_generator_cpp__visibility_control.hpp
[1.802s] -- Symlinking: /home/user/franka-docker/franka_ws/install/franky_msgs/include/franky_msgs/franky_msgs/msg/detail/cartesian_move__rosidl_typesupport_fastrtps_cpp.hpp
[1.805s] -- Symlinking: /home/user/franka-docker/franka_ws/install/franky_msgs/include/franky_msgs/franky_msgs/msg/detail/cartesian_velocity__rosidl_typesupport_fastrtps_cpp.hpp
[1.808s] -- Symlinking: /home/user/franka-docker/franka_ws/install/franky_msgs/include/franky_msgs/franky_msgs/msg/detail/joint_move__rosidl_typesupport_fastrtps_cpp.hpp
[1.811s] -- Symlinking: /home/user/franka-docker/franka_ws/install/franky_msgs/include/franky_msgs/franky_msgs/msg/detail/joint_velocity__rosidl_typesupport_fastrtps_cpp.hpp
[1.814s] -- Symlinking: /home/user/franka-docker/franka_ws/install/franky_msgs/include/franky_msgs/franky_msgs/msg/rosidl_typesupport_fastrtps_cpp__visibility_control.h
[1.817s] -- Symlinking: /home/user/franka-docker/franka_ws/install/franky_msgs/include/franky_msgs/franky_msgs/msg/detail/cartesian_move__rosidl_typesupport_introspection_cpp.hpp
[1.820s] -- Symlinking: /home/user/franka-docker/franka_ws/install/franky_msgs/include/franky_msgs/franky_msgs/msg/detail/cartesian_velocity__rosidl_typesupport_introspection_cpp.hpp
[1.823s] -- Symlinking: /home/user/franka-docker/franka_ws/install/franky_msgs/include/franky_msgs/franky_msgs/msg/detail/joint_move__rosidl_typesupport_introspection_cpp.hpp
[1.826s] -- Symlinking: /home/user/franka-docker/franka_ws/install/franky_msgs/include/franky_msgs/franky_msgs/msg/detail/joint_velocity__rosidl_typesupport_introspection_cpp.hpp
[1.829s] -- Symlinking: /home/user/franka-docker/franka_ws/install/franky_msgs/share/franky_msgs/environment/pythonpath.sh
[1.832s] -- Symlinking: /home/user/franka-docker/franka_ws/install/franky_msgs/share/franky_msgs/environment/pythonpath.dsv
[1.836s] -- Symlinking: /home/user/franka-docker/franka_ws/install/franky_msgs/local/lib/python3.10/dist-packages/franky_msgs-0.1.0-py3.10.egg-info/PKG-INFO
[1.839s] -- Symlinking: /home/user/franka-docker/franka_ws/install/franky_msgs/local/lib/python3.10/dist-packages/franky_msgs-0.1.0-py3.10.egg-info/SOURCES.txt
[1.842s] -- Symlinking: /home/user/franka-docker/franka_ws/install/franky_msgs/local/lib/python3.10/dist-packages/franky_msgs-0.1.0-py3.10.egg-info/dependency_links.txt
[1.844s] -- Symlinking: /home/user/franka-docker/franka_ws/install/franky_msgs/local/lib/python3.10/dist-packages/franky_msgs-0.1.0-py3.10.egg-info/top_level.txt
[1.848s] -- Symlinking: /home/user/franka-docker/franka_ws/install/franky_msgs/local/lib/python3.10/dist-packages/franky_msgs/__init__.py
[1.851s] -- Symlinking: /home/user/franka-docker/franka_ws/install/franky_msgs/local/lib/python3.10/dist-packages/franky_msgs/_franky_msgs_s.ep.rosidl_typesupport_c.c
[1.854s] -- Symlinking: /home/user/franka-docker/franka_ws/install/franky_msgs/local/lib/python3.10/dist-packages/franky_msgs/_franky_msgs_s.ep.rosidl_typesupport_fastrtps_c.c
[1.857s] -- Symlinking: /home/user/franka-docker/franka_ws/install/franky_msgs/local/lib/python3.10/dist-packages/franky_msgs/_franky_msgs_s.ep.rosidl_typesupport_introspection_c.c
[1.860s] -- Symlinking: /home/user/franka-docker/franka_ws/install/franky_msgs/local/lib/python3.10/dist-packages/franky_msgs/franky_msgs_s__rosidl_typesupport_c.cpython-310-x86_64-linux-gnu.so
[1.863s] -- Symlinking: /home/user/franka-docker/franka_ws/install/franky_msgs/local/lib/python3.10/dist-packages/franky_msgs/franky_msgs_s__rosidl_typesupport_fastrtps_c.cpython-310-x86_64-linux-gnu.so
[1.866s] -- Symlinking: /home/user/franka-docker/franka_ws/install/franky_msgs/local/lib/python3.10/dist-packages/franky_msgs/franky_msgs_s__rosidl_typesupport_introspection_c.cpython-310-x86_64-linux-gnu.so
[1.869s] -- Symlinking: /home/user/franka-docker/franka_ws/install/franky_msgs/local/lib/python3.10/dist-packages/franky_msgs/libfranky_msgs__rosidl_generator_py.so
[1.872s] -- Symlinking: /home/user/franka-docker/franka_ws/install/franky_msgs/local/lib/python3.10/dist-packages/franky_msgs/msg/__init__.py
[1.875s] -- Symlinking: /home/user/franka-docker/franka_ws/install/franky_msgs/local/lib/python3.10/dist-packages/franky_msgs/msg/_cartesian_move.py
[1.879s] -- Symlinking: /home/user/franka-docker/franka_ws/install/franky_msgs/local/lib/python3.10/dist-packages/franky_msgs/msg/_cartesian_move_s.c
[1.881s] -- Symlinking: /home/user/franka-docker/franka_ws/install/franky_msgs/local/lib/python3.10/dist-packages/franky_msgs/msg/_cartesian_velocity.py
[1.885s] -- Symlinking: /home/user/franka-docker/franka_ws/install/franky_msgs/local/lib/python3.10/dist-packages/franky_msgs/msg/_cartesian_velocity_s.c
[1.887s] -- Symlinking: /home/user/franka-docker/franka_ws/install/franky_msgs/local/lib/python3.10/dist-packages/franky_msgs/msg/_joint_move.py
[1.890s] -- Symlinking: /home/user/franka-docker/franka_ws/install/franky_msgs/local/lib/python3.10/dist-packages/franky_msgs/msg/_joint_move_s.c
[1.893s] -- Symlinking: /home/user/franka-docker/franka_ws/install/franky_msgs/local/lib/python3.10/dist-packages/franky_msgs/msg/_joint_velocity.py
[1.896s] -- Symlinking: /home/user/franka-docker/franka_ws/install/franky_msgs/local/lib/python3.10/dist-packages/franky_msgs/msg/_joint_velocity_s.c
[1.899s] -- Up-to-date symlink: /home/user/franka-docker/franka_ws/install/franky_msgs/local/lib/python3.10/dist-packages/franky_msgs/franky_msgs_s__rosidl_typesupport_fastrtps_c.cpython-310-x86_64-linux-gnu.so
[1.899s] -- Up-to-date symlink: /home/user/franka-docker/franka_ws/install/franky_msgs/local/lib/python3.10/dist-packages/franky_msgs/franky_msgs_s__rosidl_typesupport_introspection_c.cpython-310-x86_64-linux-gnu.so
[1.899s] -- Up-to-date symlink: /home/user/franka-docker/franka_ws/install/franky_msgs/local/lib/python3.10/dist-packages/franky_msgs/franky_msgs_s__rosidl_typesupport_c.cpython-310-x86_64-linux-gnu.so
[1.899s] -- Symlinking: /home/user/franka-docker/franka_ws/install/franky_msgs/share/franky_msgs/msg/CartesianMove.idl
[1.903s] -- Symlinking: /home/user/franka-docker/franka_ws/install/franky_msgs/share/franky_msgs/msg/CartesianVelocity.idl
[1.905s] -- Symlinking: /home/user/franka-docker/franka_ws/install/franky_msgs/share/franky_msgs/msg/JointMove.idl
[1.909s] -- Symlinking: /home/user/franka-docker/franka_ws/install/franky_msgs/share/franky_msgs/msg/JointVelocity.idl
[1.912s] -- Symlinking: /home/user/franka-docker/franka_ws/install/franky_msgs/share/franky_msgs/msg/CartesianMove.msg
[1.915s] -- Symlinking: /home/user/franka-docker/franka_ws/install/franky_msgs/share/franky_msgs/msg/CartesianVelocity.msg
[1.918s] -- Symlinking: /home/user/franka-docker/franka_ws/install/franky_msgs/share/franky_msgs/msg/JointMove.msg
[1.921s] -- Symlinking: /home/user/franka-docker/franka_ws/install/franky_msgs/share/franky_msgs/msg/JointVelocity.msg
[1.924s] -- Symlinking: /home/user/franka-docker/franka_ws/install/franky_msgs/share/ament_index/resource_index/package_run_dependencies/franky_msgs
[1.927s] -- Symlinking: /home/user/franka-docker/franka_ws/install/franky_msgs/share/ament_index/resource_index/parent_prefix_path/franky_msgs
[1.930s] -- Symlinking: /home/user/franka-docker/franka_ws/install/franky_msgs/share/franky_msgs/environment/ament_prefix_path.sh
[1.933s] -- Symlinking: /home/user/franka-docker/franka_ws/install/franky_msgs/share/franky_msgs/environment/ament_prefix_path.dsv
[1.937s] -- Symlinking: /home/user/franka-docker/franka_ws/install/franky_msgs/share/franky_msgs/environment/path.sh
[1.940s] -- Symlinking: /home/user/franka-docker/franka_ws/install/franky_msgs/share/franky_msgs/environment/path.dsv
[1.943s] -- Symlinking: /home/user/franka-docker/franka_ws/install/franky_msgs/share/franky_msgs/local_setup.bash
[1.946s] -- Symlinking: /home/user/franka-docker/franka_ws/install/franky_msgs/share/franky_msgs/local_setup.sh
[1.949s] -- Symlinking: /home/user/franka-docker/franka_ws/install/franky_msgs/share/franky_msgs/local_setup.zsh
[1.952s] -- Symlinking: /home/user/franka-docker/franka_ws/install/franky_msgs/share/franky_msgs/local_setup.dsv
[1.955s] -- Symlinking: /home/user/franka-docker/franka_ws/install/franky_msgs/share/franky_msgs/package.dsv
[1.958s] -- Symlinking: /home/user/franka-docker/franka_ws/install/franky_msgs/share/ament_index/resource_index/packages/franky_msgs
[1.962s] -- Symlinking: /home/user/franka-docker/franka_ws/install/franky_msgs/share/franky_msgs/cmake/rosidl_cmake-extras.cmake
[1.965s] -- Symlinking: /home/user/franka-docker/franka_ws/install/franky_msgs/share/franky_msgs/cmake/ament_cmake_export_dependencies-extras.cmake
[1.968s] -- Symlinking: /home/user/franka-docker/franka_ws/install/franky_msgs/share/franky_msgs/cmake/ament_cmake_export_include_directories-extras.cmake
[1.971s] -- Symlinking: /home/user/franka-docker/franka_ws/install/franky_msgs/share/franky_msgs/cmake/ament_cmake_export_libraries-extras.cmake
[1.974s] -- Symlinking: /home/user/franka-docker/franka_ws/install/franky_msgs/share/franky_msgs/cmake/ament_cmake_export_targets-extras.cmake
[1.977s] -- Symlinking: /home/user/franka-docker/franka_ws/install/franky_msgs/share/franky_msgs/cmake/rosidl_cmake_export_typesupport_targets-extras.cmake
[1.980s] -- Symlinking: /home/user/franka-docker/franka_ws/install/franky_msgs/share/franky_msgs/cmake/rosidl_cmake_export_typesupport_libraries-extras.cmake
[1.983s] -- Symlinking: /home/user/franka-docker/franka_ws/install/franky_msgs/share/franky_msgs/cmake/franky_msgsConfig.cmake
[1.986s] -- Symlinking: /home/user/franka-docker/franka_ws/install/franky_msgs/share/franky_msgs/cmake/franky_msgsConfig-version.cmake
[1.989s] -- Symlinking: /home/user/franka-docker/franka_ws/install/franky_msgs/share/franky_msgs/package.xml
[1.992s] -- Installing: /home/user/franka-docker/franka_ws/install/franky_msgs/lib/libfranky_msgs__rosidl_generator_c.so
[1.992s] -- Set runtime path of "/home/user/franka-docker/franka_ws/install/franky_msgs/lib/libfranky_msgs__rosidl_generator_c.so" to ""
[1.992s] -- Installing: /home/user/franka-docker/franka_ws/install/franky_msgs/lib/libfranky_msgs__rosidl_typesupport_fastrtps_c.so
[1.992s] -- Set runtime path of "/home/user/franka-docker/franka_ws/install/franky_msgs/lib/libfranky_msgs__rosidl_typesupport_fastrtps_c.so" to ""
[1.992s] -- Installing: /home/user/franka-docker/franka_ws/install/franky_msgs/lib/libfranky_msgs__rosidl_typesupport_introspection_c.so
[1.992s] -- Set runtime path of "/home/user/franka-docker/franka_ws/install/franky_msgs/lib/libfranky_msgs__rosidl_typesupport_introspection_c.so" to ""
[1.992s] -- Installing: /home/user/franka-docker/franka_ws/install/franky_msgs/lib/libfranky_msgs__rosidl_typesupport_c.so
[1.992s] -- Set runtime path of "/home/user/franka-docker/franka_ws/install/franky_msgs/lib/libfranky_msgs__rosidl_typesupport_c.so" to ""
[1.992s] -- Installing: /home/user/franka-docker/franka_ws/install/franky_msgs/lib/libfranky_msgs__rosidl_typesupport_fastrtps_cpp.so
[1.992s] -- Set runtime path of "/home/user/franka-docker/franka_ws/install/franky_msgs/lib/libfranky_msgs__rosidl_typesupport_fastrtps_cpp.so" to ""
[1.992s] -- Installing: /home/user/franka-docker/franka_ws/install/franky_msgs/lib/libfranky_msgs__rosidl_typesupport_introspection_cpp.so
[1.992s] -- Set runtime path of "/home/user/franka-docker/franka_ws/install/franky_msgs/lib/libfranky_msgs__rosidl_typesupport_introspection_cpp.so" to ""
[1.992s] -- Installing: /home/user/franka-docker/franka_ws/install/franky_msgs/lib/libfranky_msgs__rosidl_typesupport_cpp.so
[1.992s] -- Set runtime path of "/home/user/franka-docker/franka_ws/install/franky_msgs/lib/libfranky_msgs__rosidl_typesupport_cpp.so" to ""
[2.009s] Listing '/home/user/franka-docker/franka_ws/install/franky_msgs/local/lib/python3.10/dist-packages/franky_msgs'...
[2.009s] Compiling '/home/user/franka-docker/franka_ws/install/franky_msgs/local/lib/python3.10/dist-packages/franky_msgs/__init__.py'...
[2.009s] Listing '/home/user/franka-docker/franka_ws/install/franky_msgs/local/lib/python3.10/dist-packages/franky_msgs/msg'...
[2.009s] Compiling '/home/user/franka-docker/franka_ws/install/franky_msgs/local/lib/python3.10/dist-packages/franky_msgs/msg/__init__.py'...
[2.009s] Compiling '/home/user/franka-docker/franka_ws/install/franky_msgs/local/lib/python3.10/dist-packages/franky_msgs/msg/_cartesian_move.py'...
[2.009s] Compiling '/home/user/franka-docker/franka_ws/install/franky_msgs/local/lib/python3.10/dist-packages/franky_msgs/msg/_cartesian_velocity.py'...
[2.009s] Compiling '/home/user/franka-docker/franka_ws/install/franky_msgs/local/lib/python3.10/dist-packages/franky_msgs/msg/_joint_move.py'...
[2.010s] Compiling '/home/user/franka-docker/franka_ws/install/franky_msgs/local/lib/python3.10/dist-packages/franky_msgs/msg/_joint_velocity.py'...
[2.011s] -- Installing: /home/user/franka-docker/franka_ws/install/franky_msgs/lib/libfranky_msgs__rosidl_generator_py.so
[2.011s] -- Set runtime path of "/home/user/franka-docker/franka_ws/install/franky_msgs/lib/libfranky_msgs__rosidl_generator_py.so" to ""
[2.011s] -- Installing: /home/user/franka-docker/franka_ws/install/franky_msgs/share/franky_msgs/cmake/export_franky_msgs__rosidl_generator_cExport.cmake
[2.011s] -- Installing: /home/user/franka-docker/franka_ws/install/franky_msgs/share/franky_msgs/cmake/export_franky_msgs__rosidl_generator_cExport-noconfig.cmake
[2.012s] -- Installing: /home/user/franka-docker/franka_ws/install/franky_msgs/share/franky_msgs/cmake/export_franky_msgs__rosidl_typesupport_fastrtps_cExport.cmake
[2.012s] -- Installing: /home/user/franka-docker/franka_ws/install/franky_msgs/share/franky_msgs/cmake/export_franky_msgs__rosidl_typesupport_fastrtps_cExport-noconfig.cmake
[2.012s] -- Installing: /home/user/franka-docker/franka_ws/install/franky_msgs/share/franky_msgs/cmake/franky_msgs__rosidl_typesupport_introspection_cExport.cmake
[2.012s] -- Installing: /home/user/franka-docker/franka_ws/install/franky_msgs/share/franky_msgs/cmake/franky_msgs__rosidl_typesupport_introspection_cExport-noconfig.cmake
[2.012s] -- Installing: /home/user/franka-docker/franka_ws/install/franky_msgs/share/franky_msgs/cmake/franky_msgs__rosidl_typesupport_cExport.cmake
[2.012s] -- Installing: /home/user/franka-docker/franka_ws/install/franky_msgs/share/franky_msgs/cmake/franky_msgs__rosidl_typesupport_cExport-noconfig.cmake
[2.012s] -- Installing: /home/user/franka-docker/franka_ws/install/franky_msgs/share/franky_msgs/cmake/export_franky_msgs__rosidl_generator_cppExport.cmake
[2.012s] -- Installing: /home/user/franka-docker/franka_ws/install/franky_msgs/share/franky_msgs/cmake/export_franky_msgs__rosidl_typesupport_fastrtps_cppExport.cmake
[2.012s] -- Installing: /home/user/franka-docker/franka_ws/install/franky_msgs/share/franky_msgs/cmake/export_franky_msgs__rosidl_typesupport_fastrtps_cppExport-noconfig.cmake
[2.012s] -- Installing: /home/user/franka-docker/franka_ws/install/franky_msgs/share/franky_msgs/cmake/franky_msgs__rosidl_typesupport_introspection_cppExport.cmake
[2.012s] -- Installing: /home/user/franka-docker/franka_ws/install/franky_msgs/share/franky_msgs/cmake/franky_msgs__rosidl_typesupport_introspection_cppExport-noconfig.cmake
[2.012s] -- Installing: /home/user/franka-docker/franka_ws/install/franky_msgs/share/franky_msgs/cmake/franky_msgs__rosidl_typesupport_cppExport.cmake
[2.012s] -- Installing: /home/user/franka-docker/franka_ws/install/franky_msgs/share/franky_msgs/cmake/franky_msgs__rosidl_typesupport_cppExport-noconfig.cmake
[2.012s] -- Installing: /home/user/franka-docker/franka_ws/install/franky_msgs/share/franky_msgs/cmake/export_franky_msgs__rosidl_generator_pyExport.cmake
[2.012s] -- Installing: /home/user/franka-docker/franka_ws/install/franky_msgs/share/franky_msgs/cmake/export_franky_msgs__rosidl_generator_pyExport-noconfig.cmake
[2.013s] Invoked command in '/home/user/franka-docker/franka_ws/build/franky_msgs' returned '0': CMAKE_PREFIX_PATH=${CMAKE_PREFIX_PATH}:/home/user/franka-docker/franka_ws/install/franky_ros:/opt/ros/humble /usr/bin/cmake --install /home/user/franka-docker/franka_ws/build/franky_msgs
