[0.214s] Invoking command in '/home/user/franka-docker/franka_ws/build/franky_ros': PYTHONPATH=/home/user/franka-docker/franka_ws/build/franky_ros/prefix_override:/usr/lib/python3/dist-packages/colcon_core/task/python/colcon_distutils_commands:/home/user/franka-docker/franka_ws/install/franky_ros/lib/python3.10/site-packages:${PYTHONPATH} /usr/bin/python3 -W ignore:setup.py install is deprecated -W ignore:easy_install command is deprecated setup.py develop --editable --build-directory /home/user/franka-docker/franka_ws/build/franky_ros/build --no-deps symlink_data
[0.308s] running develop
[0.350s] running egg_info
[0.350s] writing franky_ros.egg-info/PKG-INFO
[0.350s] writing dependency_links to franky_ros.egg-info/dependency_links.txt
[0.350s] writing entry points to franky_ros.egg-info/entry_points.txt
[0.350s] writing requirements to franky_ros.egg-info/requires.txt
[0.350s] writing top-level names to franky_ros.egg-info/top_level.txt
[0.351s] reading manifest file 'franky_ros.egg-info/SOURCES.txt'
[0.351s] writing manifest file 'franky_ros.egg-info/SOURCES.txt'
[0.352s] running build_ext
[0.352s] Creating /home/user/franka-docker/franka_ws/install/franky_ros/lib/python3.10/site-packages/franky-ros.egg-link (link to .)
[0.352s] Installing franky_bridge script to /home/user/franka-docker/franka_ws/install/franky_ros/lib/franky_ros
[0.352s] Installing franky_test script to /home/user/franka-docker/franka_ws/install/franky_ros/lib/franky_ros
[0.352s] 
[0.352s] Installed /home/user/franka-docker/franka_ws/build/franky_ros
[0.352s] running symlink_data
[0.352s] symbolically linking /home/user/franka-docker/franka_ws/build/franky_ros/resource/franky_ros -> /home/user/franka-docker/franka_ws/install/franky_ros/share/ament_index/resource_index/packages
[0.353s] symbolically linking /home/user/franka-docker/franka_ws/build/franky_ros/package.xml -> /home/user/franka-docker/franka_ws/install/franky_ros/share/franky_ros
[0.353s] creating /home/user/franka-docker/franka_ws/install/franky_ros/share/franky_ros/launch
[0.353s] symbolically linking /home/user/franka-docker/franka_ws/build/franky_ros/launch/franky_bringup.launch.py -> /home/user/franka-docker/franka_ws/install/franky_ros/share/franky_ros/launch
[0.365s] Invoked command in '/home/user/franka-docker/franka_ws/build/franky_ros' returned '0': PYTHONPATH=/home/user/franka-docker/franka_ws/build/franky_ros/prefix_override:/usr/lib/python3/dist-packages/colcon_core/task/python/colcon_distutils_commands:/home/user/franka-docker/franka_ws/install/franky_ros/lib/python3.10/site-packages:${PYTHONPATH} /usr/bin/python3 -W ignore:setup.py install is deprecated -W ignore:easy_install command is deprecated setup.py develop --editable --build-directory /home/user/franka-docker/franka_ws/build/franky_ros/build --no-deps symlink_data
