[0.009s] Invoking command in '/home/user/franka-docker/franka_ws/build/franky_msgs': CMAKE_PREFIX_PATH=${CMAKE_PREFIX_PATH}:/home/user/franka-docker/franka_ws/install/franky_ros:/opt/ros/humble /usr/bin/cmake --build /home/user/franka-docker/franka_ws/build/franky_msgs -- -j24 -l24
[0.023s] -- Found ament_cmake: 1.3.12 (/opt/ros/humble/share/ament_cmake/cmake)
[0.083s] -- Override CMake install command with custom implementation using symlinks instead of copying resources
[0.086s] -- Found rosidl_default_generators: 1.2.0 (/opt/ros/humble/share/rosidl_default_generators/cmake)
[0.087s] -- Using all available rosidl_typesupport_c: rosidl_typesupport_fastrtps_c;rosidl_typesupport_introspection_c
[0.088s] -- Found rosidl_adapter: 3.1.7 (/opt/ros/humble/share/rosidl_adapter/cmake)
[0.100s] -- Using all available rosidl_typesupport_cpp: rosidl_typesupport_fastrtps_cpp;rosidl_typesupport_introspection_cpp
[0.109s] -- Found action_msgs: 1.2.2 (/opt/ros/humble/share/action_msgs/cmake)
[0.120s] -- Found geometry_msgs: 4.9.0 (/opt/ros/humble/share/geometry_msgs/cmake)
[0.131s] [31mCMake Error at /opt/ros/humble/share/rosidl_cmake/cmake/rosidl_generate_interfaces.cmake:93 (message):
[0.131s]   rosidl_generate_interfaces() the passed file 'msg/GripperCommand.msg'
[0.131s]   doesn't exist relative to the CMAKE_CURRENT_SOURCE_DIR
[0.131s]   '/home/user/franka-docker/franka_ws/src/franky_msgs'
[0.131s] Call Stack (most recent call first):
[0.131s]   CMakeLists.txt:31 (rosidl_generate_interfaces)
[0.131s] 
[0.131s] [0m
[0.131s] -- Configuring incomplete, errors occurred!
[0.131s] See also "/home/user/franka-docker/franka_ws/build/franky_msgs/CMakeFiles/CMakeOutput.log".
[0.133s] gmake: *** [Makefile:1395: cmake_check_build_system] Error 1
[0.134s] Invoked command in '/home/user/franka-docker/franka_ws/build/franky_msgs' returned '2': CMAKE_PREFIX_PATH=${CMAKE_PREFIX_PATH}:/home/user/franka-docker/franka_ws/install/franky_ros:/opt/ros/humble /usr/bin/cmake --build /home/user/franka-docker/franka_ws/build/franky_msgs -- -j24 -l24
