[0.051s] DEBUG:colcon:Command line arguments: ['/usr/bin/colcon', 'build', '--symlink-install']
[0.051s] DEBUG:colcon:Parsed command line arguments: Namespace(log_base=None, log_level=None, verb_name='build', build_base='build', install_base='install', merge_install=False, symlink_install=True, test_result_base=None, continue_on_error=False, executor='parallel', parallel_workers=24, event_handlers=None, ignore_user_meta=False, metas=['./colcon.meta'], base_paths=['.'], packages_ignore=None, packages_ignore_regex=None, paths=None, packages_up_to=None, packages_up_to_regex=None, packages_above=None, packages_above_and_dependencies=None, packages_above_depth=None, packages_select_by_dep=None, packages_skip_by_dep=None, packages_skip_up_to=None, packages_select_build_failed=False, packages_skip_build_finished=False, packages_select_test_failures=False, packages_skip_test_passed=False, packages_select=None, packages_skip=None, packages_select_regex=None, packages_skip_regex=None, packages_start=None, packages_end=None, cmake_args=None, cmake_target=None, cmake_target_skip_unavailable=False, cmake_clean_cache=False, cmake_clean_first=False, cmake_force_configure=False, ament_cmake_args=None, catkin_cmake_args=None, catkin_skip_building_tests=False, mixin_files=None, mixin=None, verb_parser=<colcon_mixin.mixin.mixin_argument.MixinArgumentDecorator object at 0x794c5fb4cf10>, verb_extension=<colcon_core.verb.build.BuildVerb object at 0x794c5fb4c820>, main=<bound method BuildVerb.main of <colcon_core.verb.build.BuildVerb object at 0x794c5fb4c820>>, mixin_verb=('build',))
[0.117s] Level 1:colcon.colcon_core.package_discovery:discover_packages(colcon_meta) check parameters
[0.118s] Level 1:colcon.colcon_core.package_discovery:discover_packages(recursive) check parameters
[0.118s] Level 1:colcon.colcon_core.package_discovery:discover_packages(ignore) check parameters
[0.118s] Level 1:colcon.colcon_core.package_discovery:discover_packages(path) check parameters
[0.118s] Level 1:colcon.colcon_core.package_discovery:discover_packages(colcon_meta) discover
[0.118s] Level 1:colcon.colcon_core.package_discovery:discover_packages(recursive) discover
[0.118s] INFO:colcon.colcon_core.package_discovery:Crawling recursively for packages in '/home/user/franka-docker/franka_ws'
[0.118s] Level 1:colcon.colcon_core.package_identification:_identify(.) by extensions ['ignore', 'ignore_ament_install']
[0.118s] Level 1:colcon.colcon_core.package_identification:_identify(.) by extension 'ignore'
[0.118s] Level 1:colcon.colcon_core.package_identification:_identify(.) by extension 'ignore_ament_install'
[0.118s] Level 1:colcon.colcon_core.package_identification:_identify(.) by extensions ['colcon_pkg']
[0.118s] Level 1:colcon.colcon_core.package_identification:_identify(.) by extension 'colcon_pkg'
[0.118s] Level 1:colcon.colcon_core.package_identification:_identify(.) by extensions ['colcon_meta']
[0.118s] Level 1:colcon.colcon_core.package_identification:_identify(.) by extension 'colcon_meta'
[0.118s] Level 1:colcon.colcon_core.package_identification:_identify(.) by extensions ['ros']
[0.118s] Level 1:colcon.colcon_core.package_identification:_identify(.) by extension 'ros'
[0.124s] Level 1:colcon.colcon_core.package_identification:_identify(.) by extensions ['cmake', 'python']
[0.124s] Level 1:colcon.colcon_core.package_identification:_identify(.) by extension 'cmake'
[0.124s] Level 1:colcon.colcon_core.package_identification:_identify(.) by extension 'python'
[0.124s] Level 1:colcon.colcon_core.package_identification:_identify(.) by extensions ['python_setup_py']
[0.124s] Level 1:colcon.colcon_core.package_identification:_identify(.) by extension 'python_setup_py'
[0.124s] Level 1:colcon.colcon_core.package_identification:_identify(build) by extensions ['ignore', 'ignore_ament_install']
[0.124s] Level 1:colcon.colcon_core.package_identification:_identify(build) by extension 'ignore'
[0.124s] Level 1:colcon.colcon_core.package_identification:_identify(build) ignored
[0.124s] Level 1:colcon.colcon_core.package_identification:_identify(install) by extensions ['ignore', 'ignore_ament_install']
[0.124s] Level 1:colcon.colcon_core.package_identification:_identify(install) by extension 'ignore'
[0.124s] Level 1:colcon.colcon_core.package_identification:_identify(install) ignored
[0.124s] Level 1:colcon.colcon_core.package_identification:_identify(log) by extensions ['ignore', 'ignore_ament_install']
[0.124s] Level 1:colcon.colcon_core.package_identification:_identify(log) by extension 'ignore'
[0.124s] Level 1:colcon.colcon_core.package_identification:_identify(log) ignored
[0.124s] Level 1:colcon.colcon_core.package_identification:_identify(src) by extensions ['ignore', 'ignore_ament_install']
[0.124s] Level 1:colcon.colcon_core.package_identification:_identify(src) by extension 'ignore'
[0.125s] Level 1:colcon.colcon_core.package_identification:_identify(src) by extension 'ignore_ament_install'
[0.125s] Level 1:colcon.colcon_core.package_identification:_identify(src) by extensions ['colcon_pkg']
[0.125s] Level 1:colcon.colcon_core.package_identification:_identify(src) by extension 'colcon_pkg'
[0.125s] Level 1:colcon.colcon_core.package_identification:_identify(src) by extensions ['colcon_meta']
[0.125s] Level 1:colcon.colcon_core.package_identification:_identify(src) by extension 'colcon_meta'
[0.125s] Level 1:colcon.colcon_core.package_identification:_identify(src) by extensions ['ros']
[0.125s] Level 1:colcon.colcon_core.package_identification:_identify(src) by extension 'ros'
[0.125s] Level 1:colcon.colcon_core.package_identification:_identify(src) by extensions ['cmake', 'python']
[0.125s] Level 1:colcon.colcon_core.package_identification:_identify(src) by extension 'cmake'
[0.125s] Level 1:colcon.colcon_core.package_identification:_identify(src) by extension 'python'
[0.125s] Level 1:colcon.colcon_core.package_identification:_identify(src) by extensions ['python_setup_py']
[0.125s] Level 1:colcon.colcon_core.package_identification:_identify(src) by extension 'python_setup_py'
[0.125s] Level 1:colcon.colcon_core.package_identification:_identify(src/franky_msgs) by extensions ['ignore', 'ignore_ament_install']
[0.125s] Level 1:colcon.colcon_core.package_identification:_identify(src/franky_msgs) by extension 'ignore'
[0.125s] Level 1:colcon.colcon_core.package_identification:_identify(src/franky_msgs) by extension 'ignore_ament_install'
[0.125s] Level 1:colcon.colcon_core.package_identification:_identify(src/franky_msgs) by extensions ['colcon_pkg']
[0.125s] Level 1:colcon.colcon_core.package_identification:_identify(src/franky_msgs) by extension 'colcon_pkg'
[0.125s] Level 1:colcon.colcon_core.package_identification:_identify(src/franky_msgs) by extensions ['colcon_meta']
[0.125s] Level 1:colcon.colcon_core.package_identification:_identify(src/franky_msgs) by extension 'colcon_meta'
[0.125s] Level 1:colcon.colcon_core.package_identification:_identify(src/franky_msgs) by extensions ['ros']
[0.125s] Level 1:colcon.colcon_core.package_identification:_identify(src/franky_msgs) by extension 'ros'
[0.126s] DEBUG:colcon.colcon_core.package_identification:Package 'src/franky_msgs' with type 'ros.ament_cmake' and name 'franky_msgs'
[0.126s] Level 1:colcon.colcon_core.package_identification:_identify(src/franky_ros) by extensions ['ignore', 'ignore_ament_install']
[0.126s] Level 1:colcon.colcon_core.package_identification:_identify(src/franky_ros) by extension 'ignore'
[0.126s] Level 1:colcon.colcon_core.package_identification:_identify(src/franky_ros) by extension 'ignore_ament_install'
[0.126s] Level 1:colcon.colcon_core.package_identification:_identify(src/franky_ros) by extensions ['colcon_pkg']
[0.126s] Level 1:colcon.colcon_core.package_identification:_identify(src/franky_ros) by extension 'colcon_pkg'
[0.126s] Level 1:colcon.colcon_core.package_identification:_identify(src/franky_ros) by extensions ['colcon_meta']
[0.126s] Level 1:colcon.colcon_core.package_identification:_identify(src/franky_ros) by extension 'colcon_meta'
[0.126s] Level 1:colcon.colcon_core.package_identification:_identify(src/franky_ros) by extensions ['ros']
[0.126s] Level 1:colcon.colcon_core.package_identification:_identify(src/franky_ros) by extension 'ros'
[0.127s] DEBUG:colcon.colcon_core.package_identification:Package 'src/franky_ros' with type 'ros.ament_python' and name 'franky_ros'
[0.127s] Level 1:colcon.colcon_core.package_discovery:discover_packages(recursive) using defaults
[0.127s] Level 1:colcon.colcon_core.package_discovery:discover_packages(ignore) discover
[0.127s] Level 1:colcon.colcon_core.package_discovery:discover_packages(ignore) using defaults
[0.127s] Level 1:colcon.colcon_core.package_discovery:discover_packages(path) discover
[0.127s] Level 1:colcon.colcon_core.package_discovery:discover_packages(path) using defaults
[0.137s] Level 5:colcon.colcon_core.verb:set package 'franky_msgs' build argument 'cmake_args' from command line to 'None'
[0.137s] Level 5:colcon.colcon_core.verb:set package 'franky_msgs' build argument 'cmake_target' from command line to 'None'
[0.137s] Level 5:colcon.colcon_core.verb:set package 'franky_msgs' build argument 'cmake_target_skip_unavailable' from command line to 'False'
[0.137s] Level 5:colcon.colcon_core.verb:set package 'franky_msgs' build argument 'cmake_clean_cache' from command line to 'False'
[0.137s] Level 5:colcon.colcon_core.verb:set package 'franky_msgs' build argument 'cmake_clean_first' from command line to 'False'
[0.137s] Level 5:colcon.colcon_core.verb:set package 'franky_msgs' build argument 'cmake_force_configure' from command line to 'False'
[0.137s] Level 5:colcon.colcon_core.verb:set package 'franky_msgs' build argument 'ament_cmake_args' from command line to 'None'
[0.137s] Level 5:colcon.colcon_core.verb:set package 'franky_msgs' build argument 'catkin_cmake_args' from command line to 'None'
[0.137s] Level 5:colcon.colcon_core.verb:set package 'franky_msgs' build argument 'catkin_skip_building_tests' from command line to 'False'
[0.137s] DEBUG:colcon.colcon_core.verb:Building package 'franky_msgs' with the following arguments: {'ament_cmake_args': None, 'build_base': '/home/user/franka-docker/franka_ws/build/franky_msgs', 'catkin_cmake_args': None, 'catkin_skip_building_tests': False, 'cmake_args': None, 'cmake_clean_cache': False, 'cmake_clean_first': False, 'cmake_force_configure': False, 'cmake_target': None, 'cmake_target_skip_unavailable': False, 'install_base': '/home/user/franka-docker/franka_ws/install/franky_msgs', 'merge_install': False, 'path': '/home/user/franka-docker/franka_ws/src/franky_msgs', 'symlink_install': True, 'test_result_base': None}
[0.137s] Level 5:colcon.colcon_core.verb:set package 'franky_ros' build argument 'cmake_args' from command line to 'None'
[0.138s] Level 5:colcon.colcon_core.verb:set package 'franky_ros' build argument 'cmake_target' from command line to 'None'
[0.138s] Level 5:colcon.colcon_core.verb:set package 'franky_ros' build argument 'cmake_target_skip_unavailable' from command line to 'False'
[0.138s] Level 5:colcon.colcon_core.verb:set package 'franky_ros' build argument 'cmake_clean_cache' from command line to 'False'
[0.138s] Level 5:colcon.colcon_core.verb:set package 'franky_ros' build argument 'cmake_clean_first' from command line to 'False'
[0.138s] Level 5:colcon.colcon_core.verb:set package 'franky_ros' build argument 'cmake_force_configure' from command line to 'False'
[0.138s] Level 5:colcon.colcon_core.verb:set package 'franky_ros' build argument 'ament_cmake_args' from command line to 'None'
[0.138s] Level 5:colcon.colcon_core.verb:set package 'franky_ros' build argument 'catkin_cmake_args' from command line to 'None'
[0.138s] Level 5:colcon.colcon_core.verb:set package 'franky_ros' build argument 'catkin_skip_building_tests' from command line to 'False'
[0.138s] DEBUG:colcon.colcon_core.verb:Building package 'franky_ros' with the following arguments: {'ament_cmake_args': None, 'build_base': '/home/user/franka-docker/franka_ws/build/franky_ros', 'catkin_cmake_args': None, 'catkin_skip_building_tests': False, 'cmake_args': None, 'cmake_clean_cache': False, 'cmake_clean_first': False, 'cmake_force_configure': False, 'cmake_target': None, 'cmake_target_skip_unavailable': False, 'install_base': '/home/user/franka-docker/franka_ws/install/franky_ros', 'merge_install': False, 'path': '/home/user/franka-docker/franka_ws/src/franky_ros', 'symlink_install': True, 'test_result_base': None}
[0.138s] INFO:colcon.colcon_core.executor:Executing jobs using 'parallel' executor
[0.138s] DEBUG:colcon.colcon_parallel_executor.executor.parallel:run_until_complete
[0.139s] INFO:colcon.colcon_ros.task.ament_cmake.build:Building ROS package in '/home/user/franka-docker/franka_ws/src/franky_msgs' with build type 'ament_cmake'
[0.139s] INFO:colcon.colcon_cmake.task.cmake.build:Building CMake package in '/home/user/franka-docker/franka_ws/src/franky_msgs'
[0.140s] INFO:colcon.colcon_core.plugin_system:Skipping extension 'colcon_core.shell.bat': Not used on non-Windows systems
[0.140s] INFO:colcon.colcon_core.shell:Skip shell extension 'powershell' for command environment: Not usable outside of PowerShell
[0.140s] DEBUG:colcon.colcon_core.shell:Skip shell extension 'dsv' for command environment
[0.142s] INFO:colcon.colcon_ros.task.ament_python.build:Building ROS package in '/home/user/franka-docker/franka_ws/src/franky_ros' with build type 'ament_python'
[0.142s] Level 1:colcon.colcon_core.shell:create_environment_hook('franky_ros', 'ament_prefix_path')
[0.142s] INFO:colcon.colcon_core.shell:Creating environment hook '/home/user/franka-docker/franka_ws/install/franky_ros/share/franky_ros/hook/ament_prefix_path.ps1'
[0.143s] INFO:colcon.colcon_core.shell:Creating environment descriptor '/home/user/franka-docker/franka_ws/install/franky_ros/share/franky_ros/hook/ament_prefix_path.dsv'
[0.143s] INFO:colcon.colcon_core.shell:Creating environment hook '/home/user/franka-docker/franka_ws/install/franky_ros/share/franky_ros/hook/ament_prefix_path.sh'
[0.143s] INFO:colcon.colcon_core.shell:Skip shell extension 'powershell' for command environment: Not usable outside of PowerShell
[0.143s] DEBUG:colcon.colcon_core.shell:Skip shell extension 'dsv' for command environment
[0.148s] DEBUG:colcon.colcon_core.event_handler.log_command:Invoking command in '/home/user/franka-docker/franka_ws/build/franky_msgs': CMAKE_PREFIX_PATH=${CMAKE_PREFIX_PATH}:/home/user/franka-docker/franka_ws/install/franky_ros:/opt/ros/humble /usr/bin/cmake --build /home/user/franka-docker/franka_ws/build/franky_msgs -- -j24 -l24
[0.251s] INFO:colcon.colcon_core.task.python.build:Building Python package in '/home/user/franka-docker/franka_ws/src/franky_ros'
[0.251s] INFO:colcon.colcon_core.shell:Skip shell extension 'powershell' for command environment: Not usable outside of PowerShell
[0.251s] DEBUG:colcon.colcon_core.shell:Skip shell extension 'dsv' for command environment
[0.375s] DEBUG:colcon.colcon_core.event_handler.log_command:Invoking command in '/home/user/franka-docker/franka_ws/build/franky_ros': PYTHONPATH=/home/user/franka-docker/franka_ws/build/franky_ros/prefix_override:/usr/lib/python3/dist-packages/colcon_core/task/python/colcon_distutils_commands:/home/user/franka-docker/franka_ws/install/franky_ros/lib/python3.10/site-packages:${PYTHONPATH} /usr/bin/python3 -W ignore:setup.py install is deprecated -W ignore:easy_install command is deprecated setup.py develop --editable --build-directory /home/user/franka-docker/franka_ws/build/franky_ros/build --no-deps symlink_data
[0.521s] Level 1:colcon.colcon_core.shell:create_environment_hook('franky_ros', 'pythonpath_develop')
[0.521s] INFO:colcon.colcon_core.shell:Creating environment hook '/home/user/franka-docker/franka_ws/build/franky_ros/share/franky_ros/hook/pythonpath_develop.ps1'
[0.521s] DEBUG:colcon.colcon_core.event_handler.log_command:Invoked command in '/home/user/franka-docker/franka_ws/build/franky_ros' returned '0': PYTHONPATH=/home/user/franka-docker/franka_ws/build/franky_ros/prefix_override:/usr/lib/python3/dist-packages/colcon_core/task/python/colcon_distutils_commands:/home/user/franka-docker/franka_ws/install/franky_ros/lib/python3.10/site-packages:${PYTHONPATH} /usr/bin/python3 -W ignore:setup.py install is deprecated -W ignore:easy_install command is deprecated setup.py develop --editable --build-directory /home/user/franka-docker/franka_ws/build/franky_ros/build --no-deps symlink_data
[0.522s] INFO:colcon.colcon_core.shell:Creating environment descriptor '/home/user/franka-docker/franka_ws/build/franky_ros/share/franky_ros/hook/pythonpath_develop.dsv'
[0.522s] INFO:colcon.colcon_core.shell:Creating environment hook '/home/user/franka-docker/franka_ws/build/franky_ros/share/franky_ros/hook/pythonpath_develop.sh'
[0.523s] Level 1:colcon.colcon_core.environment:checking '/home/user/franka-docker/franka_ws/install/franky_ros' for CMake module files
[0.530s] Level 1:colcon.colcon_core.environment:checking '/home/user/franka-docker/franka_ws/install/franky_ros' for CMake config files
[0.530s] Level 1:colcon.colcon_core.environment:checking '/home/user/franka-docker/franka_ws/install/franky_ros/lib'
[0.530s] Level 1:colcon.colcon_core.environment:checking '/home/user/franka-docker/franka_ws/install/franky_ros/bin'
[0.530s] Level 1:colcon.colcon_core.environment:checking '/home/user/franka-docker/franka_ws/install/franky_ros/lib/pkgconfig/franky_ros.pc'
[0.530s] Level 1:colcon.colcon_core.environment:checking '/home/user/franka-docker/franka_ws/install/franky_ros/lib/python3.10/site-packages'
[0.530s] Level 1:colcon.colcon_core.shell:create_environment_hook('franky_ros', 'pythonpath')
[0.530s] INFO:colcon.colcon_core.shell:Creating environment hook '/home/user/franka-docker/franka_ws/install/franky_ros/share/franky_ros/hook/pythonpath.ps1'
[0.531s] INFO:colcon.colcon_core.shell:Creating environment descriptor '/home/user/franka-docker/franka_ws/install/franky_ros/share/franky_ros/hook/pythonpath.dsv'
[0.531s] INFO:colcon.colcon_core.shell:Creating environment hook '/home/user/franka-docker/franka_ws/install/franky_ros/share/franky_ros/hook/pythonpath.sh'
[0.531s] Level 1:colcon.colcon_core.environment:checking '/home/user/franka-docker/franka_ws/install/franky_ros/bin'
[0.531s] Level 1:colcon.colcon_core.environment:create_environment_scripts_only(franky_ros)
[0.531s] INFO:colcon.colcon_core.shell:Creating package script '/home/user/franka-docker/franka_ws/install/franky_ros/share/franky_ros/package.ps1'
[0.532s] INFO:colcon.colcon_core.shell:Creating package descriptor '/home/user/franka-docker/franka_ws/install/franky_ros/share/franky_ros/package.dsv'
[0.532s] INFO:colcon.colcon_core.shell:Creating package script '/home/user/franka-docker/franka_ws/install/franky_ros/share/franky_ros/package.sh'
[0.532s] INFO:colcon.colcon_core.shell:Creating package script '/home/user/franka-docker/franka_ws/install/franky_ros/share/franky_ros/package.bash'
[0.532s] INFO:colcon.colcon_core.shell:Creating package script '/home/user/franka-docker/franka_ws/install/franky_ros/share/franky_ros/package.zsh'
[0.532s] Level 1:colcon.colcon_core.environment:create_file_with_runtime_dependencies(/home/user/franka-docker/franka_ws/install/franky_ros/share/colcon-core/packages/franky_ros)
[2.072s] DEBUG:colcon.colcon_core.event_handler.log_command:Invoked command in '/home/user/franka-docker/franka_ws/build/franky_msgs' returned '0': CMAKE_PREFIX_PATH=${CMAKE_PREFIX_PATH}:/home/user/franka-docker/franka_ws/install/franky_ros:/opt/ros/humble /usr/bin/cmake --build /home/user/franka-docker/franka_ws/build/franky_msgs -- -j24 -l24
[2.076s] DEBUG:colcon.colcon_core.event_handler.log_command:Invoking command in '/home/user/franka-docker/franka_ws/build/franky_msgs': CMAKE_PREFIX_PATH=${CMAKE_PREFIX_PATH}:/home/user/franka-docker/franka_ws/install/franky_ros:/opt/ros/humble /usr/bin/cmake --install /home/user/franka-docker/franka_ws/build/franky_msgs
[2.173s] Level 1:colcon.colcon_core.environment:create_environment_scripts_only(franky_msgs)
[2.173s] Level 1:colcon.colcon_core.environment:checking '/home/user/franka-docker/franka_ws/install/franky_msgs' for CMake module files
[2.174s] DEBUG:colcon.colcon_core.event_handler.log_command:Invoked command in '/home/user/franka-docker/franka_ws/build/franky_msgs' returned '0': CMAKE_PREFIX_PATH=${CMAKE_PREFIX_PATH}:/home/user/franka-docker/franka_ws/install/franky_ros:/opt/ros/humble /usr/bin/cmake --install /home/user/franka-docker/franka_ws/build/franky_msgs
[2.174s] Level 1:colcon.colcon_core.environment:checking '/home/user/franka-docker/franka_ws/install/franky_msgs' for CMake config files
[2.175s] Level 1:colcon.colcon_core.shell:create_environment_hook('franky_msgs', 'cmake_prefix_path')
[2.175s] INFO:colcon.colcon_core.shell:Creating environment hook '/home/user/franka-docker/franka_ws/install/franky_msgs/share/franky_msgs/hook/cmake_prefix_path.ps1'
[2.175s] INFO:colcon.colcon_core.shell:Creating environment descriptor '/home/user/franka-docker/franka_ws/install/franky_msgs/share/franky_msgs/hook/cmake_prefix_path.dsv'
[2.175s] INFO:colcon.colcon_core.shell:Creating environment hook '/home/user/franka-docker/franka_ws/install/franky_msgs/share/franky_msgs/hook/cmake_prefix_path.sh'
[2.175s] Level 1:colcon.colcon_core.environment:checking '/home/user/franka-docker/franka_ws/install/franky_msgs/lib'
[2.175s] Level 1:colcon.colcon_core.shell:create_environment_hook('franky_msgs', 'ld_library_path_lib')
[2.176s] INFO:colcon.colcon_core.shell:Creating environment hook '/home/user/franka-docker/franka_ws/install/franky_msgs/share/franky_msgs/hook/ld_library_path_lib.ps1'
[2.176s] INFO:colcon.colcon_core.shell:Creating environment descriptor '/home/user/franka-docker/franka_ws/install/franky_msgs/share/franky_msgs/hook/ld_library_path_lib.dsv'
[2.176s] INFO:colcon.colcon_core.shell:Creating environment hook '/home/user/franka-docker/franka_ws/install/franky_msgs/share/franky_msgs/hook/ld_library_path_lib.sh'
[2.176s] Level 1:colcon.colcon_core.environment:checking '/home/user/franka-docker/franka_ws/install/franky_msgs/bin'
[2.176s] Level 1:colcon.colcon_core.environment:checking '/home/user/franka-docker/franka_ws/install/franky_msgs/lib/pkgconfig/franky_msgs.pc'
[2.176s] Level 1:colcon.colcon_core.environment:checking '/home/user/franka-docker/franka_ws/install/franky_msgs/lib/python3.10/site-packages'
[2.176s] Level 1:colcon.colcon_core.environment:checking '/home/user/franka-docker/franka_ws/install/franky_msgs/bin'
[2.176s] INFO:colcon.colcon_core.shell:Creating package script '/home/user/franka-docker/franka_ws/install/franky_msgs/share/franky_msgs/package.ps1'
[2.177s] INFO:colcon.colcon_core.shell:Creating package descriptor '/home/user/franka-docker/franka_ws/install/franky_msgs/share/franky_msgs/package.dsv'
[2.177s] INFO:colcon.colcon_core.shell:Creating package script '/home/user/franka-docker/franka_ws/install/franky_msgs/share/franky_msgs/package.sh'
[2.177s] INFO:colcon.colcon_core.shell:Creating package script '/home/user/franka-docker/franka_ws/install/franky_msgs/share/franky_msgs/package.bash'
[2.177s] INFO:colcon.colcon_core.shell:Creating package script '/home/user/franka-docker/franka_ws/install/franky_msgs/share/franky_msgs/package.zsh'
[2.177s] Level 1:colcon.colcon_core.environment:create_file_with_runtime_dependencies(/home/user/franka-docker/franka_ws/install/franky_msgs/share/colcon-core/packages/franky_msgs)
[2.178s] Level 1:colcon.colcon_core.environment:create_environment_scripts_only(franky_msgs)
[2.178s] Level 1:colcon.colcon_core.environment:checking '/home/user/franka-docker/franka_ws/install/franky_msgs' for CMake module files
[2.178s] Level 1:colcon.colcon_core.environment:checking '/home/user/franka-docker/franka_ws/install/franky_msgs' for CMake config files
[2.178s] Level 1:colcon.colcon_core.shell:create_environment_hook('franky_msgs', 'cmake_prefix_path')
[2.178s] INFO:colcon.colcon_core.shell:Creating environment hook '/home/user/franka-docker/franka_ws/install/franky_msgs/share/franky_msgs/hook/cmake_prefix_path.ps1'
[2.178s] INFO:colcon.colcon_core.shell:Creating environment descriptor '/home/user/franka-docker/franka_ws/install/franky_msgs/share/franky_msgs/hook/cmake_prefix_path.dsv'
[2.179s] INFO:colcon.colcon_core.shell:Creating environment hook '/home/user/franka-docker/franka_ws/install/franky_msgs/share/franky_msgs/hook/cmake_prefix_path.sh'
[2.179s] Level 1:colcon.colcon_core.environment:checking '/home/user/franka-docker/franka_ws/install/franky_msgs/lib'
[2.179s] Level 1:colcon.colcon_core.shell:create_environment_hook('franky_msgs', 'ld_library_path_lib')
[2.179s] INFO:colcon.colcon_core.shell:Creating environment hook '/home/user/franka-docker/franka_ws/install/franky_msgs/share/franky_msgs/hook/ld_library_path_lib.ps1'
[2.179s] INFO:colcon.colcon_core.shell:Creating environment descriptor '/home/user/franka-docker/franka_ws/install/franky_msgs/share/franky_msgs/hook/ld_library_path_lib.dsv'
[2.179s] INFO:colcon.colcon_core.shell:Creating environment hook '/home/user/franka-docker/franka_ws/install/franky_msgs/share/franky_msgs/hook/ld_library_path_lib.sh'
[2.179s] Level 1:colcon.colcon_core.environment:checking '/home/user/franka-docker/franka_ws/install/franky_msgs/bin'
[2.179s] Level 1:colcon.colcon_core.environment:checking '/home/user/franka-docker/franka_ws/install/franky_msgs/lib/pkgconfig/franky_msgs.pc'
[2.179s] Level 1:colcon.colcon_core.environment:checking '/home/user/franka-docker/franka_ws/install/franky_msgs/lib/python3.10/site-packages'
[2.180s] Level 1:colcon.colcon_core.environment:checking '/home/user/franka-docker/franka_ws/install/franky_msgs/bin'
[2.180s] INFO:colcon.colcon_core.shell:Creating package script '/home/user/franka-docker/franka_ws/install/franky_msgs/share/franky_msgs/package.ps1'
[2.180s] INFO:colcon.colcon_core.shell:Creating package descriptor '/home/user/franka-docker/franka_ws/install/franky_msgs/share/franky_msgs/package.dsv'
[2.180s] INFO:colcon.colcon_core.shell:Creating package script '/home/user/franka-docker/franka_ws/install/franky_msgs/share/franky_msgs/package.sh'
[2.180s] INFO:colcon.colcon_core.shell:Creating package script '/home/user/franka-docker/franka_ws/install/franky_msgs/share/franky_msgs/package.bash'
[2.180s] INFO:colcon.colcon_core.shell:Creating package script '/home/user/franka-docker/franka_ws/install/franky_msgs/share/franky_msgs/package.zsh'
[2.180s] Level 1:colcon.colcon_core.environment:create_file_with_runtime_dependencies(/home/user/franka-docker/franka_ws/install/franky_msgs/share/colcon-core/packages/franky_msgs)
[2.180s] DEBUG:colcon.colcon_parallel_executor.executor.parallel:closing loop
[2.181s] DEBUG:colcon.colcon_parallel_executor.executor.parallel:loop closed
[2.181s] DEBUG:colcon.colcon_parallel_executor.executor.parallel:run_until_complete finished with '0'
[2.181s] DEBUG:colcon.colcon_core.event_reactor:joining thread
[2.183s] INFO:colcon.colcon_core.plugin_system:Skipping extension 'colcon_notification.desktop_notification.notify_send': Could not find 'notify-send'
[2.183s] INFO:colcon.colcon_core.plugin_system:Skipping extension 'colcon_notification.desktop_notification.terminal_notifier': Not used on non-Darwin systems
[2.183s] INFO:colcon.colcon_core.plugin_system:Skipping extension 'colcon_notification.desktop_notification.win32': Not used on non-Windows systems
[2.183s] INFO:colcon.colcon_notification.desktop_notification:Sending desktop notification using 'notify2'
[2.185s] DEBUG:colcon.colcon_notification.desktop_notification.notify2:Failed to initialize notify2: org.freedesktop.DBus.Error.Spawn.ExecFailed: /usr/bin/dbus-launch terminated abnormally without any error message
[2.185s] DEBUG:colcon.colcon_core.event_reactor:joined thread
[2.185s] INFO:colcon.colcon_core.shell:Creating prefix script '/home/user/franka-docker/franka_ws/install/local_setup.ps1'
[2.186s] INFO:colcon.colcon_core.shell:Creating prefix util module '/home/user/franka-docker/franka_ws/install/_local_setup_util_ps1.py'
[2.186s] INFO:colcon.colcon_core.shell:Creating prefix chain script '/home/user/franka-docker/franka_ws/install/setup.ps1'
[2.186s] INFO:colcon.colcon_core.shell:Creating prefix script '/home/user/franka-docker/franka_ws/install/local_setup.sh'
[2.187s] INFO:colcon.colcon_core.shell:Creating prefix util module '/home/user/franka-docker/franka_ws/install/_local_setup_util_sh.py'
[2.187s] INFO:colcon.colcon_core.shell:Creating prefix chain script '/home/user/franka-docker/franka_ws/install/setup.sh'
[2.187s] INFO:colcon.colcon_core.shell:Creating prefix script '/home/user/franka-docker/franka_ws/install/local_setup.bash'
[2.188s] INFO:colcon.colcon_core.shell:Creating prefix chain script '/home/user/franka-docker/franka_ws/install/setup.bash'
[2.188s] INFO:colcon.colcon_core.shell:Creating prefix script '/home/user/franka-docker/franka_ws/install/local_setup.zsh'
[2.188s] INFO:colcon.colcon_core.shell:Creating prefix chain script '/home/user/franka-docker/franka_ws/install/setup.zsh'
